Using pre-set license
Built from '6000.0/staging' branch; Version is '6000.0.30f1 (62b05ba0686a) revision 6467675'; Using compiler version '193933523'; Build Type 'Release'
OS: 'Windows 10  (10.0.19045) 64bit Education' Language: 'en' Physical Memory: 16304 MB
BatchMode: 1, IsHumanControllingUs: 0, StartBugReporterOnCrash: 0, Is64bit: 1, IsPro: 1

COMMAND LINE ARGUMENTS:
C:\Program Files\Unity\Hub\Editor\6000.0.30f1\Editor\Unity.exe
-adb2
-batchMode
-noUpm
-name
AssetImportWorker1
-projectPath
D:/UnityProjects/InstrumentumPandemonium
-logFile
Logs/AssetImportWorker1.log
-srvPort
58533
-job-worker-count
7
-background-job-worker-count
8
-asset-garbage-collectors
1
Successfully changed project path to: D:/UnityProjects/InstrumentumPandemonium
D:/UnityProjects/InstrumentumPandemonium
[UnityMemory] Configuration Parameters - Can be set up in boot.config
    "memorysetup-bucket-allocator-granularity=16"
    "memorysetup-bucket-allocator-bucket-count=8"
    "memorysetup-bucket-allocator-block-size=33554432"
    "memorysetup-bucket-allocator-block-count=8"
    "memorysetup-main-allocator-block-size=16777216"
    "memorysetup-thread-allocator-block-size=16777216"
    "memorysetup-gfx-main-allocator-block-size=16777216"
    "memorysetup-gfx-thread-allocator-block-size=16777216"
    "memorysetup-cache-allocator-block-size=4194304"
    "memorysetup-typetree-allocator-block-size=2097152"
    "memorysetup-profiler-bucket-allocator-granularity=16"
    "memorysetup-profiler-bucket-allocator-bucket-count=8"
    "memorysetup-profiler-bucket-allocator-block-size=33554432"
    "memorysetup-profiler-bucket-allocator-block-count=8"
    "memorysetup-profiler-allocator-block-size=16777216"
    "memorysetup-profiler-editor-allocator-block-size=1048576"
    "memorysetup-temp-allocator-size-main=16777216"
    "memorysetup-job-temp-allocator-block-size=2097152"
    "memorysetup-job-temp-allocator-block-size-background=1048576"
    "memorysetup-job-temp-allocator-reduction-small-platforms=262144"
    "memorysetup-allocator-temp-initial-block-size-main=262144"
    "memorysetup-allocator-temp-initial-block-size-worker=262144"
    "memorysetup-temp-allocator-size-background-worker=32768"
    "memorysetup-temp-allocator-size-job-worker=262144"
    "memorysetup-temp-allocator-size-preload-manager=33554432"
    "memorysetup-temp-allocator-size-nav-mesh-worker=65536"
    "memorysetup-temp-allocator-size-audio-worker=65536"
    "memorysetup-temp-allocator-size-cloud-worker=32768"
    "memorysetup-temp-allocator-size-gi-baking-worker=262144"
    "memorysetup-temp-allocator-size-gi-baking-worker=262144"
    "memorysetup-temp-allocator-size-gi-baking-worker=262144"
    "memorysetup-temp-allocator-size-gi-baking-worker=262144"
    "memorysetup-temp-allocator-size-gi-baking-worker=262144"
    "memorysetup-temp-allocator-size-gfx=262144"
Player connection [14052]  Target information:

Player connection [14052]  * "[IP] 192.168.1.77 [Port] 0 [Flags] 2 [Guid] 2970466356 [EditorId] 2970466356 [Version] 1048832 [Id] WindowsEditor(7,DESKTOP-65P1NK5) [Debug] 1 [PackageName] WindowsEditor [ProjectName] Editor" 

Player connection [14052] Host joined multi-casting on [225.0.0.222:54997]...
Player connection [14052] Host joined alternative multi-casting on [225.0.0.222:34997]...
JobSystem: Creating JobQueue using job-worker-count value 7
[Physics::Module] Initialized fallback backend.
[Physics::Module] Id: 0xdecafbad
Library Redirect Path: Library/
[Physics::Module] Selected backend.
[Physics::Module] Name: PhysX
[Physics::Module] Id: 0xf2b8ea05
[Physics::Module] SDK Version: 4.1.2
[Physics::Module] Integration Version: 1.0.0
[Physics::Module] Threading Mode: Multi-Threaded
Refreshing native plugins compatible for Editor in 250.19 ms, found 4 plugins.
Preloading 0 native plugins for Editor in 0.00 ms.
Initialize engine version: 6000.0.30f1 (62b05ba0686a)
[Subsystems] Discovering subsystems at path C:/Program Files/Unity/Hub/Editor/6000.0.30f1/Editor/Data/Resources/UnitySubsystems
[Subsystems] Discovering subsystems at path D:/UnityProjects/InstrumentumPandemonium/Assets
GfxDevice: creating device client; kGfxThreadingModeNonThreaded
Direct3D:
    Version:  Direct3D 11.0 [level 11.1]
    Renderer: NVIDIA GeForce RTX 2060 (ID=0x1f08)
    Vendor:   NVIDIA
    VRAM:     5954 MB
    Driver:   32.0.15.7270
Initialize mono
Mono path[0] = 'C:/Program Files/Unity/Hub/Editor/6000.0.30f1/Editor/Data/Managed'
Mono path[1] = 'C:/Program Files/Unity/Hub/Editor/6000.0.30f1/Editor/Data/MonoBleedingEdge/lib/mono/unityjit-win32'
Mono config path = 'C:/Program Files/Unity/Hub/Editor/6000.0.30f1/Editor/Data/MonoBleedingEdge/etc'
Using monoOptions --debugger-agent=transport=dt_socket,embedding=1,server=y,suspend=n,address=127.0.0.1:56876
Begin MonoManager ReloadAssembly
Registering precompiled unity dll's ...
Register platform support module: C:/Program Files/Unity/Hub/Editor/6000.0.30f1/Editor/Data/PlaybackEngines/WindowsStandaloneSupport/UnityEditor.WindowsStandalone.Extensions.dll
Registered in 0.517684 seconds.
- Loaded All Assemblies, in 15.633 seconds
Native extension for WindowsStandalone target not found
Mono: successfully reloaded assembly
- Finished resetting the current domain, in  0.655 seconds
Domain Reload Profiling: 16278ms
	BeginReloadAssembly (11821ms)
		ExecutionOrderSort (0ms)
		DisableScriptedObjects (0ms)
		BackupInstance (0ms)
		ReleaseScriptingObjects (0ms)
		CreateAndSetChildDomain (1ms)
	RebuildCommonClasses (990ms)
	RebuildNativeTypeToScriptingClass (20ms)
	initialDomainReloadingComplete (622ms)
	LoadAllAssembliesAndSetupDomain (2170ms)
		LoadAssemblies (11814ms)
		RebuildTransferFunctionScriptingTraits (0ms)
		AnalyzeDomain (2164ms)
			TypeCache.Refresh (2160ms)
				TypeCache.ScanAssembly (1681ms)
			BuildScriptInfoCaches (0ms)
			ResolveRequiredComponents (1ms)
	FinalizeReload (655ms)
		ReleaseScriptCaches (0ms)
		RebuildScriptCaches (0ms)
		SetupLoadedEditorAssemblies (552ms)
			LogAssemblyErrors (0ms)
			InitializePlatformSupportModulesInManaged (62ms)
			SetLoadedEditorAssemblies (9ms)
			BeforeProcessingInitializeOnLoad (97ms)
			ProcessInitializeOnLoadAttributes (266ms)
			ProcessInitializeOnLoadMethodAttributes (119ms)
			AfterProcessingInitializeOnLoad (0ms)
			EditorAssembliesLoaded (0ms)
		ExecutionOrderSort2 (0ms)
		AwakeInstancesAfterBackupRestoration (0ms)
Assembly reference Packages/com.unity.entities/Unity.Scenes.Editor/Internals/Properties/Unity.Properties.Internals.asmref has no target assembly definition
========================================================================
Worker process is ready to serve import requests
Import Worker Mode flag is 0x00
Assembly reference Packages/com.unity.entities/Unity.Scenes.Editor/Internals/Properties/Unity.Properties.Internals.asmref has no target assembly definition
Assembly reference Packages/com.unity.entities/Unity.Scenes.Editor/Internals/Properties/Unity.Properties.Internals.asmref has no target assembly definition
Begin MonoManager ReloadAssembly
Symbol file LoadedFromMemory is not a mono symbol file
- Loaded All Assemblies, in 18.667 seconds
Assembly reference Packages/com.unity.entities/Unity.Scenes.Editor/Internals/Properties/Unity.Properties.Internals.asmref has no target assembly definition
Refreshing native plugins compatible for Editor in 1.97 ms, found 4 plugins.
Native extension for WindowsStandalone target not found
Assembly reference Packages/com.unity.entities/Unity.Scenes.Editor/Internals/Properties/Unity.Properties.Internals.asmref has no target assembly definition
[MODES] ModeService[none].Initialize
[MODES] ModeService[none].LoadModes
[MODES] Loading mode Default (0) for mode-current-id-InstrumentumPandemonium
TypeManager.Initialize took: 644ms
System.Reflection.TargetInvocationException: Exception has been thrown by the target of an invocation. ---> System.NullReferenceException: Object reference not set to an instance of an object
  at Unity.Multiplayer.Playmode.Workflow.Editor.ProjectDataStore..ctor (System.String directory) [0x0006e] in .\Library\PackageCache\com.unity.multiplayer.playmode\Workflow\Editor\Configuration\ProjectDataStore.cs:55 
  at Unity.Multiplayer.Playmode.Workflow.Editor.ProjectDataStore.GetMain () [0x00000] in .\Library\PackageCache\com.unity.multiplayer.playmode\Workflow\Editor\Configuration\ProjectDataStore.cs:36 
  at Unity.Multiplayer.Playmode.Workflow.Editor.WorkflowMainEditorContext..ctor (Unity.Multiplayer.Playmode.VirtualProjects.Editor.MainEditorContext mainEditorContext) [0x0002c] in .\Library\PackageCache\com.unity.multiplayer.playmode\Workflow\Editor\Contexts\WorkflowMainEditorContext.cs:15 
  at Unity.Multiplayer.Playmode.Workflow.Editor.VirtualProjectWorkflow.InitializeMPPMContexts () [0x00018] in .\Library\PackageCache\com.unity.multiplayer.playmode\Workflow\Editor\Workflow\VirtualProjectWorkflow.cs:198 
  at Unity.Multiplayer.Playmode.Workflow.Editor.VirtualProjectWorkflow+<>c.<.cctor>b__22_0 () [0x00036] in .\Library\PackageCache\com.unity.multiplayer.playmode\Workflow\Editor\Workflow\VirtualProjectWorkflow.cs:85 
  at Unity.Multiplayer.Playmode.VirtualProjects.Editor.EditorContexts.SendReadyEvent () [0x00038] in .\Library\PackageCache\com.unity.multiplayer.playmode\VirtualProjects\Editor\Contexts\EditorContexts.cs:56 
  at (wrapper managed-to-native) System.Reflection.RuntimeMethodInfo.InternalInvoke(System.Reflection.RuntimeMethodInfo,object,object[],System.Exception&)
  at System.Reflection.RuntimeMethodInfo.Invoke (System.Object obj, System.Reflection.BindingFlags invokeAttr, System.Reflection.Binder binder, System.Object[] parameters, System.Globalization.CultureInfo culture) [0x0006a] in <ed969b0e627d471da4848289f9c322df>:0 
   --- End of inner exception stack trace ---
  at System.Reflection.RuntimeMethodInfo.Invoke (System.Object obj, System.Reflection.BindingFlags invokeAttr, System.Reflection.Binder binder, System.Object[] parameters, System.Globalization.CultureInfo culture) [0x00083] in <ed969b0e627d471da4848289f9c322df>:0 
  at System.Reflection.MethodBase.Invoke (System.Object obj, System.Object[] parameters) [0x00000] in <ed969b0e627d471da4848289f9c322df>:0 
  at UnityEditor.EditorAssemblies.ProcessInitializeOnLoadMethodAttributes () [0x00056] in <4e9c48eedf6f482fa439ccf335631481>:0 
UnityEngine.Debug:ExtractStackTraceNoAlloc (byte*,int,string)
UnityEngine.StackTraceUtility:ExtractStackTrace ()
UnityEngine.DebugLogHandler:Internal_Log (UnityEngine.LogType,UnityEngine.LogOption,string,UnityEngine.Object)
UnityEngine.DebugLogHandler:LogFormat (UnityEngine.LogType,UnityEngine.Object,string,object[])
UnityEngine.Logger:Log (UnityEngine.LogType,object)
UnityEngine.Debug:LogError (object)
UnityEditor.EditorAssemblies:ProcessInitializeOnLoadMethodAttributes ()

Mono: successfully reloaded assembly
- Finished resetting the current domain, in  3.286 seconds
Domain Reload Profiling: 21947ms
	BeginReloadAssembly (277ms)
		ExecutionOrderSort (0ms)
		DisableScriptedObjects (10ms)
		BackupInstance (0ms)
		ReleaseScriptingObjects (0ms)
		CreateAndSetChildDomain (43ms)
	RebuildCommonClasses (63ms)
	RebuildNativeTypeToScriptingClass (19ms)
	initialDomainReloadingComplete (68ms)
	LoadAllAssembliesAndSetupDomain (18234ms)
		LoadAssemblies (16708ms)
		RebuildTransferFunctionScriptingTraits (0ms)
		AnalyzeDomain (1696ms)
			TypeCache.Refresh (1525ms)
				TypeCache.ScanAssembly (1409ms)
			BuildScriptInfoCaches (147ms)
			ResolveRequiredComponents (21ms)
	FinalizeReload (3287ms)
		ReleaseScriptCaches (0ms)
		RebuildScriptCaches (0ms)
		SetupLoadedEditorAssemblies (2607ms)
			LogAssemblyErrors (0ms)
			InitializePlatformSupportModulesInManaged (4ms)
			SetLoadedEditorAssemblies (8ms)
			BeforeProcessingInitializeOnLoad (221ms)
			ProcessInitializeOnLoadAttributes (1604ms)
			ProcessInitializeOnLoadMethodAttributes (759ms)
			AfterProcessingInitializeOnLoad (11ms)
			EditorAssembliesLoaded (1ms)
		ExecutionOrderSort2 (0ms)
		AwakeInstancesAfterBackupRestoration (12ms)
Launched and connected shader compiler UnityShaderCompiler.exe after 0.07 seconds
Refreshing native plugins compatible for Editor in 3.23 ms, found 4 plugins.
Preloading 0 native plugins for Editor in 0.00 ms.
Unloading 218 Unused Serialized files (Serialized files now loaded: 0)
Unloading 8652 unused Assets / (5.6 MB). Loaded Objects now: 9327.
Memory consumption went from 189.3 MB to 183.7 MB.
Total: 22.939200 ms (FindLiveObjects: 1.891200 ms CreateObjectMapping: 0.815200 ms MarkObjects: 14.007600 ms  DeleteObjects: 6.220900 ms)

========================================================================
Received Import Request.
  Time since last request: 2026992.851879 seconds.
  path: Assets/Models/soldier/player_character.prefab
  artifactKey: Guid(b33783ce9e7c47c4fae1233489b48fa4) Importer(815301076,1909f56bfc062723c751e8b465ee728b)
Start importing Assets/Models/soldier/player_character.prefab using Guid(b33783ce9e7c47c4fae1233489b48fa4) Importer(815301076,1909f56bfc062723c751e8b465ee728b) (PreviewImporter) -> (artifact id: '0f3077f95a851351b35723595f73b983') in 0.9594011 seconds
Number of updated asset objects reloaded before import = 0Number of asset objects unloaded after import = 545

========================================================================
Received Import Request.
  Time since last request: 4.433318 seconds.
  path: Assets/Cutscenes/wind.wav
  artifactKey: Guid(264c5871de2020f4db19d457d3c70417) Importer(815301076,1909f56bfc062723c751e8b465ee728b)
Start importing Assets/Cutscenes/wind.wav using Guid(264c5871de2020f4db19d457d3c70417) Importer(815301076,1909f56bfc062723c751e8b465ee728b) (PreviewImporter) -> (artifact id: 'b809583a36204fc493b361bb312a0552') in 0.0461063 seconds
Number of updated asset objects reloaded before import = 0Number of asset objects unloaded after import = 2

========================================================================
Received Import Request.
  Time since last request: 2555.778490 seconds.
  path: Assets/Models/soldier/player_character.prefab
  artifactKey: Guid(b33783ce9e7c47c4fae1233489b48fa4) Importer(815301076,1909f56bfc062723c751e8b465ee728b)
Start importing Assets/Models/soldier/player_character.prefab using Guid(b33783ce9e7c47c4fae1233489b48fa4) Importer(815301076,1909f56bfc062723c751e8b465ee728b) (PreviewImporter) -> (artifact id: 'a4ce9663233a2332abdd3b36274bf085') in 0.1368605 seconds
Number of updated asset objects reloaded before import = 0Number of asset objects unloaded after import = 545

========================================================================
Received Import Request.
  Time since last request: 379.026160 seconds.
  path: Assets/Cutscenes/705490__artninja__shredder_2012_inspired_armor_footstep_w_boots_on_floor.mp3
  artifactKey: Guid(ce7dcd3bcf19f284aac24d7c547640ff) Importer(815301076,1909f56bfc062723c751e8b465ee728b)
Start importing Assets/Cutscenes/705490__artninja__shredder_2012_inspired_armor_footstep_w_boots_on_floor.mp3 using Guid(ce7dcd3bcf19f284aac24d7c547640ff) Importer(815301076,1909f56bfc062723c751e8b465ee728b) (PreviewImporter) -> (artifact id: 'a2da638cf1fc3bfbb6d4b93a1c248e02') in 0.0296672 seconds
Number of updated asset objects reloaded before import = 0Number of asset objects unloaded after import = 2

========================================================================
Received Prepare
Refreshing native plugins compatible for Editor in 3.57 ms, found 4 plugins.
Preloading 0 native plugins for Editor in 0.00 ms.
Unloading 18 Unused Serialized files (Serialized files now loaded: 0)
Unloading 19 unused Assets / (2.1 MB). Loaded Objects now: 9481.
Memory consumption went from 173.2 MB to 171.0 MB.
Total: 204.145000 ms (FindLiveObjects: 2.961500 ms CreateObjectMapping: 1.753100 ms MarkObjects: 197.024600 ms  DeleteObjects: 2.401800 ms)

Prepare: number of updated asset objects reloaded= 0
========================================================================
Received Import Request.
  Time since last request: 2186.542330 seconds.
  path: Assets/Models/intro/side.mat
  artifactKey: Guid(17d8a09b24df7e648a6a03e7c5db4558) Importer(815301076,1909f56bfc062723c751e8b465ee728b)
Start importing Assets/Models/intro/side.mat using Guid(17d8a09b24df7e648a6a03e7c5db4558) Importer(815301076,1909f56bfc062723c751e8b465ee728b) (PreviewImporter) -> (artifact id: '1ca96ed429c57db95cf47f8055eccdc8') in 0.1886709 seconds
Number of updated asset objects reloaded before import = 0Number of asset objects unloaded after import = 2

========================================================================
Received Import Request.
  Time since last request: 2254.296542 seconds.
  path: Assets/Models/soldier/player_character.prefab
  artifactKey: Guid(b33783ce9e7c47c4fae1233489b48fa4) Importer(815301076,1909f56bfc062723c751e8b465ee728b)
Start importing Assets/Models/soldier/player_character.prefab using Guid(b33783ce9e7c47c4fae1233489b48fa4) Importer(815301076,1909f56bfc062723c751e8b465ee728b) (PreviewImporter) -> (artifact id: '6854197fc5d2e9b73ec15ac7bbb69c9b') in 0.0929861 seconds
Number of updated asset objects reloaded before import = 0Number of asset objects unloaded after import = 549

========================================================================
Received Import Request.
  Time since last request: 81.013656 seconds.
  path: Assets/Models/soldier/player_character.prefab
  artifactKey: Guid(b33783ce9e7c47c4fae1233489b48fa4) Importer(815301076,1909f56bfc062723c751e8b465ee728b)
Start importing Assets/Models/soldier/player_character.prefab using Guid(b33783ce9e7c47c4fae1233489b48fa4) Importer(815301076,1909f56bfc062723c751e8b465ee728b) (PreviewImporter) -> (artifact id: '558e2a1a0168612c040aa4b5070b1145') in 0.0613021 seconds
Number of updated asset objects reloaded before import = 0Number of asset objects unloaded after import = 549

========================================================================
Received Import Request.
  Time since last request: 86.655057 seconds.
  path: Assets/Cutscenes/Mature/2.1 ForNearlyJustAsLong-Mature.mp3
  artifactKey: Guid(783e65bded02b464fa400681eda8c964) Importer(815301076,1909f56bfc062723c751e8b465ee728b)
Start importing Assets/Cutscenes/Mature/2.1 ForNearlyJustAsLong-Mature.mp3 using Guid(783e65bded02b464fa400681eda8c964) Importer(815301076,1909f56bfc062723c751e8b465ee728b) (PreviewImporter) -> (artifact id: '302dce52abc3a82e5938a5b3cd6e6d3f') in 0.0264206 seconds
Number of updated asset objects reloaded before import = 0Number of asset objects unloaded after import = 2

========================================================================
Received Import Request.
  Time since last request: 0.000047 seconds.
  path: Assets/Cutscenes/Mature/3.1 EternalSoldiers-Mature.mp3
  artifactKey: Guid(21c2bd9b2ab12094eb3a574407d796ea) Importer(815301076,1909f56bfc062723c751e8b465ee728b)
Start importing Assets/Cutscenes/Mature/3.1 EternalSoldiers-Mature.mp3 using Guid(21c2bd9b2ab12094eb3a574407d796ea) Importer(815301076,1909f56bfc062723c751e8b465ee728b) (PreviewImporter) -> (artifact id: '4d4e6526d0bd57d7a75ab2222664fb1c') in 0.0192056 seconds
Number of updated asset objects reloaded before import = 0Number of asset objects unloaded after import = 2

========================================================================
Received Import Request.
  Time since last request: 0.000066 seconds.
  path: Assets/Cutscenes/Mature/4.1 YouAre-Mature.mp3
  artifactKey: Guid(8cea76e22a8d2f0428eff6bb1682b639) Importer(815301076,1909f56bfc062723c751e8b465ee728b)
Start importing Assets/Cutscenes/Mature/4.1 YouAre-Mature.mp3 using Guid(8cea76e22a8d2f0428eff6bb1682b639) Importer(815301076,1909f56bfc062723c751e8b465ee728b) (PreviewImporter) -> (artifact id: '289ddab3e7155742f6a950fe03d36bd3') in 0.0196951 seconds
Number of updated asset objects reloaded before import = 0Number of asset objects unloaded after import = 2

========================================================================
Received Import Request.
  Time since last request: 529.322811 seconds.
  path: Assets/Models/intro/Intro.playable
  artifactKey: Guid(70a66d312a563e541835d14d0fe420db) Importer(815301076,1909f56bfc062723c751e8b465ee728b)
Start importing Assets/Models/intro/Intro.playable using Guid(70a66d312a563e541835d14d0fe420db) Importer(815301076,1909f56bfc062723c751e8b465ee728b) (PreviewImporter) -> (artifact id: 'fd1b5a5bc0ef6dd527588d7694326758') in 0.0738624 seconds
Number of updated asset objects reloaded before import = 0Number of asset objects unloaded after import = 88

========================================================================
Received Import Request.
  Time since last request: 29.667771 seconds.
  path: Assets/Models/intro/floor.mat
  artifactKey: Guid(351e74ad4bebcff46a9d3af18f2c01db) Importer(815301076,1909f56bfc062723c751e8b465ee728b)
Start importing Assets/Models/intro/floor.mat using Guid(351e74ad4bebcff46a9d3af18f2c01db) Importer(815301076,1909f56bfc062723c751e8b465ee728b) (PreviewImporter) -> (artifact id: '6b212d9147d1cfbcb81d62d1a8bacdc2') in 0.0332378 seconds
Number of updated asset objects reloaded before import = 0Number of asset objects unloaded after import = 2

========================================================================
Received Import Request.
  Time since last request: 0.000038 seconds.
  path: Assets/Models/intro/Intro.playable
  artifactKey: Guid(70a66d312a563e541835d14d0fe420db) Importer(815301076,1909f56bfc062723c751e8b465ee728b)
Start importing Assets/Models/intro/Intro.playable using Guid(70a66d312a563e541835d14d0fe420db) Importer(815301076,1909f56bfc062723c751e8b465ee728b) (PreviewImporter) -> (artifact id: 'c55dd817ffa1dda8294d55b734455328') in 0.0173553 seconds
Number of updated asset objects reloaded before import = 0Number of asset objects unloaded after import = 86

========================================================================
Received Import Request.
  Time since last request: 0.000036 seconds.
  path: Assets/Models/intro/hall_wall.mat
  artifactKey: Guid(911282371ace47a478ccee4fc06f80e1) Importer(815301076,1909f56bfc062723c751e8b465ee728b)
Start importing Assets/Models/intro/hall_wall.mat using Guid(911282371ace47a478ccee4fc06f80e1) Importer(815301076,1909f56bfc062723c751e8b465ee728b) (PreviewImporter) -> (artifact id: '749039f76b2175e69e8b435dd7d5e35a') in 0.0237868 seconds
Number of updated asset objects reloaded before import = 0Number of asset objects unloaded after import = 2

========================================================================
Received Import Request.
  Time since last request: 2197.142479 seconds.
  path: Assets/Models/soldier/player_character.prefab
  artifactKey: Guid(b33783ce9e7c47c4fae1233489b48fa4) Importer(815301076,1909f56bfc062723c751e8b465ee728b)
Start importing Assets/Models/soldier/player_character.prefab using Guid(b33783ce9e7c47c4fae1233489b48fa4) Importer(815301076,1909f56bfc062723c751e8b465ee728b) (PreviewImporter) -> (artifact id: '0019c9ca1d5593b4ac630c49195d824c') in 0.1152547 seconds
Number of updated asset objects reloaded before import = 0Number of asset objects unloaded after import = 549

========================================================================
Received Import Request.
  Time since last request: 1075.984708 seconds.
  path: Assets/Models/soldier/rigged_soldier.fbx
  artifactKey: Guid(2ffb7321fcb349b4ca741d22ebde406c) Importer(815301076,1909f56bfc062723c751e8b465ee728b)
Start importing Assets/Models/soldier/rigged_soldier.fbx using Guid(2ffb7321fcb349b4ca741d22ebde406c) Importer(815301076,1909f56bfc062723c751e8b465ee728b) (PreviewImporter) -> (artifact id: 'bcbb6c0edbbc05d0dae23e7bf437921a') in 0.6422916 seconds
Number of updated asset objects reloaded before import = 0Number of asset objects unloaded after import = 303

========================================================================
Received Import Request.
  Time since last request: 222.402675 seconds.
  path: Assets/Models/soldier/player_character.prefab
  artifactKey: Guid(b33783ce9e7c47c4fae1233489b48fa4) Importer(815301076,1909f56bfc062723c751e8b465ee728b)
Start importing Assets/Models/soldier/player_character.prefab using Guid(b33783ce9e7c47c4fae1233489b48fa4) Importer(815301076,1909f56bfc062723c751e8b465ee728b) (PreviewImporter) -> (artifact id: '432b51332244ca7b036906665fb0ff8c') in 0.079939 seconds
Number of updated asset objects reloaded before import = 0Number of asset objects unloaded after import = 549

========================================================================
Received Import Request.
  Time since last request: 718.688691 seconds.
  path: Assets/Models/weapons/rifle.fbx
  artifactKey: Guid(0deea2d70b1016d4ea65652d048becd0) Importer(815301076,1909f56bfc062723c751e8b465ee728b)
Start importing Assets/Models/weapons/rifle.fbx using Guid(0deea2d70b1016d4ea65652d048becd0) Importer(815301076,1909f56bfc062723c751e8b465ee728b) (PreviewImporter) -> (artifact id: 'ad4f3ba11b752de3dea2277038589cff') in 4.6416049 seconds
Number of updated asset objects reloaded before import = 0Number of asset objects unloaded after import = 19

========================================================================
Received Import Request.
  Time since last request: 0.000036 seconds.
  path: Assets/Models/weapons/sword.fbx
  artifactKey: Guid(d32d76b699e5b684f9dbbeb0a76e32e2) Importer(815301076,1909f56bfc062723c751e8b465ee728b)
Start importing Assets/Models/weapons/sword.fbx using Guid(d32d76b699e5b684f9dbbeb0a76e32e2) Importer(815301076,1909f56bfc062723c751e8b465ee728b) (PreviewImporter) -> (artifact id: 'e5c816f2f7486aecdb91e91125c37d8d') in 0.1216728 seconds
Number of updated asset objects reloaded before import = 0Number of asset objects unloaded after import = 25

========================================================================
Received Import Request.
  Time since last request: 0.000050 seconds.
  path: Assets/Models/weapons/sniper.fbx
  artifactKey: Guid(f9fd90e3c080a7d48aa444dadace6c88) Importer(815301076,1909f56bfc062723c751e8b465ee728b)
Start importing Assets/Models/weapons/sniper.fbx using Guid(f9fd90e3c080a7d48aa444dadace6c88) Importer(815301076,1909f56bfc062723c751e8b465ee728b) (PreviewImporter) -> (artifact id: '51dd0d04823f3f8e3d3b42e93799cb58') in 0.2079081 seconds
Number of updated asset objects reloaded before import = 0Number of asset objects unloaded after import = 14

========================================================================
Received Import Request.
  Time since last request: 134.296619 seconds.
  path: Assets/Cutscenes/wake up.signal
  artifactKey: Guid(7469d613640abb24f81b8509bd5a4203) Importer(815301076,1909f56bfc062723c751e8b465ee728b)
Start importing Assets/Cutscenes/wake up.signal using Guid(7469d613640abb24f81b8509bd5a4203) Importer(815301076,1909f56bfc062723c751e8b465ee728b) (PreviewImporter) -> (artifact id: 'bb5ae26751241ee50736220c3f9a9dbf') in 0.0037622 seconds
Number of updated asset objects reloaded before import = 0Number of asset objects unloaded after import = 1

========================================================================
Received Import Request.
  Time since last request: 491.548462 seconds.
  path: Assets/Music/Heavy 5 - Beat Loop Only.mp3
  artifactKey: Guid(718a9086bfb8154458c80827232aa74f) Importer(815301076,1909f56bfc062723c751e8b465ee728b)
Start importing Assets/Music/Heavy 5 - Beat Loop Only.mp3 using Guid(718a9086bfb8154458c80827232aa74f) Importer(815301076,1909f56bfc062723c751e8b465ee728b) (PreviewImporter) -> (artifact id: 'ce4c31f1c8f7d0dc676509b2ffe6917c') in 0.0345998 seconds
Number of updated asset objects reloaded before import = 0Number of asset objects unloaded after import = 2

========================================================================
Received Import Request.
  Time since last request: 0.000104 seconds.
  path: Assets/Music/Heavy 5 - Second Verse Only.mp3
  artifactKey: Guid(418f881ef01dd324ebe863058a594974) Importer(815301076,1909f56bfc062723c751e8b465ee728b)
Start importing Assets/Music/Heavy 5 - Second Verse Only.mp3 using Guid(418f881ef01dd324ebe863058a594974) Importer(815301076,1909f56bfc062723c751e8b465ee728b) (PreviewImporter) -> (artifact id: '95b213a82213354949d5efea40818b5d') in 0.0376085 seconds
Number of updated asset objects reloaded before import = 0Number of asset objects unloaded after import = 2

========================================================================
Received Import Request.
  Time since last request: 0.000053 seconds.
  path: Assets/Music/Heavy 5 - Intro and First Verse Only.mp3
  artifactKey: Guid(dfac3e27d3cbc9f489a098db23666ba3) Importer(815301076,1909f56bfc062723c751e8b465ee728b)
Start importing Assets/Music/Heavy 5 - Intro and First Verse Only.mp3 using Guid(dfac3e27d3cbc9f489a098db23666ba3) Importer(815301076,1909f56bfc062723c751e8b465ee728b) (PreviewImporter) -> (artifact id: '85d7d961d4442ef217783f55089b25f4') in 0.0356293 seconds
Number of updated asset objects reloaded before import = 0Number of asset objects unloaded after import = 2

========================================================================
Received Import Request.
  Time since last request: 0.000130 seconds.
  path: Assets/Music/Heavy 5 - Final Chorus and Ending (No Lead Guitar).mp3
  artifactKey: Guid(b65522adaa9281a49a0e77783ebad21b) Importer(815301076,1909f56bfc062723c751e8b465ee728b)
Start importing Assets/Music/Heavy 5 - Final Chorus and Ending (No Lead Guitar).mp3 using Guid(b65522adaa9281a49a0e77783ebad21b) Importer(815301076,1909f56bfc062723c751e8b465ee728b) (PreviewImporter) -> (artifact id: 'e333db349996eee44c475d58fb52b636') in 0.02211 seconds
Number of updated asset objects reloaded before import = 0Number of asset objects unloaded after import = 2

========================================================================
Received Import Request.
  Time since last request: 0.000032 seconds.
  path: Assets/Music/Heavy 5 - Chorus Only (No Lead Guitar).mp3
  artifactKey: Guid(e9a8fc6b966b5a04a89ebaa9a2a3fd27) Importer(815301076,1909f56bfc062723c751e8b465ee728b)
Start importing Assets/Music/Heavy 5 - Chorus Only (No Lead Guitar).mp3 using Guid(e9a8fc6b966b5a04a89ebaa9a2a3fd27) Importer(815301076,1909f56bfc062723c751e8b465ee728b) (PreviewImporter) -> (artifact id: 'c002a2b3f5d369d235022ee40ef611cd') in 0.0259996 seconds
Number of updated asset objects reloaded before import = 0Number of asset objects unloaded after import = 2

========================================================================
Received Import Request.
  Time since last request: 0.000044 seconds.
  path: Assets/Music/Heavy 5 - Full Song (with Ending).mp3
  artifactKey: Guid(76e603bee1b6cfb4597955480d59b743) Importer(815301076,1909f56bfc062723c751e8b465ee728b)
Start importing Assets/Music/Heavy 5 - Full Song (with Ending).mp3 using Guid(76e603bee1b6cfb4597955480d59b743) Importer(815301076,1909f56bfc062723c751e8b465ee728b) (PreviewImporter) -> (artifact id: '92b7b19d85d0ee0c474815776fa2a387') in 0.0301618 seconds
Number of updated asset objects reloaded before import = 0Number of asset objects unloaded after import = 2

========================================================================
Received Import Request.
  Time since last request: 8.279981 seconds.
  path: Assets/Music/Ambient 1 - Full Song (No Ending).mp3
  artifactKey: Guid(4eea9a753926c4a42aae4f74281fb8e2) Importer(815301076,1909f56bfc062723c751e8b465ee728b)
Start importing Assets/Music/Ambient 1 - Full Song (No Ending).mp3 using Guid(4eea9a753926c4a42aae4f74281fb8e2) Importer(815301076,1909f56bfc062723c751e8b465ee728b) (PreviewImporter) -> (artifact id: 'f8ae9c9608ff64f02bce83a5de22d5c8') in 0.0248482 seconds
Number of updated asset objects reloaded before import = 0Number of asset objects unloaded after import = 2

Editor requested this worker to shutdown with reason: Scaling down because of idle timeout
AssetImportWorker is now disconnected from the server
Process exiting
Exiting without the bug reporter. Application will terminate with return code 0