Using pre-set license
Built from '2022.3/staging' branch; Version is '2022.3.28f1 (6bae5ce6b222) revision 7056988'; Using compiler version '192829333'; Build Type 'Release'
OS: 'Windows 10  (10.0.19045) 64bit Education' Language: 'en' Physical Memory: 16304 MB
BatchMode: 1, IsHumanControllingUs: 0, StartBugReporterOnCrash: 0, Is64bit: 1, IsPro: 1

COMMAND LINE ARGUMENTS:
C:\Program Files\Unity\Hub\Editor\2022.3.28f1\Editor\Unity.exe
-adb2
-batchMode
-noUpm
-name
AssetImportWorker0
-projectPath
D:/UnityProjects/Waifu Wars
-logFile
Logs/AssetImportWorker0.log
-srvPort
55418
Successfully changed project path to: D:/UnityProjects/Waifu Wars
D:/UnityProjects/Waifu Wars
[UnityMemory] Configuration Parameters - Can be set up in boot.config
    "memorysetup-bucket-allocator-granularity=16"
    "memorysetup-bucket-allocator-bucket-count=8"
    "memorysetup-bucket-allocator-block-size=33554432"
    "memorysetup-bucket-allocator-block-count=8"
    "memorysetup-main-allocator-block-size=16777216"
    "memorysetup-thread-allocator-block-size=16777216"
    "memorysetup-gfx-main-allocator-block-size=16777216"
    "memorysetup-gfx-thread-allocator-block-size=16777216"
    "memorysetup-cache-allocator-block-size=4194304"
    "memorysetup-typetree-allocator-block-size=2097152"
    "memorysetup-profiler-bucket-allocator-granularity=16"
    "memorysetup-profiler-bucket-allocator-bucket-count=8"
    "memorysetup-profiler-bucket-allocator-block-size=33554432"
    "memorysetup-profiler-bucket-allocator-block-count=8"
    "memorysetup-profiler-allocator-block-size=16777216"
    "memorysetup-profiler-editor-allocator-block-size=1048576"
    "memorysetup-temp-allocator-size-main=16777216"
    "memorysetup-job-temp-allocator-block-size=2097152"
    "memorysetup-job-temp-allocator-block-size-background=1048576"
    "memorysetup-job-temp-allocator-reduction-small-platforms=262144"
    "memorysetup-allocator-temp-initial-block-size-main=262144"
    "memorysetup-allocator-temp-initial-block-size-worker=262144"
    "memorysetup-temp-allocator-size-background-worker=32768"
    "memorysetup-temp-allocator-size-job-worker=262144"
    "memorysetup-temp-allocator-size-preload-manager=33554432"
    "memorysetup-temp-allocator-size-nav-mesh-worker=65536"
    "memorysetup-temp-allocator-size-audio-worker=65536"
    "memorysetup-temp-allocator-size-cloud-worker=32768"
    "memorysetup-temp-allocator-size-gi-baking-worker=262144"
    "memorysetup-temp-allocator-size-gfx=262144"
Player connection [20356] Host "[IP] 192.168.1.77 [Port] 0 [Flags] 2 [Guid] 3688967226 [EditorId] 3688967226 [Version] 1048832 [Id] WindowsEditor(7,DESKTOP-65P1NK5) [Debug] 1 [PackageName] WindowsEditor [ProjectName] Editor" joined multi-casting on [225.0.0.222:54997]...

Player connection [20356] Host "[IP] 192.168.1.77 [Port] 0 [Flags] 2 [Guid] 3688967226 [EditorId] 3688967226 [Version] 1048832 [Id] WindowsEditor(7,DESKTOP-65P1NK5) [Debug] 1 [PackageName] WindowsEditor [ProjectName] Editor" joined alternative multi-casting on [225.0.0.222:34997]...

[Physics::Module] Initialized MultithreadedJobDispatcher with 15 workers.
Refreshing native plugins compatible for Editor in 13.22 ms, found 3 plugins.
Preloading 0 native plugins for Editor in 0.00 ms.
Initialize engine version: 2022.3.28f1 (6bae5ce6b222)
[Subsystems] Discovering subsystems at path C:/Program Files/Unity/Hub/Editor/2022.3.28f1/Editor/Data/Resources/UnitySubsystems
[Subsystems] Discovering subsystems at path D:/UnityProjects/Waifu Wars/Assets
GfxDevice: creating device client; threaded=0; jobified=0
Direct3D:
    Version:  Direct3D 11.0 [level 11.1]
    Renderer: NVIDIA GeForce RTX 2060 (ID=0x1f08)
    Vendor:   NVIDIA
    VRAM:     5954 MB
    Driver:   32.0.15.6636
Initialize mono
Mono path[0] = 'C:/Program Files/Unity/Hub/Editor/2022.3.28f1/Editor/Data/Managed'
Mono path[1] = 'C:/Program Files/Unity/Hub/Editor/2022.3.28f1/Editor/Data/MonoBleedingEdge/lib/mono/unityjit-win32'
Mono config path = 'C:/Program Files/Unity/Hub/Editor/2022.3.28f1/Editor/Data/MonoBleedingEdge/etc'
Using monoOptions --debugger-agent=transport=dt_socket,embedding=1,server=y,suspend=n,address=127.0.0.1:56364
Begin MonoManager ReloadAssembly
Registering precompiled unity dll's ...
Register platform support module: C:/Program Files/Unity/Hub/Editor/2022.3.28f1/Editor/Data/PlaybackEngines/WindowsStandaloneSupport/UnityEditor.WindowsStandalone.Extensions.dll
Registered in 0.014045 seconds.
- Loaded All Assemblies, in  0.560 seconds
Native extension for WindowsStandalone target not found
Mono: successfully reloaded assembly
- Finished resetting the current domain, in  0.431 seconds
Domain Reload Profiling: 986ms
	BeginReloadAssembly (189ms)
		ExecutionOrderSort (0ms)
		DisableScriptedObjects (0ms)
		BackupInstance (0ms)
		ReleaseScriptingObjects (0ms)
		CreateAndSetChildDomain (1ms)
	RebuildCommonClasses (56ms)
	RebuildNativeTypeToScriptingClass (16ms)
	initialDomainReloadingComplete (96ms)
	LoadAllAssembliesAndSetupDomain (198ms)
		LoadAssemblies (185ms)
		RebuildTransferFunctionScriptingTraits (0ms)
		AnalyzeDomain (194ms)
			TypeCache.Refresh (192ms)
				TypeCache.ScanAssembly (174ms)
			ScanForSourceGeneratedMonoScriptInfo (0ms)
			ResolveRequiredComponents (1ms)
	FinalizeReload (432ms)
		ReleaseScriptCaches (0ms)
		RebuildScriptCaches (0ms)
		SetupLoadedEditorAssemblies (341ms)
			LogAssemblyErrors (0ms)
			InitializePlatformSupportModulesInManaged (15ms)
			SetLoadedEditorAssemblies (13ms)
			RefreshPlugins (0ms)
			BeforeProcessingInitializeOnLoad (4ms)
			ProcessInitializeOnLoadAttributes (239ms)
			ProcessInitializeOnLoadMethodAttributes (70ms)
			AfterProcessingInitializeOnLoad (0ms)
			EditorAssembliesLoaded (0ms)
		ExecutionOrderSort2 (0ms)
		AwakeInstancesAfterBackupRestoration (0ms)
========================================================================
Worker process is ready to serve import requests
Begin MonoManager ReloadAssembly
- Loaded All Assemblies, in  1.246 seconds
Refreshing native plugins compatible for Editor in 4.13 ms, found 3 plugins.
Native extension for WindowsStandalone target not found
Package Manager log level set to [2]
[Package Manager] Server::EnsureServerProcessIsRunning -- launch failed, reason: Unity was launched with the -noUpm command-line argument
[Package Manager] UpmClient::Send -- Unable to send message (not connected to UPM process).
[Package Manager] Cannot connect to Unity Package Manager local server
Mono: successfully reloaded assembly
- Finished resetting the current domain, in  1.227 seconds
Domain Reload Profiling: 2469ms
	BeginReloadAssembly (280ms)
		ExecutionOrderSort (0ms)
		DisableScriptedObjects (8ms)
		BackupInstance (0ms)
		ReleaseScriptingObjects (0ms)
		CreateAndSetChildDomain (33ms)
	RebuildCommonClasses (58ms)
	RebuildNativeTypeToScriptingClass (16ms)
	initialDomainReloadingComplete (71ms)
	LoadAllAssembliesAndSetupDomain (817ms)
		LoadAssemblies (650ms)
		RebuildTransferFunctionScriptingTraits (0ms)
		AnalyzeDomain (337ms)
			TypeCache.Refresh (274ms)
				TypeCache.ScanAssembly (249ms)
			ScanForSourceGeneratedMonoScriptInfo (44ms)
			ResolveRequiredComponents (16ms)
	FinalizeReload (1228ms)
		ReleaseScriptCaches (0ms)
		RebuildScriptCaches (0ms)
		SetupLoadedEditorAssemblies (947ms)
			LogAssemblyErrors (0ms)
			InitializePlatformSupportModulesInManaged (10ms)
			SetLoadedEditorAssemblies (5ms)
			RefreshPlugins (0ms)
			BeforeProcessingInitializeOnLoad (116ms)
			ProcessInitializeOnLoadAttributes (705ms)
			ProcessInitializeOnLoadMethodAttributes (96ms)
			AfterProcessingInitializeOnLoad (14ms)
			EditorAssembliesLoaded (0ms)
		ExecutionOrderSort2 (0ms)
		AwakeInstancesAfterBackupRestoration (11ms)
Launched and connected shader compiler UnityShaderCompiler.exe after 0.07 seconds
Refreshing native plugins compatible for Editor in 5.20 ms, found 3 plugins.
Preloading 0 native plugins for Editor in 0.00 ms.
Unloading 5556 Unused Serialized files (Serialized files now loaded: 0)
Unloading 86 unused Assets / (413.9 KB). Loaded Objects now: 6019.
Memory consumption went from 224.3 MB to 223.9 MB.
Total: 5.995200 ms (FindLiveObjects: 0.720700 ms CreateObjectMapping: 0.265700 ms MarkObjects: 4.470900 ms  DeleteObjects: 0.536200 ms)

AssetImportParameters requested are different than current active one (requested -> active):
  custom:container-demuxer-ogg: 62fdf1f143b41e24485cea50d1cbac27 -> 
  custom:video-decoder-ogg-theora: a1e56fd34408186e4bbccfd4996cb3dc -> 
  custom:framework-win-MediaFoundation: 216162199b28c13a410421893ffa2e32 -> 
  custom:CustomObjectIndexerAttribute: 72b91833f83ae208fae7752999fa3104 -> 
  custom:container-demuxer-webm: 4f35f7cbe854078d1ac9338744f61a02 -> 
  custom:container-muxer-webm: aa71ff27fc2769a1b78a27578f13a17b -> 
  custom:video-decoder-webm-vp8: 9c59270c3fd7afecdb556c50c9e8de78 -> 
  custom:SearchIndexIgnoredProperties: e643bd26f0fe6173181afceb89e7c659 -> 
  custom:AudioImporter_EditorPlatform: d09bf68614088b80899f8185d706f6e7 -> 
  custom:video-encoder-webm-vp8: eb34c28f22e8b96e1ab97ce403110664 -> 
  custom:audio-decoder-ogg-vorbis: bf7c407c2cedff20999df2af8eb42d56 -> 
  custom:audio-encoder-webm-vorbis: bf7c407c2cedff20999df2af8eb42d56 -> 
========================================================================
Received Import Request.
  Time since last request: 14493.167218 seconds.
  path: Assets/Materials/parthenon
  artifactKey: Guid(ac437752c4ce58040a561e1809671682) Importer(815301076,1909f56bfc062723c751e8b465ee728b)
Start importing Assets/Materials/parthenon using Guid(ac437752c4ce58040a561e1809671682) Importer(815301076,1909f56bfc062723c751e8b465ee728b)  -> (artifact id: 'f9966ec4c2e6af031ce7ed01106a8cef') in 0.014963 seconds
Number of updated asset objects reloaded before import = 0
Number of asset objects unloaded after import = 0
========================================================================
Received Import Request.
  Time since last request: 59.276768 seconds.
  path: Assets/Textures/texture pack/Wood/Mat_Wood_Brown_01-256x256.png
  artifactKey: Guid(9d7d7d00096bfed4e9ea7597a319b770) Importer(815301076,1909f56bfc062723c751e8b465ee728b)
Start importing Assets/Textures/texture pack/Wood/Mat_Wood_Brown_01-256x256.png using Guid(9d7d7d00096bfed4e9ea7597a319b770) Importer(815301076,1909f56bfc062723c751e8b465ee728b)  -> (artifact id: '18aa813619ee3b78a68aa63dba496a1f') in 0.181692 seconds
Number of updated asset objects reloaded before import = 0
Number of asset objects unloaded after import = 3
========================================================================
Received Import Request.
  Time since last request: 0.000074 seconds.
  path: Assets/Textures/texture pack/Wood/Mat_Wood_White_03-256x256.png
  artifactKey: Guid(3ccef3d5256e15a4681fcafe0c342559) Importer(815301076,1909f56bfc062723c751e8b465ee728b)
Start importing Assets/Textures/texture pack/Wood/Mat_Wood_White_03-256x256.png using Guid(3ccef3d5256e15a4681fcafe0c342559) Importer(815301076,1909f56bfc062723c751e8b465ee728b)  -> (artifact id: 'f1a727aee1749b96bc8cf9641030a310') in 0.055627 seconds
Number of updated asset objects reloaded before import = 0
Number of asset objects unloaded after import = 3
========================================================================
Received Import Request.
  Time since last request: 0.000076 seconds.
  path: Assets/Textures/texture pack/Wood/Mat_Wood_White_01-256x256.png
  artifactKey: Guid(ef6f030aee48cdd418ede7b69edbce58) Importer(815301076,1909f56bfc062723c751e8b465ee728b)
Start importing Assets/Textures/texture pack/Wood/Mat_Wood_White_01-256x256.png using Guid(ef6f030aee48cdd418ede7b69edbce58) Importer(815301076,1909f56bfc062723c751e8b465ee728b)  -> (artifact id: '01240aac5bf7e6cf6ef8c594fcd49284') in 0.048390 seconds
Number of updated asset objects reloaded before import = 0
Number of asset objects unloaded after import = 3
========================================================================
Received Import Request.
  Time since last request: 0.000034 seconds.
  path: Assets/Textures/texture pack/Wood/Mat_Wood_Yellow_02-256x256.png
  artifactKey: Guid(e1ae0aed58f0c8747be5c09e2ed33dbe) Importer(815301076,1909f56bfc062723c751e8b465ee728b)
Start importing Assets/Textures/texture pack/Wood/Mat_Wood_Yellow_02-256x256.png using Guid(e1ae0aed58f0c8747be5c09e2ed33dbe) Importer(815301076,1909f56bfc062723c751e8b465ee728b)  -> (artifact id: '38c05b0ef2a5a12928214b19f3798401') in 0.035554 seconds
Number of updated asset objects reloaded before import = 0
Number of asset objects unloaded after import = 3
========================================================================
Received Import Request.
  Time since last request: 0.000039 seconds.
  path: Assets/Textures/texture pack/Wood/Mat_Wood_Yellow_03-256x256.png
  artifactKey: Guid(d269f3f6364b0b343aea8cadfa8d9bae) Importer(815301076,1909f56bfc062723c751e8b465ee728b)
Start importing Assets/Textures/texture pack/Wood/Mat_Wood_Yellow_03-256x256.png using Guid(d269f3f6364b0b343aea8cadfa8d9bae) Importer(815301076,1909f56bfc062723c751e8b465ee728b)  -> (artifact id: '33bb7eb6a966a38ffc9d6e12263a9e29') in 0.038646 seconds
Number of updated asset objects reloaded before import = 0
Number of asset objects unloaded after import = 3
========================================================================
Received Import Request.
  Time since last request: 0.000053 seconds.
  path: Assets/AutoTextureTilingTool/Example/autoTilingTest/ReflectionProbe-0.exr
  artifactKey: Guid(86cd03fa7015dc34b800adc8b756abb9) Importer(815301076,1909f56bfc062723c751e8b465ee728b)
Start importing Assets/AutoTextureTilingTool/Example/autoTilingTest/ReflectionProbe-0.exr using Guid(86cd03fa7015dc34b800adc8b756abb9) Importer(815301076,1909f56bfc062723c751e8b465ee728b)  -> (artifact id: 'd92c73b805bb267536974042e59d208a') in 0.454662 seconds
Number of updated asset objects reloaded before import = 0
Number of asset objects unloaded after import = 2
========================================================================
Received Import Request.
  Time since last request: 0.000065 seconds.
  path: Assets/StarterAssets/Mobile/UI/UI_Icon_Look.png
  artifactKey: Guid(af0ae2dbf3d1efb4f82af377950704a2) Importer(815301076,1909f56bfc062723c751e8b465ee728b)
Start importing Assets/StarterAssets/Mobile/UI/UI_Icon_Look.png using Guid(af0ae2dbf3d1efb4f82af377950704a2) Importer(815301076,1909f56bfc062723c751e8b465ee728b)  -> (artifact id: '6f993ade2e4dc57f36ea22dd0c60669f') in 0.108087 seconds
Number of updated asset objects reloaded before import = 0
Number of asset objects unloaded after import = 3
========================================================================
Received Import Request.
  Time since last request: 0.000048 seconds.
  path: Assets/AutoTextureTilingTool/Example/autoTilingTest/SkyboxProbe-0.exr
  artifactKey: Guid(6572416df021a574394a1ca7b90e1188) Importer(815301076,1909f56bfc062723c751e8b465ee728b)
Start importing Assets/AutoTextureTilingTool/Example/autoTilingTest/SkyboxProbe-0.exr using Guid(6572416df021a574394a1ca7b90e1188) Importer(815301076,1909f56bfc062723c751e8b465ee728b)  -> (artifact id: '25d6c614ebc01f54b83f5965fa7bb040') in 0.103391 seconds
Number of updated asset objects reloaded before import = 0
Number of asset objects unloaded after import = 2
========================================================================
Received Import Request.
  Time since last request: 0.000125 seconds.
  path: Assets/AutoTextureTilingTool/Textures/Icons/scale-icon.png
  artifactKey: Guid(e4b0b465e63de5c47ad7e227cb673bc3) Importer(815301076,1909f56bfc062723c751e8b465ee728b)
Start importing Assets/AutoTextureTilingTool/Textures/Icons/scale-icon.png using Guid(e4b0b465e63de5c47ad7e227cb673bc3) Importer(815301076,1909f56bfc062723c751e8b465ee728b)  -> (artifact id: '19cf08c7664e758f1e7e0348a8d78244') in 0.065712 seconds
Number of updated asset objects reloaded before import = 0
Number of asset objects unloaded after import = 2
========================================================================
Received Import Request.
  Time since last request: 0.000096 seconds.
  path: Assets/AutoTextureTilingTool/Textures/Icons/scale-icon.psd
  artifactKey: Guid(230b5797e2459714584c3f0441cedc02) Importer(815301076,1909f56bfc062723c751e8b465ee728b)
Start importing Assets/AutoTextureTilingTool/Textures/Icons/scale-icon.psd using Guid(230b5797e2459714584c3f0441cedc02) Importer(815301076,1909f56bfc062723c751e8b465ee728b)  -> (artifact id: '09cd6be2156b3e4c7881c6957ecf21bb') in 0.033338 seconds
Number of updated asset objects reloaded before import = 0
Number of asset objects unloaded after import = 2
========================================================================
Received Import Request.
  Time since last request: 0.000085 seconds.
  path: Assets/Sprites/u9ur8dwp.bmp
  artifactKey: Guid(57481ac4d78d0934da61190159a8e8d8) Importer(815301076,1909f56bfc062723c751e8b465ee728b)
Start importing Assets/Sprites/u9ur8dwp.bmp using Guid(57481ac4d78d0934da61190159a8e8d8) Importer(815301076,1909f56bfc062723c751e8b465ee728b)  -> (artifact id: 'b68dc29cb4ac09af36de87c8597b04dc') in 0.079053 seconds
Number of updated asset objects reloaded before import = 0
Number of asset objects unloaded after import = 3
========================================================================
Received Import Request.
  Time since last request: 0.000138 seconds.
  path: Assets/StarterAssets/FirstPersonController/Scenes/Playground/ReflectionProbe-0.exr
  artifactKey: Guid(ac547032e7ab2874b8b53ccbfec07526) Importer(815301076,1909f56bfc062723c751e8b465ee728b)
Start importing Assets/StarterAssets/FirstPersonController/Scenes/Playground/ReflectionProbe-0.exr using Guid(ac547032e7ab2874b8b53ccbfec07526) Importer(815301076,1909f56bfc062723c751e8b465ee728b)  -> (artifact id: 'bd9c1c7e8679539f0c033ffc46c98670') in 0.054383 seconds
Number of updated asset objects reloaded before import = 0
Number of asset objects unloaded after import = 2
========================================================================
Received Import Request.
  Time since last request: 0.000032 seconds.
  path: Assets/AutoTextureTilingTool/Textures/Icons/unity-icon.psd
  artifactKey: Guid(d63dcc9ca84d91e4f84eb569497395f2) Importer(815301076,1909f56bfc062723c751e8b465ee728b)
Start importing Assets/AutoTextureTilingTool/Textures/Icons/unity-icon.psd using Guid(d63dcc9ca84d91e4f84eb569497395f2) Importer(815301076,1909f56bfc062723c751e8b465ee728b)  -> (artifact id: 'e77106d0b5fd17fda946d195e6fd7d25') in 0.023687 seconds
Number of updated asset objects reloaded before import = 0
Number of asset objects unloaded after import = 2
========================================================================
Received Import Request.
  Time since last request: 0.000029 seconds.
  path: Assets/AutoTextureTilingTool/Textures/Icons/rotate-icon.png
  artifactKey: Guid(00ab29e4718f35842ac70189c3b852e4) Importer(815301076,1909f56bfc062723c751e8b465ee728b)
Start importing Assets/AutoTextureTilingTool/Textures/Icons/rotate-icon.png using Guid(00ab29e4718f35842ac70189c3b852e4) Importer(815301076,1909f56bfc062723c751e8b465ee728b)  -> (artifact id: 'e37fb2cd8b1b76836ada569d012e734e') in 0.027487 seconds
Number of updated asset objects reloaded before import = 0
Number of asset objects unloaded after import = 2
========================================================================
Received Import Request.
  Time since last request: 0.000042 seconds.
  path: Assets/AutoTextureTilingTool/Textures/Icons/unity-icon.png
  artifactKey: Guid(bb6ed1c44476ffd4fae612be3cea1921) Importer(815301076,1909f56bfc062723c751e8b465ee728b)
Start importing Assets/AutoTextureTilingTool/Textures/Icons/unity-icon.png using Guid(bb6ed1c44476ffd4fae612be3cea1921) Importer(815301076,1909f56bfc062723c751e8b465ee728b)  -> (artifact id: '361fdba27ab1acd6041b32878beb5b86') in 0.023999 seconds
Number of updated asset objects reloaded before import = 0
Number of asset objects unloaded after import = 2
========================================================================
Received Import Request.
  Time since last request: 0.000059 seconds.
  path: Assets/StarterAssets/Mobile/UI/UI_Icon_Move.png
  artifactKey: Guid(ff7bfa7addf40784d86f62b8e4a034a6) Importer(815301076,1909f56bfc062723c751e8b465ee728b)
Start importing Assets/StarterAssets/Mobile/UI/UI_Icon_Move.png using Guid(ff7bfa7addf40784d86f62b8e4a034a6) Importer(815301076,1909f56bfc062723c751e8b465ee728b)  -> (artifact id: '0995b33544da688b9aeb0cda80d4649c') in 0.080218 seconds
Number of updated asset objects reloaded before import = 0
Number of asset objects unloaded after import = 3
Editor requested this worker to shutdown with reason: Scaling down because of idle timeout
TcpMessagingSession - receive error: operation aborted. errorcode: 995, details: The I/O operation has been aborted because of either a thread exit or an application request.
AssetImportWorker is now disconnected from the server
Process exiting
Exiting without the bug reporter. Application will terminate with return code 0