Using pre-set license
Built from '6000.0/staging' branch; Version is '6000.0.30f1 (62b05ba0686a) revision 6467675'; Using compiler version '193933523'; Build Type 'Release'
OS: 'Windows 10  (10.0.19045) 64bit Education' Language: 'en' Physical Memory: 16304 MB
BatchMode: 1, IsHumanControllingUs: 0, StartBugReporterOnCrash: 0, Is64bit: 1, IsPro: 1

COMMAND LINE ARGUMENTS:
C:\Program Files\Unity\Hub\Editor\6000.0.30f1\Editor\Unity.exe
-adb2
-batchMode
-noUpm
-name
AssetImportWorker12
-projectPath
D:/UnityProjects/InstrumentumPandemonium
-logFile
Logs/AssetImportWorker12.log
-srvPort
55703
-job-worker-count
7
-background-job-worker-count
8
-asset-garbage-collectors
1
Successfully changed project path to: D:/UnityProjects/InstrumentumPandemonium
D:/UnityProjects/InstrumentumPandemonium
[UnityMemory] Configuration Parameters - Can be set up in boot.config
    "memorysetup-bucket-allocator-granularity=16"
    "memorysetup-bucket-allocator-bucket-count=8"
    "memorysetup-bucket-allocator-block-size=33554432"
    "memorysetup-bucket-allocator-block-count=8"
    "memorysetup-main-allocator-block-size=16777216"
    "memorysetup-thread-allocator-block-size=16777216"
    "memorysetup-gfx-main-allocator-block-size=16777216"
    "memorysetup-gfx-thread-allocator-block-size=16777216"
    "memorysetup-cache-allocator-block-size=4194304"
    "memorysetup-typetree-allocator-block-size=2097152"
    "memorysetup-profiler-bucket-allocator-granularity=16"
    "memorysetup-profiler-bucket-allocator-bucket-count=8"
    "memorysetup-profiler-bucket-allocator-block-size=33554432"
    "memorysetup-profiler-bucket-allocator-block-count=8"
    "memorysetup-profiler-allocator-block-size=16777216"
    "memorysetup-profiler-editor-allocator-block-size=1048576"
    "memorysetup-temp-allocator-size-main=16777216"
    "memorysetup-job-temp-allocator-block-size=2097152"
    "memorysetup-job-temp-allocator-block-size-background=1048576"
    "memorysetup-job-temp-allocator-reduction-small-platforms=262144"
    "memorysetup-allocator-temp-initial-block-size-main=262144"
    "memorysetup-allocator-temp-initial-block-size-worker=262144"
    "memorysetup-temp-allocator-size-background-worker=32768"
    "memorysetup-temp-allocator-size-job-worker=262144"
    "memorysetup-temp-allocator-size-preload-manager=33554432"
    "memorysetup-temp-allocator-size-nav-mesh-worker=65536"
    "memorysetup-temp-allocator-size-audio-worker=65536"
    "memorysetup-temp-allocator-size-cloud-worker=32768"
    "memorysetup-temp-allocator-size-gi-baking-worker=262144"
    "memorysetup-temp-allocator-size-gi-baking-worker=262144"
    "memorysetup-temp-allocator-size-gi-baking-worker=262144"
    "memorysetup-temp-allocator-size-gi-baking-worker=262144"
    "memorysetup-temp-allocator-size-gi-baking-worker=262144"
    "memorysetup-temp-allocator-size-gfx=262144"
Player connection [20232]  Target information:

Player connection [20232]  * "[IP] 192.168.1.77 [Port] 0 [Flags] 2 [Guid] 594891958 [EditorId] 594891958 [Version] 1048832 [Id] WindowsEditor(7,DESKTOP-65P1NK5) [Debug] 1 [PackageName] WindowsEditor [ProjectName] Editor" 

Player connection [20232] Host joined multi-casting on [225.0.0.222:54997]...
Player connection [20232] Host joined alternative multi-casting on [225.0.0.222:34997]...
JobSystem: Creating JobQueue using job-worker-count value 7
[Physics::Module] Initialized fallback backend.
[Physics::Module] Id: 0xdecafbad
Library Redirect Path: Library/
[Physics::Module] Selected backend.
[Physics::Module] Name: PhysX
[Physics::Module] Id: 0xf2b8ea05
[Physics::Module] SDK Version: 4.1.2
[Physics::Module] Integration Version: 1.0.0
[Physics::Module] Threading Mode: Multi-Threaded
Refreshing native plugins compatible for Editor in 4.38 ms, found 4 plugins.
Preloading 0 native plugins for Editor in 0.00 ms.
Initialize engine version: 6000.0.30f1 (62b05ba0686a)
[Subsystems] Discovering subsystems at path C:/Program Files/Unity/Hub/Editor/6000.0.30f1/Editor/Data/Resources/UnitySubsystems
[Subsystems] Discovering subsystems at path D:/UnityProjects/InstrumentumPandemonium/Assets
GfxDevice: creating device client; kGfxThreadingModeNonThreaded
Direct3D:
    Version:  Direct3D 11.0 [level 11.1]
    Renderer: NVIDIA GeForce RTX 2060 (ID=0x1f08)
    Vendor:   NVIDIA
    VRAM:     5954 MB
    Driver:   32.0.15.7270
Initialize mono
Mono path[0] = 'C:/Program Files/Unity/Hub/Editor/6000.0.30f1/Editor/Data/Managed'
Mono path[1] = 'C:/Program Files/Unity/Hub/Editor/6000.0.30f1/Editor/Data/MonoBleedingEdge/lib/mono/unityjit-win32'
Mono config path = 'C:/Program Files/Unity/Hub/Editor/6000.0.30f1/Editor/Data/MonoBleedingEdge/etc'
Using monoOptions --debugger-agent=transport=dt_socket,embedding=1,server=y,suspend=n,address=127.0.0.1:56040
Begin MonoManager ReloadAssembly
Registering precompiled unity dll's ...
Register platform support module: C:/Program Files/Unity/Hub/Editor/6000.0.30f1/Editor/Data/PlaybackEngines/WindowsStandaloneSupport/UnityEditor.WindowsStandalone.Extensions.dll
Registered in 0.005545 seconds.
- Loaded All Assemblies, in  0.601 seconds
Native extension for WindowsStandalone target not found
Mono: successfully reloaded assembly
- Finished resetting the current domain, in  0.581 seconds
Domain Reload Profiling: 1178ms
	BeginReloadAssembly (212ms)
		ExecutionOrderSort (0ms)
		DisableScriptedObjects (0ms)
		BackupInstance (0ms)
		ReleaseScriptingObjects (0ms)
		CreateAndSetChildDomain (1ms)
	RebuildCommonClasses (59ms)
	RebuildNativeTypeToScriptingClass (18ms)
	initialDomainReloadingComplete (78ms)
	LoadAllAssembliesAndSetupDomain (229ms)
		LoadAssemblies (206ms)
		RebuildTransferFunctionScriptingTraits (0ms)
		AnalyzeDomain (224ms)
			TypeCache.Refresh (222ms)
				TypeCache.ScanAssembly (204ms)
			BuildScriptInfoCaches (0ms)
			ResolveRequiredComponents (1ms)
	FinalizeReload (582ms)
		ReleaseScriptCaches (0ms)
		RebuildScriptCaches (0ms)
		SetupLoadedEditorAssemblies (504ms)
			LogAssemblyErrors (0ms)
			InitializePlatformSupportModulesInManaged (44ms)
			SetLoadedEditorAssemblies (7ms)
			BeforeProcessingInitializeOnLoad (88ms)
			ProcessInitializeOnLoadAttributes (266ms)
			ProcessInitializeOnLoadMethodAttributes (98ms)
			AfterProcessingInitializeOnLoad (0ms)
			EditorAssembliesLoaded (0ms)
		ExecutionOrderSort2 (0ms)
		AwakeInstancesAfterBackupRestoration (0ms)
Assembly reference Packages/com.unity.entities/Unity.Scenes.Editor/Internals/Properties/Unity.Properties.Internals.asmref has no target assembly definition
========================================================================
Worker process is ready to serve import requests
Import Worker Mode flag is 0x00
Assembly reference Packages/com.unity.entities/Unity.Scenes.Editor/Internals/Properties/Unity.Properties.Internals.asmref has no target assembly definition
Assembly reference Packages/com.unity.entities/Unity.Scenes.Editor/Internals/Properties/Unity.Properties.Internals.asmref has no target assembly definition
Begin MonoManager ReloadAssembly
Symbol file LoadedFromMemory is not a mono symbol file
- Loaded All Assemblies, in  2.879 seconds
Assembly reference Packages/com.unity.entities/Unity.Scenes.Editor/Internals/Properties/Unity.Properties.Internals.asmref has no target assembly definition
Refreshing native plugins compatible for Editor in 1.82 ms, found 4 plugins.
Native extension for WindowsStandalone target not found
Assembly reference Packages/com.unity.entities/Unity.Scenes.Editor/Internals/Properties/Unity.Properties.Internals.asmref has no target assembly definition
TypeManager.Initialize took: 550ms
System.Reflection.TargetInvocationException: Exception has been thrown by the target of an invocation. ---> System.NullReferenceException: Object reference not set to an instance of an object
  at Unity.Multiplayer.Playmode.Workflow.Editor.ProjectDataStore..ctor (System.String directory) [0x0006e] in .\Library\PackageCache\com.unity.multiplayer.playmode\Workflow\Editor\Configuration\ProjectDataStore.cs:55 
  at Unity.Multiplayer.Playmode.Workflow.Editor.ProjectDataStore.GetMain () [0x00000] in .\Library\PackageCache\com.unity.multiplayer.playmode\Workflow\Editor\Configuration\ProjectDataStore.cs:36 
  at Unity.Multiplayer.Playmode.Workflow.Editor.WorkflowMainEditorContext..ctor (Unity.Multiplayer.Playmode.VirtualProjects.Editor.MainEditorContext mainEditorContext) [0x0002c] in .\Library\PackageCache\com.unity.multiplayer.playmode\Workflow\Editor\Contexts\WorkflowMainEditorContext.cs:15 
  at Unity.Multiplayer.Playmode.Workflow.Editor.VirtualProjectWorkflow.InitializeMPPMContexts () [0x00018] in .\Library\PackageCache\com.unity.multiplayer.playmode\Workflow\Editor\Workflow\VirtualProjectWorkflow.cs:198 
  at Unity.Multiplayer.Playmode.Workflow.Editor.VirtualProjectWorkflow+<>c.<.cctor>b__22_0 () [0x00036] in .\Library\PackageCache\com.unity.multiplayer.playmode\Workflow\Editor\Workflow\VirtualProjectWorkflow.cs:85 
  at Unity.Multiplayer.Playmode.VirtualProjects.Editor.EditorContexts.SendReadyEvent () [0x00038] in .\Library\PackageCache\com.unity.multiplayer.playmode\VirtualProjects\Editor\Contexts\EditorContexts.cs:56 
  at (wrapper managed-to-native) System.Reflection.RuntimeMethodInfo.InternalInvoke(System.Reflection.RuntimeMethodInfo,object,object[],System.Exception&)
  at System.Reflection.RuntimeMethodInfo.Invoke (System.Object obj, System.Reflection.BindingFlags invokeAttr, System.Reflection.Binder binder, System.Object[] parameters, System.Globalization.CultureInfo culture) [0x0006a] in <ed969b0e627d471da4848289f9c322df>:0 
   --- End of inner exception stack trace ---
  at System.Reflection.RuntimeMethodInfo.Invoke (System.Object obj, System.Reflection.BindingFlags invokeAttr, System.Reflection.Binder binder, System.Object[] parameters, System.Globalization.CultureInfo culture) [0x00083] in <ed969b0e627d471da4848289f9c322df>:0 
  at System.Reflection.MethodBase.Invoke (System.Object obj, System.Object[] parameters) [0x00000] in <ed969b0e627d471da4848289f9c322df>:0 
  at UnityEditor.EditorAssemblies.ProcessInitializeOnLoadMethodAttributes () [0x00056] in <4e9c48eedf6f482fa439ccf335631481>:0 
UnityEngine.Debug:ExtractStackTraceNoAlloc (byte*,int,string)
UnityEngine.StackTraceUtility:ExtractStackTrace ()
UnityEngine.DebugLogHandler:Internal_Log (UnityEngine.LogType,UnityEngine.LogOption,string,UnityEngine.Object)
UnityEngine.DebugLogHandler:LogFormat (UnityEngine.LogType,UnityEngine.Object,string,object[])
UnityEngine.Logger:Log (UnityEngine.LogType,object)
UnityEngine.Debug:LogError (object)
UnityEditor.EditorAssemblies:ProcessInitializeOnLoadMethodAttributes ()

Mono: successfully reloaded assembly
- Finished resetting the current domain, in  3.124 seconds
Domain Reload Profiling: 5996ms
	BeginReloadAssembly (271ms)
		ExecutionOrderSort (0ms)
		DisableScriptedObjects (11ms)
		BackupInstance (0ms)
		ReleaseScriptingObjects (0ms)
		CreateAndSetChildDomain (39ms)
	RebuildCommonClasses (57ms)
	RebuildNativeTypeToScriptingClass (18ms)
	initialDomainReloadingComplete (65ms)
	LoadAllAssembliesAndSetupDomain (2460ms)
		LoadAssemblies (2078ms)
		RebuildTransferFunctionScriptingTraits (0ms)
		AnalyzeDomain (553ms)
			TypeCache.Refresh (398ms)
				TypeCache.ScanAssembly (366ms)
			BuildScriptInfoCaches (131ms)
			ResolveRequiredComponents (19ms)
	FinalizeReload (3125ms)
		ReleaseScriptCaches (0ms)
		RebuildScriptCaches (0ms)
		SetupLoadedEditorAssemblies (2424ms)
			LogAssemblyErrors (0ms)
			InitializePlatformSupportModulesInManaged (4ms)
			SetLoadedEditorAssemblies (7ms)
			BeforeProcessingInitializeOnLoad (196ms)
			ProcessInitializeOnLoadAttributes (1594ms)
			ProcessInitializeOnLoadMethodAttributes (611ms)
			AfterProcessingInitializeOnLoad (12ms)
			EditorAssembliesLoaded (0ms)
		ExecutionOrderSort2 (0ms)
		AwakeInstancesAfterBackupRestoration (12ms)
Launched and connected shader compiler UnityShaderCompiler.exe after 0.02 seconds
Refreshing native plugins compatible for Editor in 2.55 ms, found 4 plugins.
Preloading 0 native plugins for Editor in 0.00 ms.
Unloading 215 Unused Serialized files (Serialized files now loaded: 0)
Unloading 8531 unused Assets / (5.8 MB). Loaded Objects now: 9199.
Memory consumption went from 189.8 MB to 184.1 MB.
Total: 20.833700 ms (FindLiveObjects: 1.761900 ms CreateObjectMapping: 1.316400 ms MarkObjects: 12.727000 ms  DeleteObjects: 5.024400 ms)

========================================================================
Received Import Request.
  Time since last request: 2014602.213362 seconds.
  path: Assets/Models/brazier_inside.mat
  artifactKey: Guid(693456c7c997af24d8b1afceb7601efb) Importer(815301076,1909f56bfc062723c751e8b465ee728b)
Start importing Assets/Models/brazier_inside.mat using Guid(693456c7c997af24d8b1afceb7601efb) Importer(815301076,1909f56bfc062723c751e8b465ee728b) (PreviewImporter) -> (artifact id: '0a01ab485078d2acccf965a5f3eab393') in 0.701801 seconds
Number of updated asset objects reloaded before import = 0Number of asset objects unloaded after import = 2

========================================================================
Received Import Request.
  Time since last request: 3377.968820 seconds.
  path: Assets/Models/soldier/player_character.prefab
  artifactKey: Guid(b33783ce9e7c47c4fae1233489b48fa4) Importer(815301076,1909f56bfc062723c751e8b465ee728b)
Start importing Assets/Models/soldier/player_character.prefab using Guid(b33783ce9e7c47c4fae1233489b48fa4) Importer(815301076,1909f56bfc062723c751e8b465ee728b) (PreviewImporter) -> (artifact id: '99202d1d437ab775c4e212642353f90c') in 0.2355996 seconds
Number of updated asset objects reloaded before import = 0Number of asset objects unloaded after import = 545

========================================================================
Received Import Request.
  Time since last request: 28.468773 seconds.
  path: Assets/Models/soldier/player_character.prefab
  artifactKey: Guid(b33783ce9e7c47c4fae1233489b48fa4) Importer(815301076,1909f56bfc062723c751e8b465ee728b)
Start importing Assets/Models/soldier/player_character.prefab using Guid(b33783ce9e7c47c4fae1233489b48fa4) Importer(815301076,1909f56bfc062723c751e8b465ee728b) (PreviewImporter) -> (artifact id: '227a3a2b8e6e46d0fb940bcada186875') in 0.0613986 seconds
Number of updated asset objects reloaded before import = 0Number of asset objects unloaded after import = 545

========================================================================
Received Import Request.
  Time since last request: 16.548457 seconds.
  path: Assets/Models/soldier/player_character.prefab
  artifactKey: Guid(b33783ce9e7c47c4fae1233489b48fa4) Importer(815301076,1909f56bfc062723c751e8b465ee728b)
Start importing Assets/Models/soldier/player_character.prefab using Guid(b33783ce9e7c47c4fae1233489b48fa4) Importer(815301076,1909f56bfc062723c751e8b465ee728b) (PreviewImporter) -> (artifact id: '33c169914c9b3934089ffb39f6386913') in 0.0700056 seconds
Number of updated asset objects reloaded before import = 0Number of asset objects unloaded after import = 545

========================================================================
Received Import Request.
  Time since last request: 16.039193 seconds.
  path: Assets/Models/intro/hall_door 1.mat
  artifactKey: Guid(097443192857b4548b747aeb9fac77c9) Importer(815301076,1909f56bfc062723c751e8b465ee728b)
Start importing Assets/Models/intro/hall_door 1.mat using Guid(097443192857b4548b747aeb9fac77c9) Importer(815301076,1909f56bfc062723c751e8b465ee728b) (PreviewImporter) -> (artifact id: '6737582ae05d65100552fdfbd8a91340') in 0.1470111 seconds
Number of updated asset objects reloaded before import = 0Number of asset objects unloaded after import = 2

========================================================================
Received Import Request.
  Time since last request: 0.000034 seconds.
  path: Assets/Models/intro/hall_trim.mat
  artifactKey: Guid(0fff60d5dc7763f4d80814a2a7e99a24) Importer(815301076,1909f56bfc062723c751e8b465ee728b)
Start importing Assets/Models/intro/hall_trim.mat using Guid(0fff60d5dc7763f4d80814a2a7e99a24) Importer(815301076,1909f56bfc062723c751e8b465ee728b) (PreviewImporter) -> (artifact id: '1dbf030dc6287634e4a04e72e4f13727') in 0.0551035 seconds
Number of updated asset objects reloaded before import = 0Number of asset objects unloaded after import = 2

========================================================================
Received Prepare
Refreshing native plugins compatible for Editor in 5.26 ms, found 4 plugins.
Preloading 0 native plugins for Editor in 0.00 ms.
Unloading 18 Unused Serialized files (Serialized files now loaded: 0)
Unloading 19 unused Assets / (2.1 MB). Loaded Objects now: 9381.
Memory consumption went from 174.9 MB to 172.8 MB.
Total: 134.681800 ms (FindLiveObjects: 2.471000 ms CreateObjectMapping: 1.987900 ms MarkObjects: 125.898000 ms  DeleteObjects: 4.319400 ms)

Prepare: number of updated asset objects reloaded= 0
========================================================================
Received Import Request.
  Time since last request: 289.858791 seconds.
  path: Assets/Textures/horn.png
  artifactKey: Guid(e82d68b03571c1143844d9e609ac49f0) Importer(815301076,1909f56bfc062723c751e8b465ee728b)
Start importing Assets/Textures/horn.png using Guid(e82d68b03571c1143844d9e609ac49f0) Importer(815301076,1909f56bfc062723c751e8b465ee728b) (PreviewImporter) -> (artifact id: 'b44695a4f35c49eba1c7cc49a76d26d0') in 0.2036402 seconds
Number of updated asset objects reloaded before import = 0Number of asset objects unloaded after import = 2

========================================================================
Received Import Request.
  Time since last request: 73.402843 seconds.
  path: Assets/Models/soldier/rigged_soldier.fbx
  artifactKey: Guid(2ffb7321fcb349b4ca741d22ebde406c) Importer(815301076,1909f56bfc062723c751e8b465ee728b)
Start importing Assets/Models/soldier/rigged_soldier.fbx using Guid(2ffb7321fcb349b4ca741d22ebde406c) Importer(815301076,1909f56bfc062723c751e8b465ee728b) (PreviewImporter) -> (artifact id: 'acf430d71f7758ab6f663e8576864776') in 0.4409027 seconds
Number of updated asset objects reloaded before import = 0Number of asset objects unloaded after import = 301

========================================================================
Received Import Request.
  Time since last request: 2010.618606 seconds.
  path: Assets/Models/intro/wall 1.mat
  artifactKey: Guid(1bc2c90299114f744ad22bdbd4eecf24) Importer(815301076,1909f56bfc062723c751e8b465ee728b)
Start importing Assets/Models/intro/wall 1.mat using Guid(1bc2c90299114f744ad22bdbd4eecf24) Importer(815301076,1909f56bfc062723c751e8b465ee728b) (PreviewImporter) -> (artifact id: 'be79b5ab87264616d44edffbf9c9f08d') in 0.063998 seconds
Number of updated asset objects reloaded before import = 0Number of asset objects unloaded after import = 6

========================================================================
Received Import Request.
  Time since last request: 361.893009 seconds.
  path: Assets/Models/intro/cutscene scene.fbx
  artifactKey: Guid(941cc70c56008524b84d55509a2b56fc) Importer(815301076,1909f56bfc062723c751e8b465ee728b)
Start importing Assets/Models/intro/cutscene scene.fbx using Guid(941cc70c56008524b84d55509a2b56fc) Importer(815301076,1909f56bfc062723c751e8b465ee728b) (PreviewImporter) -> (artifact id: '60240d34cd97575bd78ddc84ce93be38') in 0.1649807 seconds
Number of updated asset objects reloaded before import = 0Number of asset objects unloaded after import = 54

========================================================================
Received Prepare
Refreshing native plugins compatible for Editor in 2.55 ms, found 4 plugins.
Preloading 0 native plugins for Editor in 0.00 ms.
Unloading 18 Unused Serialized files (Serialized files now loaded: 0)
Unloading 19 unused Assets / (2.1 MB). Loaded Objects now: 9385.
Memory consumption went from 172.2 MB to 170.1 MB.
Total: 73.749300 ms (FindLiveObjects: 1.561100 ms CreateObjectMapping: 0.429900 ms MarkObjects: 71.099200 ms  DeleteObjects: 0.656200 ms)

Prepare: number of updated asset objects reloaded= 49
========================================================================
Received Import Request.
  Time since last request: 117.670859 seconds.
  path: Assets/Models/intro/floor.mat
  artifactKey: Guid(351e74ad4bebcff46a9d3af18f2c01db) Importer(815301076,1909f56bfc062723c751e8b465ee728b)
Start importing Assets/Models/intro/floor.mat using Guid(351e74ad4bebcff46a9d3af18f2c01db) Importer(815301076,1909f56bfc062723c751e8b465ee728b) (PreviewImporter) -> (artifact id: '4859482492a5d7158f44800684b5b8c0') in 17.004652 seconds
Number of updated asset objects reloaded before import = 0Number of asset objects unloaded after import = 2

========================================================================
Received Import Request.
  Time since last request: 0.000051 seconds.
  path: Assets/Models/intro/Mat_Marble_White_01-256x256.png
  artifactKey: Guid(9b5c60967352704479de9257ec3bf84e) Importer(815301076,1909f56bfc062723c751e8b465ee728b)
Start importing Assets/Models/intro/Mat_Marble_White_01-256x256.png using Guid(9b5c60967352704479de9257ec3bf84e) Importer(815301076,1909f56bfc062723c751e8b465ee728b) (PreviewImporter) -> (artifact id: '72337ca0eba7c618365f3a94ae1d1dbe') in 0.0416158 seconds
Number of updated asset objects reloaded before import = 0Number of asset objects unloaded after import = 2

========================================================================
Received Import Request.
  Time since last request: 0.000073 seconds.
  path: Assets/Models/intro/Mat_Stone_Black_01-256x256.png
  artifactKey: Guid(9c89179af58c5db41927e29288a30e3b) Importer(815301076,1909f56bfc062723c751e8b465ee728b)
Start importing Assets/Models/intro/Mat_Stone_Black_01-256x256.png using Guid(9c89179af58c5db41927e29288a30e3b) Importer(815301076,1909f56bfc062723c751e8b465ee728b) (PreviewImporter) -> (artifact id: '0cc62cd67673953230b620e7697b664e') in 0.0253267 seconds
Number of updated asset objects reloaded before import = 0Number of asset objects unloaded after import = 2

========================================================================
Received Import Request.
  Time since last request: 0.000051 seconds.
  path: Assets/Models/intro/stair.mat
  artifactKey: Guid(3c2de2ea9392d774b9c2e99e67f5c287) Importer(815301076,1909f56bfc062723c751e8b465ee728b)
Start importing Assets/Models/intro/stair.mat using Guid(3c2de2ea9392d774b9c2e99e67f5c287) Importer(815301076,1909f56bfc062723c751e8b465ee728b) (PreviewImporter) -> (artifact id: 'bdfb32538d195910ace7c56c7d32bcfa') in 0.0276385 seconds
Number of updated asset objects reloaded before import = 0Number of asset objects unloaded after import = 2

========================================================================
Received Import Request.
  Time since last request: 0.000097 seconds.
  path: Assets/Models/intro/sand.mat
  artifactKey: Guid(b5d985f4752d66c4fa80094e9bfc6b6c) Importer(815301076,1909f56bfc062723c751e8b465ee728b)
Start importing Assets/Models/intro/sand.mat using Guid(b5d985f4752d66c4fa80094e9bfc6b6c) Importer(815301076,1909f56bfc062723c751e8b465ee728b) (PreviewImporter) -> (artifact id: '78c8227fa8d35e3830cf93f797cb1489') in 5.0200743 seconds
Number of updated asset objects reloaded before import = 0Number of asset objects unloaded after import = 6

========================================================================
Received Import Request.
  Time since last request: 0.000138 seconds.
  path: Assets/Models/intro/wall 1.mat
  artifactKey: Guid(1bc2c90299114f744ad22bdbd4eecf24) Importer(815301076,1909f56bfc062723c751e8b465ee728b)
Start importing Assets/Models/intro/wall 1.mat using Guid(1bc2c90299114f744ad22bdbd4eecf24) Importer(815301076,1909f56bfc062723c751e8b465ee728b) (PreviewImporter) -> (artifact id: 'cd77edd967663890f053dcab0b6e4ba1') in 0.0405361 seconds
Number of updated asset objects reloaded before import = 0Number of asset objects unloaded after import = 6

========================================================================
Received Import Request.
  Time since last request: 300.033487 seconds.
  path: Assets/Models/intro/gap.mat
  artifactKey: Guid(0864b7e2c755de24a86e4ff6f159e22f) Importer(815301076,1909f56bfc062723c751e8b465ee728b)
Start importing Assets/Models/intro/gap.mat using Guid(0864b7e2c755de24a86e4ff6f159e22f) Importer(815301076,1909f56bfc062723c751e8b465ee728b) (PreviewImporter) -> (artifact id: '7e5bed17020381b3714da0a417dac3b8') in 0.0277809 seconds
Number of updated asset objects reloaded before import = 0Number of asset objects unloaded after import = 1

========================================================================
Received Import Request.
  Time since last request: 0.000068 seconds.
  path: Assets/Models/intro/sky.mat
  artifactKey: Guid(13fd38cd63febe643b60243653b92ac8) Importer(815301076,1909f56bfc062723c751e8b465ee728b)
Start importing Assets/Models/intro/sky.mat using Guid(13fd38cd63febe643b60243653b92ac8) Importer(815301076,1909f56bfc062723c751e8b465ee728b) (PreviewImporter) -> (artifact id: 'ac2f7dbb66c6988129fe901c3910ca3f') in 0.2907156 seconds
Number of updated asset objects reloaded before import = 0Number of asset objects unloaded after import = 3

========================================================================
Received Prepare
Assembly reference Packages/com.unity.entities/Unity.Scenes.Editor/Internals/Properties/Unity.Properties.Internals.asmref has no target assembly definition
Assembly reference Packages/com.unity.entities/Unity.Scenes.Editor/Internals/Properties/Unity.Properties.Internals.asmref has no target assembly definition
Begin MonoManager ReloadAssembly
Symbol file LoadedFromMemory is not a mono symbol file
- Loaded All Assemblies, in 15.911 seconds
Assembly reference Packages/com.unity.entities/Unity.Scenes.Editor/Internals/Properties/Unity.Properties.Internals.asmref has no target assembly definition
Refreshing native plugins compatible for Editor in 2.78 ms, found 4 plugins.
Native extension for WindowsStandalone target not found
Assembly reference Packages/com.unity.entities/Unity.Scenes.Editor/Internals/Properties/Unity.Properties.Internals.asmref has no target assembly definition
TypeManager.Initialize took: 681ms
System.Reflection.TargetInvocationException: Exception has been thrown by the target of an invocation. ---> System.NullReferenceException: Object reference not set to an instance of an object
  at Unity.Multiplayer.Playmode.Workflow.Editor.ProjectDataStore..ctor (System.String directory) [0x0006e] in .\Library\PackageCache\com.unity.multiplayer.playmode\Workflow\Editor\Configuration\ProjectDataStore.cs:55 
  at Unity.Multiplayer.Playmode.Workflow.Editor.ProjectDataStore.GetMain () [0x00000] in .\Library\PackageCache\com.unity.multiplayer.playmode\Workflow\Editor\Configuration\ProjectDataStore.cs:36 
  at Unity.Multiplayer.Playmode.Workflow.Editor.WorkflowMainEditorContext..ctor (Unity.Multiplayer.Playmode.VirtualProjects.Editor.MainEditorContext mainEditorContext) [0x0002c] in .\Library\PackageCache\com.unity.multiplayer.playmode\Workflow\Editor\Contexts\WorkflowMainEditorContext.cs:15 
  at Unity.Multiplayer.Playmode.Workflow.Editor.VirtualProjectWorkflow.InitializeMPPMContexts () [0x00018] in .\Library\PackageCache\com.unity.multiplayer.playmode\Workflow\Editor\Workflow\VirtualProjectWorkflow.cs:198 
  at Unity.Multiplayer.Playmode.Workflow.Editor.VirtualProjectWorkflow+<>c.<.cctor>b__22_0 () [0x00036] in .\Library\PackageCache\com.unity.multiplayer.playmode\Workflow\Editor\Workflow\VirtualProjectWorkflow.cs:85 
  at Unity.Multiplayer.Playmode.VirtualProjects.Editor.EditorContexts.SendReadyEvent () [0x00038] in .\Library\PackageCache\com.unity.multiplayer.playmode\VirtualProjects\Editor\Contexts\EditorContexts.cs:56 
  at (wrapper managed-to-native) System.Reflection.RuntimeMethodInfo.InternalInvoke(System.Reflection.RuntimeMethodInfo,object,object[],System.Exception&)
  at System.Reflection.RuntimeMethodInfo.Invoke (System.Object obj, System.Reflection.BindingFlags invokeAttr, System.Reflection.Binder binder, System.Object[] parameters, System.Globalization.CultureInfo culture) [0x0006a] in <ed969b0e627d471da4848289f9c322df>:0 
   --- End of inner exception stack trace ---
  at System.Reflection.RuntimeMethodInfo.Invoke (System.Object obj, System.Reflection.BindingFlags invokeAttr, System.Reflection.Binder binder, System.Object[] parameters, System.Globalization.CultureInfo culture) [0x00083] in <ed969b0e627d471da4848289f9c322df>:0 
  at System.Reflection.MethodBase.Invoke (System.Object obj, System.Object[] parameters) [0x00000] in <ed969b0e627d471da4848289f9c322df>:0 
  at UnityEditor.EditorAssemblies.ProcessInitializeOnLoadMethodAttributes () [0x00056] in <4e9c48eedf6f482fa439ccf335631481>:0 
UnityEngine.Debug:ExtractStackTraceNoAlloc (byte*,int,string)
UnityEngine.StackTraceUtility:ExtractStackTrace ()
UnityEngine.DebugLogHandler:Internal_Log (UnityEngine.LogType,UnityEngine.LogOption,string,UnityEngine.Object)
UnityEngine.DebugLogHandler:LogFormat (UnityEngine.LogType,UnityEngine.Object,string,object[])
UnityEngine.Logger:Log (UnityEngine.LogType,object)
UnityEngine.Debug:LogError (object)
UnityEditor.EditorAssemblies:ProcessInitializeOnLoadMethodAttributes ()

Mono: successfully reloaded assembly
- Finished resetting the current domain, in  2.889 seconds
Domain Reload Profiling: 18800ms
	BeginReloadAssembly (1590ms)
		ExecutionOrderSort (0ms)
		DisableScriptedObjects (336ms)
		BackupInstance (0ms)
		ReleaseScriptingObjects (1ms)
		CreateAndSetChildDomain (546ms)
	RebuildCommonClasses (66ms)
	RebuildNativeTypeToScriptingClass (22ms)
	initialDomainReloadingComplete (60ms)
	LoadAllAssembliesAndSetupDomain (14172ms)
		LoadAssemblies (13781ms)
		RebuildTransferFunctionScriptingTraits (0ms)
		AnalyzeDomain (937ms)
			TypeCache.Refresh (49ms)
				TypeCache.ScanAssembly (4ms)
			BuildScriptInfoCaches (855ms)
			ResolveRequiredComponents (21ms)
	FinalizeReload (2890ms)
		ReleaseScriptCaches (0ms)
		RebuildScriptCaches (0ms)
		SetupLoadedEditorAssemblies (2342ms)
			LogAssemblyErrors (0ms)
			InitializePlatformSupportModulesInManaged (4ms)
			SetLoadedEditorAssemblies (11ms)
			BeforeProcessingInitializeOnLoad (272ms)
			ProcessInitializeOnLoadAttributes (1576ms)
			ProcessInitializeOnLoadMethodAttributes (467ms)
			AfterProcessingInitializeOnLoad (10ms)
			EditorAssembliesLoaded (1ms)
		ExecutionOrderSort2 (0ms)
		AwakeInstancesAfterBackupRestoration (18ms)
Refreshing native plugins compatible for Editor in 2.89 ms, found 4 plugins.
Preloading 0 native plugins for Editor in 0.00 ms.
Unloading 27 Unused Serialized files (Serialized files now loaded: 0)
Unloading 8557 unused Assets / (5.8 MB). Loaded Objects now: 9265.
Memory consumption went from 188.7 MB to 182.8 MB.
Total: 43.005600 ms (FindLiveObjects: 1.560500 ms CreateObjectMapping: 3.004500 ms MarkObjects: 26.940500 ms  DeleteObjects: 11.497200 ms)

Unloading 0 Unused Serialized files (Serialized files now loaded: 0)
Unloading 0 unused Assets / (5.5 MB). Loaded Objects now: 9265.
Memory consumption went from 182.8 MB to 177.4 MB.
Total: 21.446200 ms (FindLiveObjects: 1.724100 ms CreateObjectMapping: 1.492400 ms MarkObjects: 16.353900 ms  DeleteObjects: 1.873600 ms)

Prepare: number of updated asset objects reloaded= 0
========================================================================
Received Import Request.
  Time since last request: 479.837843 seconds.
  path: Assets/Tree.prefab
  artifactKey: Guid(561eacd6ec7a7b447811b857a6baa04b) Importer(815301076,1909f56bfc062723c751e8b465ee728b)
Start importing Assets/Tree.prefab using Guid(561eacd6ec7a7b447811b857a6baa04b) Importer(815301076,1909f56bfc062723c751e8b465ee728b) (PreviewImporter) -> (artifact id: '3cdf6cc9fcc531a95e0ff10eabe02f41') in 1.2706241 seconds
Number of updated asset objects reloaded before import = 0Number of asset objects unloaded after import = 15

========================================================================
Received Import Request.
  Time since last request: 918.720840 seconds.
  path: Assets/Models/intro/floor.mat
  artifactKey: Guid(351e74ad4bebcff46a9d3af18f2c01db) Importer(815301076,1909f56bfc062723c751e8b465ee728b)
Start importing Assets/Models/intro/floor.mat using Guid(351e74ad4bebcff46a9d3af18f2c01db) Importer(815301076,1909f56bfc062723c751e8b465ee728b) (PreviewImporter) -> (artifact id: '40f522bf125192870a0b4286612749a5') in 0.0852859 seconds
Number of updated asset objects reloaded before import = 21Number of asset objects unloaded after import = 2

========================================================================
Received Import Request.
  Time since last request: 0.000044 seconds.
  path: Assets/Models/intro/stair.mat
  artifactKey: Guid(3c2de2ea9392d774b9c2e99e67f5c287) Importer(815301076,1909f56bfc062723c751e8b465ee728b)
Start importing Assets/Models/intro/stair.mat using Guid(3c2de2ea9392d774b9c2e99e67f5c287) Importer(815301076,1909f56bfc062723c751e8b465ee728b) (PreviewImporter) -> (artifact id: '099a66271a74da776545074cb9eae0d3') in 0.036231 seconds
Number of updated asset objects reloaded before import = 0Number of asset objects unloaded after import = 2

========================================================================
Received Import Request.
  Time since last request: 0.000080 seconds.
  path: Assets/Models/intro/hall_trim.mat
  artifactKey: Guid(0fff60d5dc7763f4d80814a2a7e99a24) Importer(815301076,1909f56bfc062723c751e8b465ee728b)
Start importing Assets/Models/intro/hall_trim.mat using Guid(0fff60d5dc7763f4d80814a2a7e99a24) Importer(815301076,1909f56bfc062723c751e8b465ee728b) (PreviewImporter) -> (artifact id: '0c3cfab98f619baddb4dd5d922af35b9') in 0.0323574 seconds
Number of updated asset objects reloaded before import = 0Number of asset objects unloaded after import = 2

========================================================================
Received Import Request.
  Time since last request: 0.000081 seconds.
  path: Assets/Models/intro/hall_wall.mat
  artifactKey: Guid(911282371ace47a478ccee4fc06f80e1) Importer(815301076,1909f56bfc062723c751e8b465ee728b)
Start importing Assets/Models/intro/hall_wall.mat using Guid(911282371ace47a478ccee4fc06f80e1) Importer(815301076,1909f56bfc062723c751e8b465ee728b) (PreviewImporter) -> (artifact id: 'fdffd506d1080300fd02c80180ebe6e4') in 0.0257743 seconds
Number of updated asset objects reloaded before import = 0Number of asset objects unloaded after import = 2

========================================================================
Received Import Request.
  Time since last request: 0.000037 seconds.
  path: Assets/Models/intro/hall_door_frame.mat
  artifactKey: Guid(a0d1509833f8b374f94f27b504a43c61) Importer(815301076,1909f56bfc062723c751e8b465ee728b)
Start importing Assets/Models/intro/hall_door_frame.mat using Guid(a0d1509833f8b374f94f27b504a43c61) Importer(815301076,1909f56bfc062723c751e8b465ee728b) (PreviewImporter) -> (artifact id: '0933a661134a88d0640e28a89dc19c20') in 0.0297759 seconds
Number of updated asset objects reloaded before import = 0Number of asset objects unloaded after import = 2

========================================================================
Received Import Request.
  Time since last request: 0.000050 seconds.
  path: Assets/Models/intro/side.mat
  artifactKey: Guid(17d8a09b24df7e648a6a03e7c5db4558) Importer(815301076,1909f56bfc062723c751e8b465ee728b)
Start importing Assets/Models/intro/side.mat using Guid(17d8a09b24df7e648a6a03e7c5db4558) Importer(815301076,1909f56bfc062723c751e8b465ee728b) (PreviewImporter) -> (artifact id: '2fe0c6a90be569e99d9a619b650ef657') in 0.0265294 seconds
Number of updated asset objects reloaded before import = 0Number of asset objects unloaded after import = 2

Editor requested this worker to shutdown with reason: Scaling down because of idle timeout
AssetImportWorker is now disconnected from the server
Process exiting
Exiting without the bug reporter. Application will terminate with return code 0