Using pre-set license
Built from '6000.0/staging' branch; Version is '6000.0.30f1 (62b05ba0686a) revision 6467675'; Using compiler version '193933523'; Build Type 'Release'
OS: 'Windows 10  (10.0.19045) 64bit Education' Language: 'en' Physical Memory: 16304 MB
BatchMode: 1, IsHumanControllingUs: 0, StartBugReporterOnCrash: 0, Is64bit: 1, IsPro: 1

COMMAND LINE ARGUMENTS:
C:\Program Files\Unity\Hub\Editor\6000.0.30f1\Editor\Unity.exe
-adb2
-batchMode
-noUpm
-name
AssetImportWorker4
-projectPath
D:/UnityProjects/InstrumentumPandemonium
-logFile
Logs/AssetImportWorker4.log
-srvPort
58760
-job-worker-count
7
-background-job-worker-count
8
-asset-garbage-collectors
1
Successfully changed project path to: D:/UnityProjects/InstrumentumPandemonium
D:/UnityProjects/InstrumentumPandemonium
[UnityMemory] Configuration Parameters - Can be set up in boot.config
    "memorysetup-bucket-allocator-granularity=16"
    "memorysetup-bucket-allocator-bucket-count=8"
    "memorysetup-bucket-allocator-block-size=33554432"
    "memorysetup-bucket-allocator-block-count=8"
    "memorysetup-main-allocator-block-size=16777216"
    "memorysetup-thread-allocator-block-size=16777216"
    "memorysetup-gfx-main-allocator-block-size=16777216"
    "memorysetup-gfx-thread-allocator-block-size=16777216"
    "memorysetup-cache-allocator-block-size=4194304"
    "memorysetup-typetree-allocator-block-size=2097152"
    "memorysetup-profiler-bucket-allocator-granularity=16"
    "memorysetup-profiler-bucket-allocator-bucket-count=8"
    "memorysetup-profiler-bucket-allocator-block-size=33554432"
    "memorysetup-profiler-bucket-allocator-block-count=8"
    "memorysetup-profiler-allocator-block-size=16777216"
    "memorysetup-profiler-editor-allocator-block-size=1048576"
    "memorysetup-temp-allocator-size-main=16777216"
    "memorysetup-job-temp-allocator-block-size=2097152"
    "memorysetup-job-temp-allocator-block-size-background=1048576"
    "memorysetup-job-temp-allocator-reduction-small-platforms=262144"
    "memorysetup-allocator-temp-initial-block-size-main=262144"
    "memorysetup-allocator-temp-initial-block-size-worker=262144"
    "memorysetup-temp-allocator-size-background-worker=32768"
    "memorysetup-temp-allocator-size-job-worker=262144"
    "memorysetup-temp-allocator-size-preload-manager=33554432"
    "memorysetup-temp-allocator-size-nav-mesh-worker=65536"
    "memorysetup-temp-allocator-size-audio-worker=65536"
    "memorysetup-temp-allocator-size-cloud-worker=32768"
    "memorysetup-temp-allocator-size-gi-baking-worker=262144"
    "memorysetup-temp-allocator-size-gi-baking-worker=262144"
    "memorysetup-temp-allocator-size-gi-baking-worker=262144"
    "memorysetup-temp-allocator-size-gi-baking-worker=262144"
    "memorysetup-temp-allocator-size-gi-baking-worker=262144"
    "memorysetup-temp-allocator-size-gfx=262144"
Player connection [20468]  Target information:

Player connection [20468]  * "[IP] 192.168.1.76 [Port] 0 [Flags] 2 [Guid] 503166979 [EditorId] 503166979 [Version] 1048832 [Id] WindowsEditor(7,DESKTOP-65P1NK5) [Debug] 1 [PackageName] WindowsEditor [ProjectName] Editor" 

Player connection [20468] Host joined multi-casting on [225.0.0.222:54997]...
Player connection [20468] Host joined alternative multi-casting on [225.0.0.222:34997]...
JobSystem: Creating JobQueue using job-worker-count value 7
[Physics::Module] Initialized fallback backend.
[Physics::Module] Id: 0xdecafbad
Library Redirect Path: Library/
[Physics::Module] Selected backend.
[Physics::Module] Name: PhysX
[Physics::Module] Id: 0xf2b8ea05
[Physics::Module] SDK Version: 4.1.2
[Physics::Module] Integration Version: 1.0.0
[Physics::Module] Threading Mode: Multi-Threaded
Refreshing native plugins compatible for Editor in 28.08 ms, found 4 plugins.
Preloading 0 native plugins for Editor in 0.00 ms.
Initialize engine version: 6000.0.30f1 (62b05ba0686a)
[Subsystems] Discovering subsystems at path C:/Program Files/Unity/Hub/Editor/6000.0.30f1/Editor/Data/Resources/UnitySubsystems
[Subsystems] Discovering subsystems at path D:/UnityProjects/InstrumentumPandemonium/Assets
GfxDevice: creating device client; kGfxThreadingModeNonThreaded
Direct3D:
    Version:  Direct3D 11.0 [level 11.1]
    Renderer: NVIDIA GeForce RTX 2060 (ID=0x1f08)
    Vendor:   NVIDIA
    VRAM:     5954 MB
    Driver:   32.0.15.6636
Initialize mono
Mono path[0] = 'C:/Program Files/Unity/Hub/Editor/6000.0.30f1/Editor/Data/Managed'
Mono path[1] = 'C:/Program Files/Unity/Hub/Editor/6000.0.30f1/Editor/Data/MonoBleedingEdge/lib/mono/unityjit-win32'
Mono config path = 'C:/Program Files/Unity/Hub/Editor/6000.0.30f1/Editor/Data/MonoBleedingEdge/etc'
Using monoOptions --debugger-agent=transport=dt_socket,embedding=1,server=y,suspend=n,address=127.0.0.1:56640
Begin MonoManager ReloadAssembly
Registering precompiled unity dll's ...
Register platform support module: C:/Program Files/Unity/Hub/Editor/6000.0.30f1/Editor/Data/PlaybackEngines/WindowsStandaloneSupport/UnityEditor.WindowsStandalone.Extensions.dll
Registered in 0.010148 seconds.
- Loaded All Assemblies, in  0.979 seconds
Native extension for WindowsStandalone target not found
Mono: successfully reloaded assembly
- Finished resetting the current domain, in  0.720 seconds
Domain Reload Profiling: 1694ms
	BeginReloadAssembly (449ms)
		ExecutionOrderSort (0ms)
		DisableScriptedObjects (0ms)
		BackupInstance (0ms)
		ReleaseScriptingObjects (0ms)
		CreateAndSetChildDomain (1ms)
	RebuildCommonClasses (76ms)
	RebuildNativeTypeToScriptingClass (21ms)
	initialDomainReloadingComplete (109ms)
	LoadAllAssembliesAndSetupDomain (318ms)
		LoadAssemblies (438ms)
		RebuildTransferFunctionScriptingTraits (0ms)
		AnalyzeDomain (313ms)
			TypeCache.Refresh (311ms)
				TypeCache.ScanAssembly (288ms)
			BuildScriptInfoCaches (0ms)
			ResolveRequiredComponents (1ms)
	FinalizeReload (721ms)
		ReleaseScriptCaches (0ms)
		RebuildScriptCaches (0ms)
		SetupLoadedEditorAssemblies (608ms)
			LogAssemblyErrors (0ms)
			InitializePlatformSupportModulesInManaged (57ms)
			SetLoadedEditorAssemblies (12ms)
			BeforeProcessingInitializeOnLoad (106ms)
			ProcessInitializeOnLoadAttributes (319ms)
			ProcessInitializeOnLoadMethodAttributes (115ms)
			AfterProcessingInitializeOnLoad (0ms)
			EditorAssembliesLoaded (0ms)
		ExecutionOrderSort2 (0ms)
		AwakeInstancesAfterBackupRestoration (0ms)
Assembly reference Packages/com.unity.entities/Unity.Scenes.Editor/Internals/Properties/Unity.Properties.Internals.asmref has no target assembly definition
========================================================================
Worker process is ready to serve import requests
Import Worker Mode flag is 0x00
Assembly reference Packages/com.unity.entities/Unity.Scenes.Editor/Internals/Properties/Unity.Properties.Internals.asmref has no target assembly definition
Assembly reference Packages/com.unity.entities/Unity.Scenes.Editor/Internals/Properties/Unity.Properties.Internals.asmref has no target assembly definition
Begin MonoManager ReloadAssembly
Symbol file LoadedFromMemory is not a mono symbol file
- Loaded All Assemblies, in  3.481 seconds
Assembly reference Packages/com.unity.entities/Unity.Scenes.Editor/Internals/Properties/Unity.Properties.Internals.asmref has no target assembly definition
Refreshing native plugins compatible for Editor in 2.33 ms, found 4 plugins.
Native extension for WindowsStandalone target not found
Assembly reference Packages/com.unity.entities/Unity.Scenes.Editor/Internals/Properties/Unity.Properties.Internals.asmref has no target assembly definition
TypeManager.Initialize took: 745ms
System.Reflection.TargetInvocationException: Exception has been thrown by the target of an invocation. ---> System.NullReferenceException: Object reference not set to an instance of an object
  at Unity.Multiplayer.Playmode.Workflow.Editor.ProjectDataStore..ctor (System.String directory) [0x0006e] in .\Library\PackageCache\com.unity.multiplayer.playmode\Workflow\Editor\Configuration\ProjectDataStore.cs:55 
  at Unity.Multiplayer.Playmode.Workflow.Editor.ProjectDataStore.GetMain () [0x00000] in .\Library\PackageCache\com.unity.multiplayer.playmode\Workflow\Editor\Configuration\ProjectDataStore.cs:36 
  at Unity.Multiplayer.Playmode.Workflow.Editor.WorkflowMainEditorContext..ctor (Unity.Multiplayer.Playmode.VirtualProjects.Editor.MainEditorContext mainEditorContext) [0x0002c] in .\Library\PackageCache\com.unity.multiplayer.playmode\Workflow\Editor\Contexts\WorkflowMainEditorContext.cs:15 
  at Unity.Multiplayer.Playmode.Workflow.Editor.VirtualProjectWorkflow.InitializeMPPMContexts () [0x00018] in .\Library\PackageCache\com.unity.multiplayer.playmode\Workflow\Editor\Workflow\VirtualProjectWorkflow.cs:198 
  at Unity.Multiplayer.Playmode.Workflow.Editor.VirtualProjectWorkflow+<>c.<.cctor>b__22_0 () [0x00036] in .\Library\PackageCache\com.unity.multiplayer.playmode\Workflow\Editor\Workflow\VirtualProjectWorkflow.cs:85 
  at Unity.Multiplayer.Playmode.VirtualProjects.Editor.EditorContexts.SendReadyEvent () [0x00038] in .\Library\PackageCache\com.unity.multiplayer.playmode\VirtualProjects\Editor\Contexts\EditorContexts.cs:56 
  at (wrapper managed-to-native) System.Reflection.RuntimeMethodInfo.InternalInvoke(System.Reflection.RuntimeMethodInfo,object,object[],System.Exception&)
  at System.Reflection.RuntimeMethodInfo.Invoke (System.Object obj, System.Reflection.BindingFlags invokeAttr, System.Reflection.Binder binder, System.Object[] parameters, System.Globalization.CultureInfo culture) [0x0006a] in <ed969b0e627d471da4848289f9c322df>:0 
   --- End of inner exception stack trace ---
  at System.Reflection.RuntimeMethodInfo.Invoke (System.Object obj, System.Reflection.BindingFlags invokeAttr, System.Reflection.Binder binder, System.Object[] parameters, System.Globalization.CultureInfo culture) [0x00083] in <ed969b0e627d471da4848289f9c322df>:0 
  at System.Reflection.MethodBase.Invoke (System.Object obj, System.Object[] parameters) [0x00000] in <ed969b0e627d471da4848289f9c322df>:0 
  at UnityEditor.EditorAssemblies.ProcessInitializeOnLoadMethodAttributes () [0x00056] in <4e9c48eedf6f482fa439ccf335631481>:0 
UnityEngine.Debug:ExtractStackTraceNoAlloc (byte*,int,string)
UnityEngine.StackTraceUtility:ExtractStackTrace ()
UnityEngine.DebugLogHandler:Internal_Log (UnityEngine.LogType,UnityEngine.LogOption,string,UnityEngine.Object)
UnityEngine.DebugLogHandler:LogFormat (UnityEngine.LogType,UnityEngine.Object,string,object[])
UnityEngine.Logger:Log (UnityEngine.LogType,object)
UnityEngine.Debug:LogError (object)
UnityEditor.EditorAssemblies:ProcessInitializeOnLoadMethodAttributes ()

Mono: successfully reloaded assembly
- Finished resetting the current domain, in  3.721 seconds
Domain Reload Profiling: 7195ms
	BeginReloadAssembly (341ms)
		ExecutionOrderSort (0ms)
		DisableScriptedObjects (12ms)
		BackupInstance (0ms)
		ReleaseScriptingObjects (0ms)
		CreateAndSetChildDomain (58ms)
	RebuildCommonClasses (72ms)
	RebuildNativeTypeToScriptingClass (21ms)
	initialDomainReloadingComplete (74ms)
	LoadAllAssembliesAndSetupDomain (2965ms)
		LoadAssemblies (2457ms)
		RebuildTransferFunctionScriptingTraits (0ms)
		AnalyzeDomain (717ms)
			TypeCache.Refresh (525ms)
				TypeCache.ScanAssembly (476ms)
			BuildScriptInfoCaches (163ms)
			ResolveRequiredComponents (24ms)
	FinalizeReload (3722ms)
		ReleaseScriptCaches (0ms)
		RebuildScriptCaches (0ms)
		SetupLoadedEditorAssemblies (2978ms)
			LogAssemblyErrors (0ms)
			InitializePlatformSupportModulesInManaged (4ms)
			SetLoadedEditorAssemblies (11ms)
			BeforeProcessingInitializeOnLoad (268ms)
			ProcessInitializeOnLoadAttributes (1951ms)
			ProcessInitializeOnLoadMethodAttributes (730ms)
			AfterProcessingInitializeOnLoad (14ms)
			EditorAssembliesLoaded (1ms)
		ExecutionOrderSort2 (0ms)
		AwakeInstancesAfterBackupRestoration (12ms)
Launched and connected shader compiler UnityShaderCompiler.exe after 0.25 seconds
Refreshing native plugins compatible for Editor in 3.65 ms, found 4 plugins.
Preloading 0 native plugins for Editor in 0.00 ms.
Unloading 215 Unused Serialized files (Serialized files now loaded: 0)
Unloading 8528 unused Assets / (6.7 MB). Loaded Objects now: 9190.
Memory consumption went from 185.1 MB to 178.4 MB.
Total: 86.095300 ms (FindLiveObjects: 4.290700 ms CreateObjectMapping: 6.616100 ms MarkObjects: 41.311900 ms  DeleteObjects: 33.865300 ms)

========================================================================
Received Import Request.
  Time since last request: 220989.551754 seconds.
  path: Assets/Materials/tower_floor.mat
  artifactKey: Guid(49e7c5c8f622ae046a77a84f58e5a4e7) Importer(815301076,1909f56bfc062723c751e8b465ee728b)
Start importing Assets/Materials/tower_floor.mat using Guid(49e7c5c8f622ae046a77a84f58e5a4e7) Importer(815301076,1909f56bfc062723c751e8b465ee728b) (PreviewImporter) -> (artifact id: 'c36e55ab77d8588e01900969281e0746') in 0.8035615 seconds
Number of updated asset objects reloaded before import = 0Number of asset objects unloaded after import = 2

========================================================================
Received Import Request.
  Time since last request: 25.720918 seconds.
  path: Assets/Materials/maps
  artifactKey: Guid(170c12cd6e52e3149b46ccaa9972c640) Importer(815301076,1909f56bfc062723c751e8b465ee728b)
Start importing Assets/Materials/maps using Guid(170c12cd6e52e3149b46ccaa9972c640) Importer(815301076,1909f56bfc062723c751e8b465ee728b) (PreviewImporter) -> (artifact id: 'cf9e04d5fdc1b9267336d30ca72b0c9d') in 0.001275 seconds
Number of updated asset objects reloaded before import = 0Number of asset objects unloaded after import = 0

========================================================================
Received Import Request.
  Time since last request: 0.545207 seconds.
  path: Assets/Materials/maps/limbo
  artifactKey: Guid(030227026eaa27341ac18a2c18e6e962) Importer(815301076,1909f56bfc062723c751e8b465ee728b)
Start importing Assets/Materials/maps/limbo using Guid(030227026eaa27341ac18a2c18e6e962) Importer(815301076,1909f56bfc062723c751e8b465ee728b) (PreviewImporter) -> (artifact id: '0ac72dd8e970e0096291eaead316ded8') in 0.0011891 seconds
Number of updated asset objects reloaded before import = 0Number of asset objects unloaded after import = 0

========================================================================
Received Import Request.
  Time since last request: 163.889780 seconds.
  path: Assets/Materials/front_stained_glass.001.mat
  artifactKey: Guid(f0874ee32faad6b45abbe6ae4fec9244) Importer(815301076,1909f56bfc062723c751e8b465ee728b)
Start importing Assets/Materials/front_stained_glass.001.mat using Guid(f0874ee32faad6b45abbe6ae4fec9244) Importer(815301076,1909f56bfc062723c751e8b465ee728b) (PreviewImporter) -> (artifact id: 'ae5bce8547321f4079fc0d07ae805e78') in 0.033547 seconds
Number of updated asset objects reloaded before import = 0Number of asset objects unloaded after import = 6

========================================================================
Received Import Request.
  Time since last request: 0.000128 seconds.
  path: Assets/Materials/tower_stairs.mat
  artifactKey: Guid(459c7e7d8d1a7df459ff46895e9a02ee) Importer(815301076,1909f56bfc062723c751e8b465ee728b)
Start importing Assets/Materials/tower_stairs.mat using Guid(459c7e7d8d1a7df459ff46895e9a02ee) Importer(815301076,1909f56bfc062723c751e8b465ee728b) (PreviewImporter) -> (artifact id: 'd078cbc5ca1cec509aec19caa08f91c2') in 0.0254097 seconds
Number of updated asset objects reloaded before import = 0Number of asset objects unloaded after import = 2

========================================================================
Received Import Request.
  Time since last request: 14.494662 seconds.
  path: Assets/Materials/maps/limbo/tower_door_drame.mat
  artifactKey: Guid(797c5ca3403c9dd4290bebdd112ec0c7) Importer(815301076,1909f56bfc062723c751e8b465ee728b)
Start importing Assets/Materials/maps/limbo/tower_door_drame.mat using Guid(797c5ca3403c9dd4290bebdd112ec0c7) Importer(815301076,1909f56bfc062723c751e8b465ee728b) (PreviewImporter) -> (artifact id: '6adb5c61917b4e14892811729b13ad05') in 0.0423869 seconds
Number of updated asset objects reloaded before import = 0Number of asset objects unloaded after import = 2

========================================================================
Received Import Request.
  Time since last request: 13.385836 seconds.
  path: Assets/Materials/parthenon
  artifactKey: Guid(ac437752c4ce58040a561e1809671682) Importer(815301076,1909f56bfc062723c751e8b465ee728b)
Start importing Assets/Materials/parthenon using Guid(ac437752c4ce58040a561e1809671682) Importer(815301076,1909f56bfc062723c751e8b465ee728b) (PreviewImporter) -> (artifact id: '2eecc9552961f5fda19fdf2cddb8861a') in 0.0207878 seconds
Number of updated asset objects reloaded before import = 0Number of asset objects unloaded after import = 0

========================================================================
Received Import Request.
  Time since last request: 101.645082 seconds.
  path: Assets/Textures/texture pack
  artifactKey: Guid(fc40a7639be69d94199690dca259fa27) Importer(815301076,1909f56bfc062723c751e8b465ee728b)
Start importing Assets/Textures/texture pack using Guid(fc40a7639be69d94199690dca259fa27) Importer(815301076,1909f56bfc062723c751e8b465ee728b) (PreviewImporter) -> (artifact id: '43f6aeda6c1fa5aa9fba09d4ac65e3cc') in 0.0011743 seconds
Number of updated asset objects reloaded before import = 0Number of asset objects unloaded after import = 0

========================================================================
Received Import Request.
  Time since last request: 5.537722 seconds.
  path: Assets/Models/wwmap.fbx
  artifactKey: Guid(9272165cc3de14b499b6ec8cda29792a) Importer(815301076,1909f56bfc062723c751e8b465ee728b)
Start importing Assets/Models/wwmap.fbx using Guid(9272165cc3de14b499b6ec8cda29792a) Importer(815301076,1909f56bfc062723c751e8b465ee728b) (PreviewImporter) -> (artifact id: '21b74bb82050001dee54f5f8f5b3d9a7') in 0.4935207 seconds
Number of updated asset objects reloaded before import = 0Number of asset objects unloaded after import = 289

========================================================================
Received Import Request.
  Time since last request: 10.487551 seconds.
  path: Assets/Marketing/sample_connection.gif
  artifactKey: Guid(feaae387ae2c5964fa0ac9e47714c825) Importer(815301076,1909f56bfc062723c751e8b465ee728b)
Start importing Assets/Marketing/sample_connection.gif using Guid(feaae387ae2c5964fa0ac9e47714c825) Importer(815301076,1909f56bfc062723c751e8b465ee728b) (PreviewImporter) -> (artifact id: 'e3663627bf978f7fc0c98af244fce8e2') in 0.0326847 seconds
Number of updated asset objects reloaded before import = 0Number of asset objects unloaded after import = 2

========================================================================
Received Import Request.
  Time since last request: 125.408016 seconds.
  path: Assets/Materials/tower_hand_rail.mat
  artifactKey: Guid(df3b3de16d075c14f8e6afca452305b6) Importer(815301076,1909f56bfc062723c751e8b465ee728b)
Start importing Assets/Materials/tower_hand_rail.mat using Guid(df3b3de16d075c14f8e6afca452305b6) Importer(815301076,1909f56bfc062723c751e8b465ee728b) (PreviewImporter) -> (artifact id: '4b516cbad7045e428c0a323ff6e09d46') in 2.3966737 seconds
Number of updated asset objects reloaded before import = 0Number of asset objects unloaded after import = 4

========================================================================
Received Import Request.
  Time since last request: 10.809027 seconds.
  path: Assets/Materials
  artifactKey: Guid(104b8a7ade9f7c1428c52b41baef6cc2) Importer(815301076,1909f56bfc062723c751e8b465ee728b)
Start importing Assets/Materials using Guid(104b8a7ade9f7c1428c52b41baef6cc2) Importer(815301076,1909f56bfc062723c751e8b465ee728b) (PreviewImporter) -> (artifact id: '523b42fe2639e32a7afbb6f5566e3f9b') in 0.0022933 seconds
Number of updated asset objects reloaded before import = 3Number of asset objects unloaded after import = 0

========================================================================
Received Import Request.
  Time since last request: 40.301174 seconds.
  path: Assets/Materials/parthenon
  artifactKey: Guid(ac437752c4ce58040a561e1809671682) Importer(815301076,1909f56bfc062723c751e8b465ee728b)
Start importing Assets/Materials/parthenon using Guid(ac437752c4ce58040a561e1809671682) Importer(815301076,1909f56bfc062723c751e8b465ee728b) (PreviewImporter) -> (artifact id: '6d47378e62f79f0ea73094574e40caa4') in 0.0008725 seconds
Number of updated asset objects reloaded before import = 0Number of asset objects unloaded after import = 0

========================================================================
Received Import Request.
  Time since last request: 5.381488 seconds.
  path: Assets/Materials/water
  artifactKey: Guid(9003eb2a19949b443b5a7bd3924ce485) Importer(815301076,1909f56bfc062723c751e8b465ee728b)
Start importing Assets/Materials/water using Guid(9003eb2a19949b443b5a7bd3924ce485) Importer(815301076,1909f56bfc062723c751e8b465ee728b) (PreviewImporter) -> (artifact id: '96f04d06bf4fa051557f6adfa0fb6b3e') in 0.0007991 seconds
Number of updated asset objects reloaded before import = 0Number of asset objects unloaded after import = 0

========================================================================
Received Import Request.
  Time since last request: 0.012705 seconds.
  path: Assets/Materials/water/water.mat
  artifactKey: Guid(fec192c3014f408459a28549b2aa5d4f) Importer(815301076,1909f56bfc062723c751e8b465ee728b)
Start importing Assets/Materials/water/water.mat using Guid(fec192c3014f408459a28549b2aa5d4f) Importer(815301076,1909f56bfc062723c751e8b465ee728b) (PreviewImporter) -> (artifact id: '7cac169c9a847621dd17f238ad2ae72d') in 5.4296247 seconds
Number of updated asset objects reloaded before import = 0Number of asset objects unloaded after import = 6

========================================================================
Received Import Request.
  Time since last request: 163.158887 seconds.
  path: Assets/Scenes/Arenas/TestScene/Global Volume Profile.asset
  artifactKey: Guid(f5cff9ce23674d74b8ca6b077fa0e85c) Importer(815301076,1909f56bfc062723c751e8b465ee728b)
Start importing Assets/Scenes/Arenas/TestScene/Global Volume Profile.asset using Guid(f5cff9ce23674d74b8ca6b077fa0e85c) Importer(815301076,1909f56bfc062723c751e8b465ee728b) (PreviewImporter) -> (artifact id: '6406a67fc6c7fe04cbf11a71cc8677f5') in 0.012074 seconds
Number of updated asset objects reloaded before import = 1Number of asset objects unloaded after import = 2

========================================================================
Received Import Request.
  Time since last request: 110.806116 seconds.
  path: Assets/Materials/water/water.mat
  artifactKey: Guid(fec192c3014f408459a28549b2aa5d4f) Importer(815301076,1909f56bfc062723c751e8b465ee728b)
Start importing Assets/Materials/water/water.mat using Guid(fec192c3014f408459a28549b2aa5d4f) Importer(815301076,1909f56bfc062723c751e8b465ee728b) (PreviewImporter) -> (artifact id: 'ad86a4d8822a0a1e133a27942c3dc50c') in 3.8464204 seconds
Number of updated asset objects reloaded before import = 0Number of asset objects unloaded after import = 6

========================================================================
Received Import Request.
  Time since last request: 0.000056 seconds.
  path: Assets/Materials/maps/limbo/tower/tower_wall.mat
  artifactKey: Guid(3212b3622740a2a4182017e5335a88da) Importer(815301076,1909f56bfc062723c751e8b465ee728b)
Start importing Assets/Materials/maps/limbo/tower/tower_wall.mat using Guid(3212b3622740a2a4182017e5335a88da) Importer(815301076,1909f56bfc062723c751e8b465ee728b) (PreviewImporter) -> (artifact id: '28bb1bc5645d0e5b01321b0ca1628f58') in 5.1162337 seconds
Number of updated asset objects reloaded before import = 0Number of asset objects unloaded after import = 6

========================================================================
Received Import Request.
  Time since last request: 20.227503 seconds.
  path: Assets/Materials/maps/limbo/tower/symbol1.mat
  artifactKey: Guid(3fc107ad3cfbd1e42a9587120c976608) Importer(815301076,1909f56bfc062723c751e8b465ee728b)
Start importing Assets/Materials/maps/limbo/tower/symbol1.mat using Guid(3fc107ad3cfbd1e42a9587120c976608) Importer(815301076,1909f56bfc062723c751e8b465ee728b) (PreviewImporter) -> (artifact id: 'c05bfa9cd883c5f953971805ccd46198') in 3.5534182 seconds
Number of updated asset objects reloaded before import = 0Number of asset objects unloaded after import = 2

========================================================================
Received Import Request.
  Time since last request: 0.000165 seconds.
  path: Assets/Materials/maps/limbo/tower/symbol4.mat
  artifactKey: Guid(dae6127c709193447b75645d618bdbca) Importer(815301076,1909f56bfc062723c751e8b465ee728b)
Start importing Assets/Materials/maps/limbo/tower/symbol4.mat using Guid(dae6127c709193447b75645d618bdbca) Importer(815301076,1909f56bfc062723c751e8b465ee728b) (PreviewImporter) -> (artifact id: '1e40a764c30adf5c5d1fa04b49bb5873') in 0.0245682 seconds
Number of updated asset objects reloaded before import = 0Number of asset objects unloaded after import = 2

========================================================================
Received Import Request.
  Time since last request: 7311.461904 seconds.
  path: Assets/Models/tower.fbx
  artifactKey: Guid(5a60a806e4c5c1a40bdb765bc0db536b) Importer(815301076,1909f56bfc062723c751e8b465ee728b)
Start importing Assets/Models/tower.fbx using Guid(5a60a806e4c5c1a40bdb765bc0db536b) Importer(815301076,1909f56bfc062723c751e8b465ee728b) (PreviewImporter) -> (artifact id: 'c4df670566d35bf2fb12c45696d8f084') in 1.6895526 seconds
Number of updated asset objects reloaded before import = 0Number of asset objects unloaded after import = 125

========================================================================
Received Import Request.
  Time since last request: 2.245479 seconds.
  path: Assets/Models/wwmap.blend1
  artifactKey: Guid(1811d24d10f7df54db5d8827de668e3c) Importer(815301076,1909f56bfc062723c751e8b465ee728b)
Start importing Assets/Models/wwmap.blend1 using Guid(1811d24d10f7df54db5d8827de668e3c) Importer(815301076,1909f56bfc062723c751e8b465ee728b) (PreviewImporter) -> (artifact id: 'cf7951d930125d8b1fd88641b3af870b') in 0.0356616 seconds
Number of updated asset objects reloaded before import = 0Number of asset objects unloaded after import = 1

========================================================================
Received Import Request.
  Time since last request: 9.560614 seconds.
  path: Assets/Models/wwmap.fbx
  artifactKey: Guid(9272165cc3de14b499b6ec8cda29792a) Importer(815301076,1909f56bfc062723c751e8b465ee728b)
Start importing Assets/Models/wwmap.fbx using Guid(9272165cc3de14b499b6ec8cda29792a) Importer(815301076,1909f56bfc062723c751e8b465ee728b) (PreviewImporter) -> (artifact id: '2bcfd33b721791931b01d00e4a703195') in 0.0032906 seconds
Number of updated asset objects reloaded before import = 0Number of asset objects unloaded after import = 4

========================================================================
Received Import Request.
  Time since last request: 94.946758 seconds.
  path: Assets/Models/wwmap.fbx
  artifactKey: Guid(9272165cc3de14b499b6ec8cda29792a) Importer(815301076,1909f56bfc062723c751e8b465ee728b)
Start importing Assets/Models/wwmap.fbx using Guid(9272165cc3de14b499b6ec8cda29792a) Importer(815301076,1909f56bfc062723c751e8b465ee728b) (PreviewImporter) -> (artifact id: 'ae266bbffa22e0834f24067a2a0b14ff') in 0.004868 seconds
Number of updated asset objects reloaded before import = 0Number of asset objects unloaded after import = 4

========================================================================
Received Import Request.
  Time since last request: 37.645433 seconds.
  path: Assets/Models/wwmap_test.fbx
  artifactKey: Guid(58794f930d32ca04abddbe000f7c4347) Importer(815301076,1909f56bfc062723c751e8b465ee728b)
Start importing Assets/Models/wwmap_test.fbx using Guid(58794f930d32ca04abddbe000f7c4347) Importer(815301076,1909f56bfc062723c751e8b465ee728b) (PreviewImporter) -> (artifact id: '992d53eebff603ae3a9af7847b482cdd') in 0.0058442 seconds
Number of updated asset objects reloaded before import = 0Number of asset objects unloaded after import = 4

========================================================================
Received Import Request.
  Time since last request: 37.927214 seconds.
  path: Assets/Models/wwmap_test.fbx
  artifactKey: Guid(58794f930d32ca04abddbe000f7c4347) Importer(815301076,1909f56bfc062723c751e8b465ee728b)
Start importing Assets/Models/wwmap_test.fbx using Guid(58794f930d32ca04abddbe000f7c4347) Importer(815301076,1909f56bfc062723c751e8b465ee728b) (PreviewImporter) -> (artifact id: '28345c17df8fbd07627a71421287dea3') in 0.2869376 seconds
Number of updated asset objects reloaded before import = 0Number of asset objects unloaded after import = 33

========================================================================
Received Import Request.
  Time since last request: 76.868420 seconds.
  path: Assets/Models/wwmap.fbx
  artifactKey: Guid(9272165cc3de14b499b6ec8cda29792a) Importer(815301076,1909f56bfc062723c751e8b465ee728b)
Start importing Assets/Models/wwmap.fbx using Guid(9272165cc3de14b499b6ec8cda29792a) Importer(815301076,1909f56bfc062723c751e8b465ee728b) (PreviewImporter) -> (artifact id: 'bccb9827cb37d2176e449a81890d5a26') in 0.0057595 seconds
Number of updated asset objects reloaded before import = 0Number of asset objects unloaded after import = 4

========================================================================
Received Import Request.
  Time since last request: 104.104099 seconds.
  path: Assets/Models/wwmap.fbx
  artifactKey: Guid(9272165cc3de14b499b6ec8cda29792a) Importer(815301076,1909f56bfc062723c751e8b465ee728b)
Start importing Assets/Models/wwmap.fbx using Guid(9272165cc3de14b499b6ec8cda29792a) Importer(815301076,1909f56bfc062723c751e8b465ee728b) (PreviewImporter) -> (artifact id: 'a260dc33764899d60437e73a4e48082c') in 1.6374247 seconds
Number of updated asset objects reloaded before import = 0Number of asset objects unloaded after import = 401

========================================================================
Received Import Request.
  Time since last request: 18.502311 seconds.
  path: Assets/Models/wwmap.fbx
  artifactKey: Guid(9272165cc3de14b499b6ec8cda29792a) Importer(815301076,1909f56bfc062723c751e8b465ee728b)
Start importing Assets/Models/wwmap.fbx using Guid(9272165cc3de14b499b6ec8cda29792a) Importer(815301076,1909f56bfc062723c751e8b465ee728b) (PreviewImporter) -> (artifact id: 'abf933311d07296dfc6c40577d40e189') in 0.8357453 seconds
Number of updated asset objects reloaded before import = 0Number of asset objects unloaded after import = 401

========================================================================
Received Import Request.
  Time since last request: 31.693075 seconds.
  path: Assets/Models/wwmap.fbx
  artifactKey: Guid(9272165cc3de14b499b6ec8cda29792a) Importer(815301076,1909f56bfc062723c751e8b465ee728b)
Start importing Assets/Models/wwmap.fbx using Guid(9272165cc3de14b499b6ec8cda29792a) Importer(815301076,1909f56bfc062723c751e8b465ee728b) (PreviewImporter) -> (artifact id: '6b2d61b06e6dab46e71f08c168e7da58') in 0.8442301 seconds
Number of updated asset objects reloaded before import = 0Number of asset objects unloaded after import = 401

========================================================================
Received Import Request.
  Time since last request: 134.932272 seconds.
  path: Assets/Models/wwmap.fbx
  artifactKey: Guid(9272165cc3de14b499b6ec8cda29792a) Importer(815301076,1909f56bfc062723c751e8b465ee728b)
Start importing Assets/Models/wwmap.fbx using Guid(9272165cc3de14b499b6ec8cda29792a) Importer(815301076,1909f56bfc062723c751e8b465ee728b) (PreviewImporter) -> (artifact id: '00000000000000000000000000000000') in 0.9055933 seconds
Import Error Code:(4)
Message: Build asset version error: assets/models/wwmap.fbx in SourceAssetDB has modification time of '2025-01-11T07:49:04.6181564Z' while content on disk has modification time of '2025-01-11T07:49:24.3770149Z'
  ERROR: Build asset version error: assets/models/wwmap.fbx in SourceAssetDB has modification time of '2025-01-11T07:49:04.6181564Z' while content on disk has modification time of '2025-01-11T07:49:24.3770149Z'
Number of updated asset objects reloaded before import = 0Number of asset objects unloaded after import = 57

========================================================================
Received Import Request.
  Time since last request: 0.003577 seconds.
  path: Assets/Models/wwmap.fbx
  artifactKey: Guid(9272165cc3de14b499b6ec8cda29792a) Importer(815301076,1909f56bfc062723c751e8b465ee728b)
Start importing Assets/Models/wwmap.fbx using Guid(9272165cc3de14b499b6ec8cda29792a) Importer(815301076,1909f56bfc062723c751e8b465ee728b) (PreviewImporter) -> (artifact id: '00000000000000000000000000000000') in 0.7030935 seconds
Import Error Code:(4)
Message: Build asset version error: assets/models/wwmap.fbx in SourceAssetDB has modification time of '2025-01-11T07:49:04.6181564Z' while content on disk has modification time of '2025-01-11T07:49:24.3770149Z'
  ERROR: Build asset version error: assets/models/wwmap.fbx in SourceAssetDB has modification time of '2025-01-11T07:49:04.6181564Z' while content on disk has modification time of '2025-01-11T07:49:24.3770149Z'
Number of updated asset objects reloaded before import = 0Number of asset objects unloaded after import = 57

========================================================================
Received Import Request.
  Time since last request: 0.000045 seconds.
  path: Assets/Models/wwmap.fbx
  artifactKey: Guid(9272165cc3de14b499b6ec8cda29792a) Importer(815301076,1909f56bfc062723c751e8b465ee728b)
Start importing Assets/Models/wwmap.fbx using Guid(9272165cc3de14b499b6ec8cda29792a) Importer(815301076,1909f56bfc062723c751e8b465ee728b) (PreviewImporter) -> (artifact id: '00000000000000000000000000000000') in 0.7095534 seconds
Import Error Code:(4)
Message: Build asset version error: assets/models/wwmap.fbx in SourceAssetDB has modification time of '2025-01-11T07:49:04.6181564Z' while content on disk has modification time of '2025-01-11T07:49:24.3770149Z'
  ERROR: Build asset version error: assets/models/wwmap.fbx in SourceAssetDB has modification time of '2025-01-11T07:49:04.6181564Z' while content on disk has modification time of '2025-01-11T07:49:24.3770149Z'
Number of updated asset objects reloaded before import = 0Number of asset objects unloaded after import = 57

========================================================================
Received Import Request.
  Time since last request: 0.000044 seconds.
  path: Assets/Models/wwmap.fbx
  artifactKey: Guid(9272165cc3de14b499b6ec8cda29792a) Importer(815301076,1909f56bfc062723c751e8b465ee728b)
Start importing Assets/Models/wwmap.fbx using Guid(9272165cc3de14b499b6ec8cda29792a) Importer(815301076,1909f56bfc062723c751e8b465ee728b) (PreviewImporter) -> (artifact id: '00000000000000000000000000000000') in 0.7157006 seconds
Import Error Code:(4)
Message: Build asset version error: assets/models/wwmap.fbx in SourceAssetDB has modification time of '2025-01-11T07:49:04.6181564Z' while content on disk has modification time of '2025-01-11T07:49:24.3770149Z'
  ERROR: Build asset version error: assets/models/wwmap.fbx in SourceAssetDB has modification time of '2025-01-11T07:49:04.6181564Z' while content on disk has modification time of '2025-01-11T07:49:24.3770149Z'
Number of updated asset objects reloaded before import = 0Number of asset objects unloaded after import = 57

========================================================================
Received Import Request.
  Time since last request: 0.000035 seconds.
  path: Assets/Models/wwmap.fbx
  artifactKey: Guid(9272165cc3de14b499b6ec8cda29792a) Importer(815301076,1909f56bfc062723c751e8b465ee728b)
Start importing Assets/Models/wwmap.fbx using Guid(9272165cc3de14b499b6ec8cda29792a) Importer(815301076,1909f56bfc062723c751e8b465ee728b) (PreviewImporter) -> (artifact id: '00000000000000000000000000000000') in 0.8308663 seconds
Import Error Code:(4)
Message: Build asset version error: assets/models/wwmap.fbx in SourceAssetDB has modification time of '2025-01-11T07:49:04.6181564Z' while content on disk has modification time of '2025-01-11T07:49:24.3770149Z'
  ERROR: Build asset version error: assets/models/wwmap.fbx in SourceAssetDB has modification time of '2025-01-11T07:49:04.6181564Z' while content on disk has modification time of '2025-01-11T07:49:24.3770149Z'
Number of updated asset objects reloaded before import = 0Number of asset objects unloaded after import = 57

========================================================================
Received Import Request.
  Time since last request: 0.000113 seconds.
  path: Assets/Models/wwmap.fbx
  artifactKey: Guid(9272165cc3de14b499b6ec8cda29792a) Importer(815301076,1909f56bfc062723c751e8b465ee728b)
Start importing Assets/Models/wwmap.fbx using Guid(9272165cc3de14b499b6ec8cda29792a) Importer(815301076,1909f56bfc062723c751e8b465ee728b) (PreviewImporter) -> (artifact id: '00000000000000000000000000000000') in 0.7440754 seconds
Import Error Code:(4)
Message: Build asset version error: assets/models/wwmap.fbx in SourceAssetDB has modification time of '2025-01-11T07:49:04.6181564Z' while content on disk has modification time of '2025-01-11T07:49:24.3770149Z'
  ERROR: Build asset version error: assets/models/wwmap.fbx in SourceAssetDB has modification time of '2025-01-11T07:49:04.6181564Z' while content on disk has modification time of '2025-01-11T07:49:24.3770149Z'
Number of updated asset objects reloaded before import = 0Number of asset objects unloaded after import = 57

========================================================================
Received Import Request.
  Time since last request: 0.000034 seconds.
  path: Assets/Models/wwmap.fbx
  artifactKey: Guid(9272165cc3de14b499b6ec8cda29792a) Importer(815301076,1909f56bfc062723c751e8b465ee728b)
Start importing Assets/Models/wwmap.fbx using Guid(9272165cc3de14b499b6ec8cda29792a) Importer(815301076,1909f56bfc062723c751e8b465ee728b) (PreviewImporter) -> (artifact id: '00000000000000000000000000000000') in 0.7850549 seconds
Import Error Code:(4)
Message: Build asset version error: assets/models/wwmap.fbx in SourceAssetDB has modification time of '2025-01-11T07:49:04.6181564Z' while content on disk has modification time of '2025-01-11T07:49:24.3770149Z'
  ERROR: Build asset version error: assets/models/wwmap.fbx in SourceAssetDB has modification time of '2025-01-11T07:49:04.6181564Z' while content on disk has modification time of '2025-01-11T07:49:24.3770149Z'
Number of updated asset objects reloaded before import = 0Number of asset objects unloaded after import = 57

========================================================================
Received Import Request.
  Time since last request: 0.000044 seconds.
  path: Assets/Models/wwmap.fbx
  artifactKey: Guid(9272165cc3de14b499b6ec8cda29792a) Importer(815301076,1909f56bfc062723c751e8b465ee728b)
Start importing Assets/Models/wwmap.fbx using Guid(9272165cc3de14b499b6ec8cda29792a) Importer(815301076,1909f56bfc062723c751e8b465ee728b) (PreviewImporter) -> (artifact id: '00000000000000000000000000000000') in 0.8665191 seconds
Import Error Code:(4)
Message: Build asset version error: assets/models/wwmap.fbx in SourceAssetDB has modification time of '2025-01-11T07:49:04.6181564Z' while content on disk has modification time of '2025-01-11T07:49:24.3770149Z'
  ERROR: Build asset version error: assets/models/wwmap.fbx in SourceAssetDB has modification time of '2025-01-11T07:49:04.6181564Z' while content on disk has modification time of '2025-01-11T07:49:24.3770149Z'
Number of updated asset objects reloaded before import = 0Number of asset objects unloaded after import = 57

========================================================================
Received Import Request.
  Time since last request: 0.000034 seconds.
  path: Assets/Models/wwmap.fbx
  artifactKey: Guid(9272165cc3de14b499b6ec8cda29792a) Importer(815301076,1909f56bfc062723c751e8b465ee728b)
Start importing Assets/Models/wwmap.fbx using Guid(9272165cc3de14b499b6ec8cda29792a) Importer(815301076,1909f56bfc062723c751e8b465ee728b) (PreviewImporter) -> (artifact id: '00000000000000000000000000000000') in 0.9643968 seconds
Import Error Code:(4)
Message: Build asset version error: assets/models/wwmap.fbx in SourceAssetDB has modification time of '2025-01-11T07:49:04.6181564Z' while content on disk has modification time of '2025-01-11T07:49:24.3770149Z'
  ERROR: Build asset version error: assets/models/wwmap.fbx in SourceAssetDB has modification time of '2025-01-11T07:49:04.6181564Z' while content on disk has modification time of '2025-01-11T07:49:24.3770149Z'
Number of updated asset objects reloaded before import = 0Number of asset objects unloaded after import = 57

========================================================================
Received Import Request.
  Time since last request: 0.000042 seconds.
  path: Assets/Models/wwmap.fbx
  artifactKey: Guid(9272165cc3de14b499b6ec8cda29792a) Importer(815301076,1909f56bfc062723c751e8b465ee728b)
Start importing Assets/Models/wwmap.fbx using Guid(9272165cc3de14b499b6ec8cda29792a) Importer(815301076,1909f56bfc062723c751e8b465ee728b) (PreviewImporter) -> (artifact id: '00000000000000000000000000000000') in 0.8502046 seconds
Import Error Code:(4)
Message: Build asset version error: assets/models/wwmap.fbx in SourceAssetDB has modification time of '2025-01-11T07:49:04.6181564Z' while content on disk has modification time of '2025-01-11T07:49:24.3770149Z'
  ERROR: Build asset version error: assets/models/wwmap.fbx in SourceAssetDB has modification time of '2025-01-11T07:49:04.6181564Z' while content on disk has modification time of '2025-01-11T07:49:24.3770149Z'
Number of updated asset objects reloaded before import = 0Number of asset objects unloaded after import = 57

========================================================================
Received Import Request.
  Time since last request: 0.000041 seconds.
  path: Assets/Models/wwmap.fbx
  artifactKey: Guid(9272165cc3de14b499b6ec8cda29792a) Importer(815301076,1909f56bfc062723c751e8b465ee728b)
Start importing Assets/Models/wwmap.fbx using Guid(9272165cc3de14b499b6ec8cda29792a) Importer(815301076,1909f56bfc062723c751e8b465ee728b) (PreviewImporter) -> (artifact id: '00000000000000000000000000000000') in 0.856775 seconds
Import Error Code:(4)
Message: Build asset version error: assets/models/wwmap.fbx in SourceAssetDB has modification time of '2025-01-11T07:49:04.6181564Z' while content on disk has modification time of '2025-01-11T07:49:24.3770149Z'
  ERROR: Build asset version error: assets/models/wwmap.fbx in SourceAssetDB has modification time of '2025-01-11T07:49:04.6181564Z' while content on disk has modification time of '2025-01-11T07:49:24.3770149Z'
Number of updated asset objects reloaded before import = 0Number of asset objects unloaded after import = 57

========================================================================
Received Import Request.
  Time since last request: 0.000078 seconds.
  path: Assets/Models/wwmap.fbx
  artifactKey: Guid(9272165cc3de14b499b6ec8cda29792a) Importer(815301076,1909f56bfc062723c751e8b465ee728b)
Start importing Assets/Models/wwmap.fbx using Guid(9272165cc3de14b499b6ec8cda29792a) Importer(815301076,1909f56bfc062723c751e8b465ee728b) (PreviewImporter) -> (artifact id: '00000000000000000000000000000000') in 0.7647184 seconds
Import Error Code:(4)
Message: Build asset version error: assets/models/wwmap.fbx in SourceAssetDB has modification time of '2025-01-11T07:49:04.6181564Z' while content on disk has modification time of '2025-01-11T07:49:24.3770149Z'
  ERROR: Build asset version error: assets/models/wwmap.fbx in SourceAssetDB has modification time of '2025-01-11T07:49:04.6181564Z' while content on disk has modification time of '2025-01-11T07:49:24.3770149Z'
Number of updated asset objects reloaded before import = 0Number of asset objects unloaded after import = 57

========================================================================
Received Import Request.
  Time since last request: 0.000043 seconds.
  path: Assets/Models/wwmap.fbx
  artifactKey: Guid(9272165cc3de14b499b6ec8cda29792a) Importer(815301076,1909f56bfc062723c751e8b465ee728b)
Start importing Assets/Models/wwmap.fbx using Guid(9272165cc3de14b499b6ec8cda29792a) Importer(815301076,1909f56bfc062723c751e8b465ee728b) (PreviewImporter) -> (artifact id: '00000000000000000000000000000000') in 0.7908263 seconds
Import Error Code:(4)
Message: Build asset version error: assets/models/wwmap.fbx in SourceAssetDB has modification time of '2025-01-11T07:49:04.6181564Z' while content on disk has modification time of '2025-01-11T07:49:24.3770149Z'
  ERROR: Build asset version error: assets/models/wwmap.fbx in SourceAssetDB has modification time of '2025-01-11T07:49:04.6181564Z' while content on disk has modification time of '2025-01-11T07:49:24.3770149Z'
Number of updated asset objects reloaded before import = 0Number of asset objects unloaded after import = 57

========================================================================
Received Import Request.
  Time since last request: 0.000086 seconds.
  path: Assets/Models/wwmap.fbx
  artifactKey: Guid(9272165cc3de14b499b6ec8cda29792a) Importer(815301076,1909f56bfc062723c751e8b465ee728b)
Start importing Assets/Models/wwmap.fbx using Guid(9272165cc3de14b499b6ec8cda29792a) Importer(815301076,1909f56bfc062723c751e8b465ee728b) (PreviewImporter) -> (artifact id: '00000000000000000000000000000000') in 0.9316142 seconds
Import Error Code:(4)
Message: Build asset version error: assets/models/wwmap.fbx in SourceAssetDB has modification time of '2025-01-11T07:49:04.6181564Z' while content on disk has modification time of '2025-01-11T07:49:24.3770149Z'
  ERROR: Build asset version error: assets/models/wwmap.fbx in SourceAssetDB has modification time of '2025-01-11T07:49:04.6181564Z' while content on disk has modification time of '2025-01-11T07:49:24.3770149Z'
Number of updated asset objects reloaded before import = 0Number of asset objects unloaded after import = 57

========================================================================
Received Import Request.
  Time since last request: 0.000045 seconds.
  path: Assets/Models/wwmap.fbx
  artifactKey: Guid(9272165cc3de14b499b6ec8cda29792a) Importer(815301076,1909f56bfc062723c751e8b465ee728b)
Start importing Assets/Models/wwmap.fbx using Guid(9272165cc3de14b499b6ec8cda29792a) Importer(815301076,1909f56bfc062723c751e8b465ee728b) (PreviewImporter) -> (artifact id: '00000000000000000000000000000000') in 0.9020338 seconds
Import Error Code:(4)
Message: Build asset version error: assets/models/wwmap.fbx in SourceAssetDB has modification time of '2025-01-11T07:49:04.6181564Z' while content on disk has modification time of '2025-01-11T07:49:24.3770149Z'
  ERROR: Build asset version error: assets/models/wwmap.fbx in SourceAssetDB has modification time of '2025-01-11T07:49:04.6181564Z' while content on disk has modification time of '2025-01-11T07:49:24.3770149Z'
Number of updated asset objects reloaded before import = 0Number of asset objects unloaded after import = 57

========================================================================
Received Import Request.
  Time since last request: 0.000076 seconds.
  path: Assets/Models/wwmap.fbx
  artifactKey: Guid(9272165cc3de14b499b6ec8cda29792a) Importer(815301076,1909f56bfc062723c751e8b465ee728b)
Start importing Assets/Models/wwmap.fbx using Guid(9272165cc3de14b499b6ec8cda29792a) Importer(815301076,1909f56bfc062723c751e8b465ee728b) (PreviewImporter) -> (artifact id: '00000000000000000000000000000000') in 0.9520594 seconds
Import Error Code:(4)
Message: Build asset version error: assets/models/wwmap.fbx in SourceAssetDB has modification time of '2025-01-11T07:49:04.6181564Z' while content on disk has modification time of '2025-01-11T07:49:24.3770149Z'
  ERROR: Build asset version error: assets/models/wwmap.fbx in SourceAssetDB has modification time of '2025-01-11T07:49:04.6181564Z' while content on disk has modification time of '2025-01-11T07:49:24.3770149Z'
Number of updated asset objects reloaded before import = 0Number of asset objects unloaded after import = 57

========================================================================
Received Import Request.
  Time since last request: 0.000058 seconds.
  path: Assets/Models/wwmap.fbx
  artifactKey: Guid(9272165cc3de14b499b6ec8cda29792a) Importer(815301076,1909f56bfc062723c751e8b465ee728b)
Start importing Assets/Models/wwmap.fbx using Guid(9272165cc3de14b499b6ec8cda29792a) Importer(815301076,1909f56bfc062723c751e8b465ee728b) (PreviewImporter) -> (artifact id: '00000000000000000000000000000000') in 0.8311539 seconds
Import Error Code:(4)
Message: Build asset version error: assets/models/wwmap.fbx in SourceAssetDB has modification time of '2025-01-11T07:49:04.6181564Z' while content on disk has modification time of '2025-01-11T07:49:24.3770149Z'
  ERROR: Build asset version error: assets/models/wwmap.fbx in SourceAssetDB has modification time of '2025-01-11T07:49:04.6181564Z' while content on disk has modification time of '2025-01-11T07:49:24.3770149Z'
Number of updated asset objects reloaded before import = 0Number of asset objects unloaded after import = 57

========================================================================
Received Import Request.
  Time since last request: 0.000049 seconds.
  path: Assets/Models/wwmap.fbx
  artifactKey: Guid(9272165cc3de14b499b6ec8cda29792a) Importer(815301076,1909f56bfc062723c751e8b465ee728b)
Start importing Assets/Models/wwmap.fbx using Guid(9272165cc3de14b499b6ec8cda29792a) Importer(815301076,1909f56bfc062723c751e8b465ee728b) (PreviewImporter) -> (artifact id: '00000000000000000000000000000000') in 0.8991076 seconds
Import Error Code:(4)
Message: Build asset version error: assets/models/wwmap.fbx in SourceAssetDB has modification time of '2025-01-11T07:49:04.6181564Z' while content on disk has modification time of '2025-01-11T07:49:24.3770149Z'
  ERROR: Build asset version error: assets/models/wwmap.fbx in SourceAssetDB has modification time of '2025-01-11T07:49:04.6181564Z' while content on disk has modification time of '2025-01-11T07:49:24.3770149Z'
Number of updated asset objects reloaded before import = 0Number of asset objects unloaded after import = 57

========================================================================
Received Import Request.
  Time since last request: 0.000053 seconds.
  path: Assets/Models/wwmap.fbx
  artifactKey: Guid(9272165cc3de14b499b6ec8cda29792a) Importer(815301076,1909f56bfc062723c751e8b465ee728b)
Start importing Assets/Models/wwmap.fbx using Guid(9272165cc3de14b499b6ec8cda29792a) Importer(815301076,1909f56bfc062723c751e8b465ee728b) (PreviewImporter) -> (artifact id: '00000000000000000000000000000000') in 0.9620114 seconds
Import Error Code:(4)
Message: Build asset version error: assets/models/wwmap.fbx in SourceAssetDB has modification time of '2025-01-11T07:49:04.6181564Z' while content on disk has modification time of '2025-01-11T07:49:24.3770149Z'
  ERROR: Build asset version error: assets/models/wwmap.fbx in SourceAssetDB has modification time of '2025-01-11T07:49:04.6181564Z' while content on disk has modification time of '2025-01-11T07:49:24.3770149Z'
Number of updated asset objects reloaded before import = 0Number of asset objects unloaded after import = 57

========================================================================
Received Import Request.
  Time since last request: 0.000133 seconds.
  path: Assets/Models/wwmap.fbx
  artifactKey: Guid(9272165cc3de14b499b6ec8cda29792a) Importer(815301076,1909f56bfc062723c751e8b465ee728b)
Start importing Assets/Models/wwmap.fbx using Guid(9272165cc3de14b499b6ec8cda29792a) Importer(815301076,1909f56bfc062723c751e8b465ee728b) (PreviewImporter) -> (artifact id: '00000000000000000000000000000000') in 1.0254573 seconds
Import Error Code:(4)
Message: Build asset version error: assets/models/wwmap.fbx in SourceAssetDB has modification time of '2025-01-11T07:49:04.6181564Z' while content on disk has modification time of '2025-01-11T07:49:24.3770149Z'
  ERROR: Build asset version error: assets/models/wwmap.fbx in SourceAssetDB has modification time of '2025-01-11T07:49:04.6181564Z' while content on disk has modification time of '2025-01-11T07:49:24.3770149Z'
Number of updated asset objects reloaded before import = 0Number of asset objects unloaded after import = 57

========================================================================
Received Import Request.
  Time since last request: 0.000056 seconds.
  path: Assets/Models/wwmap.fbx
  artifactKey: Guid(9272165cc3de14b499b6ec8cda29792a) Importer(815301076,1909f56bfc062723c751e8b465ee728b)
Start importing Assets/Models/wwmap.fbx using Guid(9272165cc3de14b499b6ec8cda29792a) Importer(815301076,1909f56bfc062723c751e8b465ee728b) (PreviewImporter) -> (artifact id: '00000000000000000000000000000000') in 0.9103857 seconds
Import Error Code:(4)
Message: Build asset version error: assets/models/wwmap.fbx in SourceAssetDB has modification time of '2025-01-11T07:49:04.6181564Z' while content on disk has modification time of '2025-01-11T07:49:24.3770149Z'
  ERROR: Build asset version error: assets/models/wwmap.fbx in SourceAssetDB has modification time of '2025-01-11T07:49:04.6181564Z' while content on disk has modification time of '2025-01-11T07:49:24.3770149Z'
Number of updated asset objects reloaded before import = 0Number of asset objects unloaded after import = 57

========================================================================
Received Import Request.
  Time since last request: 0.000045 seconds.
  path: Assets/Models/wwmap.fbx
  artifactKey: Guid(9272165cc3de14b499b6ec8cda29792a) Importer(815301076,1909f56bfc062723c751e8b465ee728b)
Start importing Assets/Models/wwmap.fbx using Guid(9272165cc3de14b499b6ec8cda29792a) Importer(815301076,1909f56bfc062723c751e8b465ee728b) (PreviewImporter) -> (artifact id: '00000000000000000000000000000000') in 0.8029704 seconds
Import Error Code:(4)
Message: Build asset version error: assets/models/wwmap.fbx in SourceAssetDB has modification time of '2025-01-11T07:49:04.6181564Z' while content on disk has modification time of '2025-01-11T07:49:24.3770149Z'
  ERROR: Build asset version error: assets/models/wwmap.fbx in SourceAssetDB has modification time of '2025-01-11T07:49:04.6181564Z' while content on disk has modification time of '2025-01-11T07:49:24.3770149Z'
Number of updated asset objects reloaded before import = 0Number of asset objects unloaded after import = 57

========================================================================
Received Import Request.
  Time since last request: 0.000044 seconds.
  path: Assets/Models/wwmap.fbx
  artifactKey: Guid(9272165cc3de14b499b6ec8cda29792a) Importer(815301076,1909f56bfc062723c751e8b465ee728b)
Start importing Assets/Models/wwmap.fbx using Guid(9272165cc3de14b499b6ec8cda29792a) Importer(815301076,1909f56bfc062723c751e8b465ee728b) (PreviewImporter) -> (artifact id: '00000000000000000000000000000000') in 0.7883068 seconds
Import Error Code:(4)
Message: Build asset version error: assets/models/wwmap.fbx in SourceAssetDB has modification time of '2025-01-11T07:49:04.6181564Z' while content on disk has modification time of '2025-01-11T07:49:24.3770149Z'
  ERROR: Build asset version error: assets/models/wwmap.fbx in SourceAssetDB has modification time of '2025-01-11T07:49:04.6181564Z' while content on disk has modification time of '2025-01-11T07:49:24.3770149Z'
Number of updated asset objects reloaded before import = 0Number of asset objects unloaded after import = 57

========================================================================
Received Import Request.
  Time since last request: 0.000045 seconds.
  path: Assets/Models/wwmap.fbx
  artifactKey: Guid(9272165cc3de14b499b6ec8cda29792a) Importer(815301076,1909f56bfc062723c751e8b465ee728b)
Start importing Assets/Models/wwmap.fbx using Guid(9272165cc3de14b499b6ec8cda29792a) Importer(815301076,1909f56bfc062723c751e8b465ee728b) (PreviewImporter) -> (artifact id: '00000000000000000000000000000000') in 0.8492744 seconds
Import Error Code:(4)
Message: Build asset version error: assets/models/wwmap.fbx in SourceAssetDB has modification time of '2025-01-11T07:49:04.6181564Z' while content on disk has modification time of '2025-01-11T07:49:24.3770149Z'
  ERROR: Build asset version error: assets/models/wwmap.fbx in SourceAssetDB has modification time of '2025-01-11T07:49:04.6181564Z' while content on disk has modification time of '2025-01-11T07:49:24.3770149Z'
Number of updated asset objects reloaded before import = 0Number of asset objects unloaded after import = 57

========================================================================
Received Import Request.
  Time since last request: 0.000036 seconds.
  path: Assets/Models/wwmap.fbx
  artifactKey: Guid(9272165cc3de14b499b6ec8cda29792a) Importer(815301076,1909f56bfc062723c751e8b465ee728b)
Start importing Assets/Models/wwmap.fbx using Guid(9272165cc3de14b499b6ec8cda29792a) Importer(815301076,1909f56bfc062723c751e8b465ee728b) (PreviewImporter) -> (artifact id: '00000000000000000000000000000000') in 0.76009 seconds
Import Error Code:(4)
Message: Build asset version error: assets/models/wwmap.fbx in SourceAssetDB has modification time of '2025-01-11T07:49:04.6181564Z' while content on disk has modification time of '2025-01-11T07:49:24.3770149Z'
  ERROR: Build asset version error: assets/models/wwmap.fbx in SourceAssetDB has modification time of '2025-01-11T07:49:04.6181564Z' while content on disk has modification time of '2025-01-11T07:49:24.3770149Z'
Number of updated asset objects reloaded before import = 0Number of asset objects unloaded after import = 57

========================================================================
Received Import Request.
  Time since last request: 0.000057 seconds.
  path: Assets/Models/wwmap.fbx
  artifactKey: Guid(9272165cc3de14b499b6ec8cda29792a) Importer(815301076,1909f56bfc062723c751e8b465ee728b)
Start importing Assets/Models/wwmap.fbx using Guid(9272165cc3de14b499b6ec8cda29792a) Importer(815301076,1909f56bfc062723c751e8b465ee728b) (PreviewImporter) -> (artifact id: '00000000000000000000000000000000') in 0.7616137 seconds
Import Error Code:(4)
Message: Build asset version error: assets/models/wwmap.fbx in SourceAssetDB has modification time of '2025-01-11T07:49:04.6181564Z' while content on disk has modification time of '2025-01-11T07:49:24.3770149Z'
  ERROR: Build asset version error: assets/models/wwmap.fbx in SourceAssetDB has modification time of '2025-01-11T07:49:04.6181564Z' while content on disk has modification time of '2025-01-11T07:49:24.3770149Z'
Number of updated asset objects reloaded before import = 0Number of asset objects unloaded after import = 57

========================================================================
Received Import Request.
  Time since last request: 0.000052 seconds.
  path: Assets/Models/wwmap.fbx
  artifactKey: Guid(9272165cc3de14b499b6ec8cda29792a) Importer(815301076,1909f56bfc062723c751e8b465ee728b)
Start importing Assets/Models/wwmap.fbx using Guid(9272165cc3de14b499b6ec8cda29792a) Importer(815301076,1909f56bfc062723c751e8b465ee728b) (PreviewImporter) -> (artifact id: '00000000000000000000000000000000') in 0.7951749 seconds
Import Error Code:(4)
Message: Build asset version error: assets/models/wwmap.fbx in SourceAssetDB has modification time of '2025-01-11T07:49:04.6181564Z' while content on disk has modification time of '2025-01-11T07:49:24.3770149Z'
  ERROR: Build asset version error: assets/models/wwmap.fbx in SourceAssetDB has modification time of '2025-01-11T07:49:04.6181564Z' while content on disk has modification time of '2025-01-11T07:49:24.3770149Z'
Number of updated asset objects reloaded before import = 0Number of asset objects unloaded after import = 57

========================================================================
Received Import Request.
  Time since last request: 0.000050 seconds.
  path: Assets/Models/wwmap.fbx
  artifactKey: Guid(9272165cc3de14b499b6ec8cda29792a) Importer(815301076,1909f56bfc062723c751e8b465ee728b)
Start importing Assets/Models/wwmap.fbx using Guid(9272165cc3de14b499b6ec8cda29792a) Importer(815301076,1909f56bfc062723c751e8b465ee728b) (PreviewImporter) -> (artifact id: '00000000000000000000000000000000') in 0.7953807 seconds
Import Error Code:(4)
Message: Build asset version error: assets/models/wwmap.fbx in SourceAssetDB has modification time of '2025-01-11T07:49:04.6181564Z' while content on disk has modification time of '2025-01-11T07:49:24.3770149Z'
  ERROR: Build asset version error: assets/models/wwmap.fbx in SourceAssetDB has modification time of '2025-01-11T07:49:04.6181564Z' while content on disk has modification time of '2025-01-11T07:49:24.3770149Z'
Number of updated asset objects reloaded before import = 0Number of asset objects unloaded after import = 57

========================================================================
Received Import Request.
  Time since last request: 0.000043 seconds.
  path: Assets/Models/wwmap.fbx
  artifactKey: Guid(9272165cc3de14b499b6ec8cda29792a) Importer(815301076,1909f56bfc062723c751e8b465ee728b)
Start importing Assets/Models/wwmap.fbx using Guid(9272165cc3de14b499b6ec8cda29792a) Importer(815301076,1909f56bfc062723c751e8b465ee728b) (PreviewImporter) -> (artifact id: '00000000000000000000000000000000') in 0.7486379 seconds
Import Error Code:(4)
Message: Build asset version error: assets/models/wwmap.fbx in SourceAssetDB has modification time of '2025-01-11T07:49:04.6181564Z' while content on disk has modification time of '2025-01-11T07:49:24.3770149Z'
  ERROR: Build asset version error: assets/models/wwmap.fbx in SourceAssetDB has modification time of '2025-01-11T07:49:04.6181564Z' while content on disk has modification time of '2025-01-11T07:49:24.3770149Z'
Number of updated asset objects reloaded before import = 0Number of asset objects unloaded after import = 57

========================================================================
Received Import Request.
  Time since last request: 0.000050 seconds.
  path: Assets/Models/wwmap.fbx
  artifactKey: Guid(9272165cc3de14b499b6ec8cda29792a) Importer(815301076,1909f56bfc062723c751e8b465ee728b)
Start importing Assets/Models/wwmap.fbx using Guid(9272165cc3de14b499b6ec8cda29792a) Importer(815301076,1909f56bfc062723c751e8b465ee728b) (PreviewImporter) -> (artifact id: '00000000000000000000000000000000') in 0.8429999 seconds
Import Error Code:(4)
Message: Build asset version error: assets/models/wwmap.fbx in SourceAssetDB has modification time of '2025-01-11T07:49:04.6181564Z' while content on disk has modification time of '2025-01-11T07:49:24.3770149Z'
  ERROR: Build asset version error: assets/models/wwmap.fbx in SourceAssetDB has modification time of '2025-01-11T07:49:04.6181564Z' while content on disk has modification time of '2025-01-11T07:49:24.3770149Z'
Number of updated asset objects reloaded before import = 0Number of asset objects unloaded after import = 57

========================================================================
Received Import Request.
  Time since last request: 0.000046 seconds.
  path: Assets/Models/wwmap.fbx
  artifactKey: Guid(9272165cc3de14b499b6ec8cda29792a) Importer(815301076,1909f56bfc062723c751e8b465ee728b)
Start importing Assets/Models/wwmap.fbx using Guid(9272165cc3de14b499b6ec8cda29792a) Importer(815301076,1909f56bfc062723c751e8b465ee728b) (PreviewImporter) -> (artifact id: '00000000000000000000000000000000') in 1.0393339 seconds
Import Error Code:(4)
Message: Build asset version error: assets/models/wwmap.fbx in SourceAssetDB has modification time of '2025-01-11T07:49:04.6181564Z' while content on disk has modification time of '2025-01-11T07:49:24.3770149Z'
  ERROR: Build asset version error: assets/models/wwmap.fbx in SourceAssetDB has modification time of '2025-01-11T07:49:04.6181564Z' while content on disk has modification time of '2025-01-11T07:49:24.3770149Z'
Number of updated asset objects reloaded before import = 0Number of asset objects unloaded after import = 57

========================================================================
Received Import Request.
  Time since last request: 0.000056 seconds.
  path: Assets/Models/wwmap.fbx
  artifactKey: Guid(9272165cc3de14b499b6ec8cda29792a) Importer(815301076,1909f56bfc062723c751e8b465ee728b)
Start importing Assets/Models/wwmap.fbx using Guid(9272165cc3de14b499b6ec8cda29792a) Importer(815301076,1909f56bfc062723c751e8b465ee728b) (PreviewImporter) -> (artifact id: '00000000000000000000000000000000') in 0.8653933 seconds
Import Error Code:(4)
Message: Build asset version error: assets/models/wwmap.fbx in SourceAssetDB has modification time of '2025-01-11T07:49:04.6181564Z' while content on disk has modification time of '2025-01-11T07:49:24.3770149Z'
  ERROR: Build asset version error: assets/models/wwmap.fbx in SourceAssetDB has modification time of '2025-01-11T07:49:04.6181564Z' while content on disk has modification time of '2025-01-11T07:49:24.3770149Z'
Number of updated asset objects reloaded before import = 0Number of asset objects unloaded after import = 57

========================================================================
Received Import Request.
  Time since last request: 0.000056 seconds.
  path: Assets/Models/wwmap.fbx
  artifactKey: Guid(9272165cc3de14b499b6ec8cda29792a) Importer(815301076,1909f56bfc062723c751e8b465ee728b)
Start importing Assets/Models/wwmap.fbx using Guid(9272165cc3de14b499b6ec8cda29792a) Importer(815301076,1909f56bfc062723c751e8b465ee728b) (PreviewImporter) -> (artifact id: '00000000000000000000000000000000') in 0.9727543 seconds
Import Error Code:(4)
Message: Build asset version error: assets/models/wwmap.fbx in SourceAssetDB has modification time of '2025-01-11T07:49:04.6181564Z' while content on disk has modification time of '2025-01-11T07:49:24.3770149Z'
  ERROR: Build asset version error: assets/models/wwmap.fbx in SourceAssetDB has modification time of '2025-01-11T07:49:04.6181564Z' while content on disk has modification time of '2025-01-11T07:49:24.3770149Z'
Number of updated asset objects reloaded before import = 0Number of asset objects unloaded after import = 57

========================================================================
Received Import Request.
  Time since last request: 0.000149 seconds.
  path: Assets/Models/wwmap.fbx
  artifactKey: Guid(9272165cc3de14b499b6ec8cda29792a) Importer(815301076,1909f56bfc062723c751e8b465ee728b)
Start importing Assets/Models/wwmap.fbx using Guid(9272165cc3de14b499b6ec8cda29792a) Importer(815301076,1909f56bfc062723c751e8b465ee728b) (PreviewImporter) -> (artifact id: '88f66a2dae8dffa330c32460219271e1') in 1.0715658 seconds
Number of updated asset objects reloaded before import = 0Number of asset objects unloaded after import = 434

========================================================================
Received Import Request.
  Time since last request: 0.359462 seconds.
  path: Assets/Models/wwmap.fbx
  artifactKey: Guid(9272165cc3de14b499b6ec8cda29792a) Importer(815301076,1909f56bfc062723c751e8b465ee728b)
Start importing Assets/Models/wwmap.fbx using Guid(9272165cc3de14b499b6ec8cda29792a) Importer(815301076,1909f56bfc062723c751e8b465ee728b) (PreviewImporter) -> (artifact id: '00000000000000000000000000000000') in 0.9781122 seconds
Import Error Code:(4)
Message: Build asset version error: assets/models/wwmap.fbx in SourceAssetDB has modification time of '2025-01-11T07:49:24.3770149Z' while content on disk has modification time of '2025-01-11T07:49:55.1656203Z'
  ERROR: Build asset version error: assets/models/wwmap.fbx in SourceAssetDB has modification time of '2025-01-11T07:49:24.3770149Z' while content on disk has modification time of '2025-01-11T07:49:55.1656203Z'
Number of updated asset objects reloaded before import = 0Number of asset objects unloaded after import = 57

========================================================================
Received Import Request.
  Time since last request: 0.000070 seconds.
  path: Assets/Models/wwmap.fbx
  artifactKey: Guid(9272165cc3de14b499b6ec8cda29792a) Importer(815301076,1909f56bfc062723c751e8b465ee728b)
Start importing Assets/Models/wwmap.fbx using Guid(9272165cc3de14b499b6ec8cda29792a) Importer(815301076,1909f56bfc062723c751e8b465ee728b) (PreviewImporter) -> (artifact id: '00000000000000000000000000000000') in 0.8110452 seconds
Import Error Code:(4)
Message: Build asset version error: assets/models/wwmap.fbx in SourceAssetDB has modification time of '2025-01-11T07:49:24.3770149Z' while content on disk has modification time of '2025-01-11T07:49:55.1656203Z'
  ERROR: Build asset version error: assets/models/wwmap.fbx in SourceAssetDB has modification time of '2025-01-11T07:49:24.3770149Z' while content on disk has modification time of '2025-01-11T07:49:55.1656203Z'
Number of updated asset objects reloaded before import = 0Number of asset objects unloaded after import = 57

========================================================================
Received Import Request.
  Time since last request: 0.000053 seconds.
  path: Assets/Models/wwmap.fbx
  artifactKey: Guid(9272165cc3de14b499b6ec8cda29792a) Importer(815301076,1909f56bfc062723c751e8b465ee728b)
Start importing Assets/Models/wwmap.fbx using Guid(9272165cc3de14b499b6ec8cda29792a) Importer(815301076,1909f56bfc062723c751e8b465ee728b) (PreviewImporter) -> (artifact id: '00000000000000000000000000000000') in 1.0200479 seconds
Import Error Code:(4)
Message: Build asset version error: assets/models/wwmap.fbx in SourceAssetDB has modification time of '2025-01-11T07:49:24.3770149Z' while content on disk has modification time of '2025-01-11T07:49:55.1656203Z'
  ERROR: Build asset version error: assets/models/wwmap.fbx in SourceAssetDB has modification time of '2025-01-11T07:49:24.3770149Z' while content on disk has modification time of '2025-01-11T07:49:55.1656203Z'
Number of updated asset objects reloaded before import = 0Number of asset objects unloaded after import = 57

========================================================================
Received Import Request.
  Time since last request: 0.000053 seconds.
  path: Assets/Models/wwmap.fbx
  artifactKey: Guid(9272165cc3de14b499b6ec8cda29792a) Importer(815301076,1909f56bfc062723c751e8b465ee728b)
Start importing Assets/Models/wwmap.fbx using Guid(9272165cc3de14b499b6ec8cda29792a) Importer(815301076,1909f56bfc062723c751e8b465ee728b) (PreviewImporter) -> (artifact id: '00000000000000000000000000000000') in 1.0218667 seconds
Import Error Code:(4)
Message: Build asset version error: assets/models/wwmap.fbx in SourceAssetDB has modification time of '2025-01-11T07:49:24.3770149Z' while content on disk has modification time of '2025-01-11T07:49:55.1656203Z'
  ERROR: Build asset version error: assets/models/wwmap.fbx in SourceAssetDB has modification time of '2025-01-11T07:49:24.3770149Z' while content on disk has modification time of '2025-01-11T07:49:55.1656203Z'
Number of updated asset objects reloaded before import = 0Number of asset objects unloaded after import = 57

========================================================================
Received Import Request.
  Time since last request: 0.000054 seconds.
  path: Assets/Models/wwmap.fbx
  artifactKey: Guid(9272165cc3de14b499b6ec8cda29792a) Importer(815301076,1909f56bfc062723c751e8b465ee728b)
Start importing Assets/Models/wwmap.fbx using Guid(9272165cc3de14b499b6ec8cda29792a) Importer(815301076,1909f56bfc062723c751e8b465ee728b) (PreviewImporter) -> (artifact id: '00000000000000000000000000000000') in 0.8268257 seconds
Import Error Code:(4)
Message: Build asset version error: assets/models/wwmap.fbx in SourceAssetDB has modification time of '2025-01-11T07:49:24.3770149Z' while content on disk has modification time of '2025-01-11T07:49:55.1656203Z'
  ERROR: Build asset version error: assets/models/wwmap.fbx in SourceAssetDB has modification time of '2025-01-11T07:49:24.3770149Z' while content on disk has modification time of '2025-01-11T07:49:55.1656203Z'
Number of updated asset objects reloaded before import = 0Number of asset objects unloaded after import = 57

========================================================================
Received Import Request.
  Time since last request: 0.000067 seconds.
  path: Assets/Models/wwmap.fbx
  artifactKey: Guid(9272165cc3de14b499b6ec8cda29792a) Importer(815301076,1909f56bfc062723c751e8b465ee728b)
Start importing Assets/Models/wwmap.fbx using Guid(9272165cc3de14b499b6ec8cda29792a) Importer(815301076,1909f56bfc062723c751e8b465ee728b) (PreviewImporter) -> (artifact id: '00000000000000000000000000000000') in 0.7683469 seconds
Import Error Code:(4)
Message: Build asset version error: assets/models/wwmap.fbx in SourceAssetDB has modification time of '2025-01-11T07:49:24.3770149Z' while content on disk has modification time of '2025-01-11T07:49:55.1656203Z'
  ERROR: Build asset version error: assets/models/wwmap.fbx in SourceAssetDB has modification time of '2025-01-11T07:49:24.3770149Z' while content on disk has modification time of '2025-01-11T07:49:55.1656203Z'
Number of updated asset objects reloaded before import = 0Number of asset objects unloaded after import = 57

========================================================================
Received Import Request.
  Time since last request: 0.000107 seconds.
  path: Assets/Models/wwmap.fbx
  artifactKey: Guid(9272165cc3de14b499b6ec8cda29792a) Importer(815301076,1909f56bfc062723c751e8b465ee728b)
Start importing Assets/Models/wwmap.fbx using Guid(9272165cc3de14b499b6ec8cda29792a) Importer(815301076,1909f56bfc062723c751e8b465ee728b) (PreviewImporter) -> (artifact id: 'a70009ef7e4e504d705bc212e0e80e6c') in 0.8508237 seconds
Number of updated asset objects reloaded before import = 0Number of asset objects unloaded after import = 434

========================================================================
Received Import Request.
  Time since last request: 0.720840 seconds.
  path: Assets/Models/wwmap.fbx
  artifactKey: Guid(9272165cc3de14b499b6ec8cda29792a) Importer(815301076,1909f56bfc062723c751e8b465ee728b)
Start importing Assets/Models/wwmap.fbx using Guid(9272165cc3de14b499b6ec8cda29792a) Importer(815301076,1909f56bfc062723c751e8b465ee728b) (PreviewImporter) -> (artifact id: 'aa615674adc2e4a9c2db0dd590ba65a1') in 0.123433 seconds
Number of updated asset objects reloaded before import = 0Number of asset objects unloaded after import = 37

========================================================================
Received Import Request.
  Time since last request: 69.569247 seconds.
  path: Assets/Models/wwmap.fbx
  artifactKey: Guid(9272165cc3de14b499b6ec8cda29792a) Importer(815301076,1909f56bfc062723c751e8b465ee728b)
Start importing Assets/Models/wwmap.fbx using Guid(9272165cc3de14b499b6ec8cda29792a) Importer(815301076,1909f56bfc062723c751e8b465ee728b) (PreviewImporter) -> (artifact id: 'e06c350cad2fb492f0f01cd3b8a7c42c') in 0.994746 seconds
Number of updated asset objects reloaded before import = 0Number of asset objects unloaded after import = 434

========================================================================
Received Import Request.
  Time since last request: 11.582202 seconds.
  path: Assets/Materials/weapons
  artifactKey: Guid(d3d52b72e111e6644bd43f976d312b42) Importer(815301076,1909f56bfc062723c751e8b465ee728b)
Start importing Assets/Materials/weapons using Guid(d3d52b72e111e6644bd43f976d312b42) Importer(815301076,1909f56bfc062723c751e8b465ee728b) (PreviewImporter) -> (artifact id: 'f6969ea91f93054069a225419257432a') in 0.0025351 seconds
Number of updated asset objects reloaded before import = 0Number of asset objects unloaded after import = 0

========================================================================
Received Import Request.
  Time since last request: 5.246518 seconds.
  path: Assets/Materials/maps/limbo/parthenon
  artifactKey: Guid(4ad92c125567902468ad4ea540ff3a3a) Importer(815301076,1909f56bfc062723c751e8b465ee728b)
Start importing Assets/Materials/maps/limbo/parthenon using Guid(4ad92c125567902468ad4ea540ff3a3a) Importer(815301076,1909f56bfc062723c751e8b465ee728b) (PreviewImporter) -> (artifact id: '1e613b9bb822856ef1cd58ce38e9870c') in 0.0009404 seconds
Number of updated asset objects reloaded before import = 0Number of asset objects unloaded after import = 0

========================================================================
Received Import Request.
  Time since last request: 148.364695 seconds.
  path: Assets/Models
  artifactKey: Guid(1155dcd66fe44f943b31ffe38495d1c7) Importer(815301076,1909f56bfc062723c751e8b465ee728b)
Start importing Assets/Models using Guid(1155dcd66fe44f943b31ffe38495d1c7) Importer(815301076,1909f56bfc062723c751e8b465ee728b) (PreviewImporter) -> (artifact id: 'd505e3322e5e8906e5520eceed88886b') in 0.0018955 seconds
Number of updated asset objects reloaded before import = 0Number of asset objects unloaded after import = 0

========================================================================
Received Import Request.
  Time since last request: 24.845288 seconds.
  path: Assets/Models/wwmap.fbx
  artifactKey: Guid(9272165cc3de14b499b6ec8cda29792a) Importer(815301076,1909f56bfc062723c751e8b465ee728b)
Start importing Assets/Models/wwmap.fbx using Guid(9272165cc3de14b499b6ec8cda29792a) Importer(815301076,1909f56bfc062723c751e8b465ee728b) (PreviewImporter) -> (artifact id: '7464014094fd08a4d6b372c4a712de8d') in 0.8601633 seconds
Number of updated asset objects reloaded before import = 0Number of asset objects unloaded after import = 412

========================================================================
Received Import Request.
  Time since last request: 20.038285 seconds.
  path: Assets/Materials/environment
  artifactKey: Guid(321b6258a73b8ce478a1f29705116133) Importer(815301076,1909f56bfc062723c751e8b465ee728b)
Start importing Assets/Materials/environment using Guid(321b6258a73b8ce478a1f29705116133) Importer(815301076,1909f56bfc062723c751e8b465ee728b) (PreviewImporter) -> (artifact id: '817de54fb6684aeffe93d0e6ad113d89') in 0.0015769 seconds
Number of updated asset objects reloaded before import = 0Number of asset objects unloaded after import = 0

========================================================================
Received Import Request.
  Time since last request: 0.004526 seconds.
  path: Assets/Materials/environment/sand.mat
  artifactKey: Guid(0bd2bfd9a98103743b20d0e921c9e34c) Importer(815301076,1909f56bfc062723c751e8b465ee728b)
Start importing Assets/Materials/environment/sand.mat using Guid(0bd2bfd9a98103743b20d0e921c9e34c) Importer(815301076,1909f56bfc062723c751e8b465ee728b) (PreviewImporter) -> (artifact id: '1355533f4665e4306df0b93c66dbc270') in 0.0298019 seconds
Number of updated asset objects reloaded before import = 0Number of asset objects unloaded after import = 6

========================================================================
Received Import Request.
  Time since last request: 110.124009 seconds.
  path: Assets/Models/wwmap.fbx
  artifactKey: Guid(9272165cc3de14b499b6ec8cda29792a) Importer(815301076,1909f56bfc062723c751e8b465ee728b)
Start importing Assets/Models/wwmap.fbx using Guid(9272165cc3de14b499b6ec8cda29792a) Importer(815301076,1909f56bfc062723c751e8b465ee728b) (PreviewImporter) -> (artifact id: '76db2dd6496e17efa9711bf9c00418f3') in 0.7770621 seconds
Number of updated asset objects reloaded before import = 0Number of asset objects unloaded after import = 412

========================================================================
Received Import Request.
  Time since last request: 2.842541 seconds.
  path: Assets/Materials/maps/limbo/cross.mat
  artifactKey: Guid(8e358d83f838a594fb9ed432925b0eab) Importer(815301076,1909f56bfc062723c751e8b465ee728b)
Start importing Assets/Materials/maps/limbo/cross.mat using Guid(8e358d83f838a594fb9ed432925b0eab) Importer(815301076,1909f56bfc062723c751e8b465ee728b) (PreviewImporter) -> (artifact id: '46de56ec06c3b7447ea02d8958a88540') in 0.0208667 seconds
Number of updated asset objects reloaded before import = 0Number of asset objects unloaded after import = 2

========================================================================
Received Import Request.
  Time since last request: 0.000034 seconds.
  path: Assets/Materials/maps/limbo/hut_body.mat
  artifactKey: Guid(fbce298837ccc844ebb1d5febd07024a) Importer(815301076,1909f56bfc062723c751e8b465ee728b)
Start importing Assets/Materials/maps/limbo/hut_body.mat using Guid(fbce298837ccc844ebb1d5febd07024a) Importer(815301076,1909f56bfc062723c751e8b465ee728b) (PreviewImporter) -> (artifact id: 'ab724b92c4006c1ae859988b3c21f37a') in 0.0551996 seconds
Number of updated asset objects reloaded before import = 0Number of asset objects unloaded after import = 2

========================================================================
Received Import Request.
  Time since last request: 0.000035 seconds.
  path: Assets/Materials/maps/limbo/hut_floor.mat
  artifactKey: Guid(ca0af10af13136f458e446b2cd365c85) Importer(815301076,1909f56bfc062723c751e8b465ee728b)
Start importing Assets/Materials/maps/limbo/hut_floor.mat using Guid(ca0af10af13136f458e446b2cd365c85) Importer(815301076,1909f56bfc062723c751e8b465ee728b) (PreviewImporter) -> (artifact id: 'fd9b6cb96013d4c7bd4d8d3c7881efe8') in 0.0243218 seconds
Number of updated asset objects reloaded before import = 0Number of asset objects unloaded after import = 2

========================================================================
Received Import Request.
  Time since last request: 0.000046 seconds.
  path: Assets/Materials/maps/limbo/hut_roof.mat
  artifactKey: Guid(d3b97a8d92631304f900c106055a2578) Importer(815301076,1909f56bfc062723c751e8b465ee728b)
Start importing Assets/Materials/maps/limbo/hut_roof.mat using Guid(d3b97a8d92631304f900c106055a2578) Importer(815301076,1909f56bfc062723c751e8b465ee728b) (PreviewImporter) -> (artifact id: 'bec073f0a850d64a341ef9c05489405b') in 0.0219698 seconds
Number of updated asset objects reloaded before import = 0Number of asset objects unloaded after import = 2

Editor requested this worker to shutdown with reason: Scaling down because of idle timeout
AssetImportWorker is now disconnected from the server
Process exiting
Exiting without the bug reporter. Application will terminate with return code 0