Using pre-set license
Built from '6000.0/staging' branch; Version is '6000.0.30f1 (62b05ba0686a) revision 6467675'; Using compiler version '193933523'; Build Type 'Release'
OS: 'Windows 10  (10.0.19045) 64bit Education' Language: 'en' Physical Memory: 16304 MB
BatchMode: 1, IsHumanControllingUs: 0, StartBugReporterOnCrash: 0, Is64bit: 1, IsPro: 1

COMMAND LINE ARGUMENTS:
C:\Program Files\Unity\Hub\Editor\6000.0.30f1\Editor\Unity.exe
-adb2
-batchMode
-noUpm
-name
AssetImportWorker0
-projectPath
D:/UnityProjects/InstrumentumPandemonium
-logFile
Logs/AssetImportWorker0.log
-srvPort
58533
-job-worker-count
7
-background-job-worker-count
8
-asset-garbage-collectors
1
Successfully changed project path to: D:/UnityProjects/InstrumentumPandemonium
D:/UnityProjects/InstrumentumPandemonium
[UnityMemory] Configuration Parameters - Can be set up in boot.config
    "memorysetup-bucket-allocator-granularity=16"
    "memorysetup-bucket-allocator-bucket-count=8"
    "memorysetup-bucket-allocator-block-size=33554432"
    "memorysetup-bucket-allocator-block-count=8"
    "memorysetup-main-allocator-block-size=16777216"
    "memorysetup-thread-allocator-block-size=16777216"
    "memorysetup-gfx-main-allocator-block-size=16777216"
    "memorysetup-gfx-thread-allocator-block-size=16777216"
    "memorysetup-cache-allocator-block-size=4194304"
    "memorysetup-typetree-allocator-block-size=2097152"
    "memorysetup-profiler-bucket-allocator-granularity=16"
    "memorysetup-profiler-bucket-allocator-bucket-count=8"
    "memorysetup-profiler-bucket-allocator-block-size=33554432"
    "memorysetup-profiler-bucket-allocator-block-count=8"
    "memorysetup-profiler-allocator-block-size=16777216"
    "memorysetup-profiler-editor-allocator-block-size=1048576"
    "memorysetup-temp-allocator-size-main=16777216"
    "memorysetup-job-temp-allocator-block-size=2097152"
    "memorysetup-job-temp-allocator-block-size-background=1048576"
    "memorysetup-job-temp-allocator-reduction-small-platforms=262144"
    "memorysetup-allocator-temp-initial-block-size-main=262144"
    "memorysetup-allocator-temp-initial-block-size-worker=262144"
    "memorysetup-temp-allocator-size-background-worker=32768"
    "memorysetup-temp-allocator-size-job-worker=262144"
    "memorysetup-temp-allocator-size-preload-manager=33554432"
    "memorysetup-temp-allocator-size-nav-mesh-worker=65536"
    "memorysetup-temp-allocator-size-audio-worker=65536"
    "memorysetup-temp-allocator-size-cloud-worker=32768"
    "memorysetup-temp-allocator-size-gi-baking-worker=262144"
    "memorysetup-temp-allocator-size-gi-baking-worker=262144"
    "memorysetup-temp-allocator-size-gi-baking-worker=262144"
    "memorysetup-temp-allocator-size-gi-baking-worker=262144"
    "memorysetup-temp-allocator-size-gi-baking-worker=262144"
    "memorysetup-temp-allocator-size-gfx=262144"
Player connection [23704]  Target information:

Player connection [23704]  * "[IP] 192.168.1.77 [Port] 0 [Flags] 2 [Guid] 2594786591 [EditorId] 2594786591 [Version] 1048832 [Id] WindowsEditor(7,DESKTOP-65P1NK5) [Debug] 1 [PackageName] WindowsEditor [ProjectName] Editor" 

Player connection [23704] Host joined multi-casting on [225.0.0.222:54997]...
Player connection [23704] Host joined alternative multi-casting on [225.0.0.222:34997]...
JobSystem: Creating JobQueue using job-worker-count value 7
[Physics::Module] Initialized fallback backend.
[Physics::Module] Id: 0xdecafbad
Library Redirect Path: Library/
[Physics::Module] Selected backend.
[Physics::Module] Name: PhysX
[Physics::Module] Id: 0xf2b8ea05
[Physics::Module] SDK Version: 4.1.2
[Physics::Module] Integration Version: 1.0.0
[Physics::Module] Threading Mode: Multi-Threaded
Refreshing native plugins compatible for Editor in 250.20 ms, found 4 plugins.
Preloading 0 native plugins for Editor in 0.00 ms.
Initialize engine version: 6000.0.30f1 (62b05ba0686a)
[Subsystems] Discovering subsystems at path C:/Program Files/Unity/Hub/Editor/6000.0.30f1/Editor/Data/Resources/UnitySubsystems
[Subsystems] Discovering subsystems at path D:/UnityProjects/InstrumentumPandemonium/Assets
GfxDevice: creating device client; kGfxThreadingModeNonThreaded
Direct3D:
    Version:  Direct3D 11.0 [level 11.1]
    Renderer: NVIDIA GeForce RTX 2060 (ID=0x1f08)
    Vendor:   NVIDIA
    VRAM:     5954 MB
    Driver:   32.0.15.7270
Initialize mono
Mono path[0] = 'C:/Program Files/Unity/Hub/Editor/6000.0.30f1/Editor/Data/Managed'
Mono path[1] = 'C:/Program Files/Unity/Hub/Editor/6000.0.30f1/Editor/Data/MonoBleedingEdge/lib/mono/unityjit-win32'
Mono config path = 'C:/Program Files/Unity/Hub/Editor/6000.0.30f1/Editor/Data/MonoBleedingEdge/etc'
Using monoOptions --debugger-agent=transport=dt_socket,embedding=1,server=y,suspend=n,address=127.0.0.1:56784
Begin MonoManager ReloadAssembly
Registering precompiled unity dll's ...
Register platform support module: C:/Program Files/Unity/Hub/Editor/6000.0.30f1/Editor/Data/PlaybackEngines/WindowsStandaloneSupport/UnityEditor.WindowsStandalone.Extensions.dll
Registered in 0.514642 seconds.
- Loaded All Assemblies, in 15.633 seconds
Native extension for WindowsStandalone target not found
Mono: successfully reloaded assembly
- Finished resetting the current domain, in  0.652 seconds
Domain Reload Profiling: 16276ms
	BeginReloadAssembly (11820ms)
		ExecutionOrderSort (0ms)
		DisableScriptedObjects (0ms)
		BackupInstance (0ms)
		ReleaseScriptingObjects (0ms)
		CreateAndSetChildDomain (1ms)
	RebuildCommonClasses (994ms)
	RebuildNativeTypeToScriptingClass (20ms)
	initialDomainReloadingComplete (619ms)
	LoadAllAssembliesAndSetupDomain (2172ms)
		LoadAssemblies (11814ms)
		RebuildTransferFunctionScriptingTraits (0ms)
		AnalyzeDomain (2164ms)
			TypeCache.Refresh (2160ms)
				TypeCache.ScanAssembly (1680ms)
			BuildScriptInfoCaches (0ms)
			ResolveRequiredComponents (1ms)
	FinalizeReload (652ms)
		ReleaseScriptCaches (0ms)
		RebuildScriptCaches (0ms)
		SetupLoadedEditorAssemblies (548ms)
			LogAssemblyErrors (0ms)
			InitializePlatformSupportModulesInManaged (59ms)
			SetLoadedEditorAssemblies (9ms)
			BeforeProcessingInitializeOnLoad (92ms)
			ProcessInitializeOnLoadAttributes (269ms)
			ProcessInitializeOnLoadMethodAttributes (119ms)
			AfterProcessingInitializeOnLoad (0ms)
			EditorAssembliesLoaded (0ms)
		ExecutionOrderSort2 (0ms)
		AwakeInstancesAfterBackupRestoration (0ms)
Assembly reference Packages/com.unity.entities/Unity.Scenes.Editor/Internals/Properties/Unity.Properties.Internals.asmref has no target assembly definition
========================================================================
Worker process is ready to serve import requests
Import Worker Mode flag is 0x00
Assembly reference Packages/com.unity.entities/Unity.Scenes.Editor/Internals/Properties/Unity.Properties.Internals.asmref has no target assembly definition
Assembly reference Packages/com.unity.entities/Unity.Scenes.Editor/Internals/Properties/Unity.Properties.Internals.asmref has no target assembly definition
Begin MonoManager ReloadAssembly
Symbol file LoadedFromMemory is not a mono symbol file
- Loaded All Assemblies, in 18.657 seconds
Assembly reference Packages/com.unity.entities/Unity.Scenes.Editor/Internals/Properties/Unity.Properties.Internals.asmref has no target assembly definition
Refreshing native plugins compatible for Editor in 1.86 ms, found 4 plugins.
Native extension for WindowsStandalone target not found
Assembly reference Packages/com.unity.entities/Unity.Scenes.Editor/Internals/Properties/Unity.Properties.Internals.asmref has no target assembly definition
Error saving file Library/StateCache/LayerSettings/9e/9ecc5c3c162a7aba29bafa64c8b94b7c.json. Error: System.IO.IOException: Sharing violation on path D:\UnityProjects\InstrumentumPandemonium\Library\StateCache\LayerSettings\9e\9ecc5c3c162a7aba29bafa64c8b94b7c.json
  at System.IO.FileStream..ctor (System.String path, System.IO.FileMode mode, System.IO.FileAccess access, System.IO.FileShare share, System.Int32 bufferSize, System.Boolean anonymous, System.IO.FileOptions options) [0x0019e] in <ed969b0e627d471da4848289f9c322df>:0 
  at System.IO.FileStream..ctor (System.String path, System.IO.FileMode mode, System.IO.FileAccess access, System.IO.FileShare share, System.Int32 bufferSize, System.IO.FileOptions options) [0x00000] in <ed969b0e627d471da4848289f9c322df>:0 
  at (wrapper remoting-invoke-with-check) System.IO.FileStream..ctor(string,System.IO.FileMode,System.IO.FileAccess,System.IO.FileShare,int,System.IO.FileOptions)
  at System.IO.StreamWriter..ctor (System.String path, System.Boolean append, System.Text.Encoding encoding, System.Int32 bufferSize) [0x00055] in <ed969b0e627d471da4848289f9c322df>:0 
  at System.IO.StreamWriter..ctor (System.String path, System.Boolean append, System.Text.Encoding encoding) [0x00000] in <ed969b0e627d471da4848289f9c322df>:0 
  at (wrapper remoting-invoke-with-check) System.IO.StreamWriter..ctor(string,bool,System.Text.Encoding)
  at System.IO.File.WriteAllText (System.String path, System.String contents, System.Text.Encoding encoding) [0x00034] in <ed969b0e627d471da4848289f9c322df>:0 
  at UnityEditor.StateCache`1[T].SetState (UnityEngine.Hash128 key, T obj) [0x0004b] in <4e9c48eedf6f482fa439ccf335631481>:0 
UnityEngine.Debug:ExtractStackTraceNoAlloc (byte*,int,string)
UnityEngine.StackTraceUtility:ExtractStackTrace ()
UnityEngine.DebugLogHandler:Internal_Log (UnityEngine.LogType,UnityEngine.LogOption,string,UnityEngine.Object)
UnityEngine.DebugLogHandler:LogFormat (UnityEngine.LogType,UnityEngine.Object,string,object[])
UnityEngine.Logger:Log (UnityEngine.LogType,object)
UnityEngine.Debug:LogError (object)
UnityEditor.StateCache`1<UnityEditor.Tools/LayerSettings>:SetState (UnityEngine.Hash128,UnityEditor.Tools/LayerSettings)
UnityEditor.Tools:set_lockedLayers (int)
UnityEditor.Tools:OnEnable ()
UnityEngine.ScriptableObject:CreateScriptableObjectInstanceFromType (System.Type,bool)
UnityEngine.ScriptableObject:CreateInstance (System.Type)
UnityEngine.ScriptableObject:CreateInstance<UnityEditor.Tools> ()
UnityEditor.Tools:get_get ()
UnityEditor.Tools:get_visibleLayers ()
UnityEditor.Animations.Rigging.BoneRendererUtils:.cctor () (at ./Library/PackageCache/com.unity.animation.rigging/Editor/Utils/BoneRendererUtils.cs:121)
System.Runtime.CompilerServices.RuntimeHelpers:RunClassConstructor (System.RuntimeTypeHandle)
UnityEditor.EditorAssemblies:ProcessInitializeOnLoadAttributes (System.Type[])

(Filename: ./Library/PackageCache/com.unity.animation.rigging/Editor/Utils/BoneRendererUtils.cs Line: 121)

[MODES] ModeService[none].Initialize
[MODES] ModeService[none].LoadModes
[MODES] Loading mode Default (0) for mode-current-id-InstrumentumPandemonium
TypeManager.Initialize took: 679ms
System.Reflection.TargetInvocationException: Exception has been thrown by the target of an invocation. ---> System.NullReferenceException: Object reference not set to an instance of an object
  at Unity.Multiplayer.Playmode.Workflow.Editor.ProjectDataStore..ctor (System.String directory) [0x0006e] in .\Library\PackageCache\com.unity.multiplayer.playmode\Workflow\Editor\Configuration\ProjectDataStore.cs:55 
  at Unity.Multiplayer.Playmode.Workflow.Editor.ProjectDataStore.GetMain () [0x00000] in .\Library\PackageCache\com.unity.multiplayer.playmode\Workflow\Editor\Configuration\ProjectDataStore.cs:36 
  at Unity.Multiplayer.Playmode.Workflow.Editor.WorkflowMainEditorContext..ctor (Unity.Multiplayer.Playmode.VirtualProjects.Editor.MainEditorContext mainEditorContext) [0x0002c] in .\Library\PackageCache\com.unity.multiplayer.playmode\Workflow\Editor\Contexts\WorkflowMainEditorContext.cs:15 
  at Unity.Multiplayer.Playmode.Workflow.Editor.VirtualProjectWorkflow.InitializeMPPMContexts () [0x00018] in .\Library\PackageCache\com.unity.multiplayer.playmode\Workflow\Editor\Workflow\VirtualProjectWorkflow.cs:198 
  at Unity.Multiplayer.Playmode.Workflow.Editor.VirtualProjectWorkflow+<>c.<.cctor>b__22_0 () [0x00036] in .\Library\PackageCache\com.unity.multiplayer.playmode\Workflow\Editor\Workflow\VirtualProjectWorkflow.cs:85 
  at Unity.Multiplayer.Playmode.VirtualProjects.Editor.EditorContexts.SendReadyEvent () [0x00038] in .\Library\PackageCache\com.unity.multiplayer.playmode\VirtualProjects\Editor\Contexts\EditorContexts.cs:56 
  at (wrapper managed-to-native) System.Reflection.RuntimeMethodInfo.InternalInvoke(System.Reflection.RuntimeMethodInfo,object,object[],System.Exception&)
  at System.Reflection.RuntimeMethodInfo.Invoke (System.Object obj, System.Reflection.BindingFlags invokeAttr, System.Reflection.Binder binder, System.Object[] parameters, System.Globalization.CultureInfo culture) [0x0006a] in <ed969b0e627d471da4848289f9c322df>:0 
   --- End of inner exception stack trace ---
  at System.Reflection.RuntimeMethodInfo.Invoke (System.Object obj, System.Reflection.BindingFlags invokeAttr, System.Reflection.Binder binder, System.Object[] parameters, System.Globalization.CultureInfo culture) [0x00083] in <ed969b0e627d471da4848289f9c322df>:0 
  at System.Reflection.MethodBase.Invoke (System.Object obj, System.Object[] parameters) [0x00000] in <ed969b0e627d471da4848289f9c322df>:0 
  at UnityEditor.EditorAssemblies.ProcessInitializeOnLoadMethodAttributes () [0x00056] in <4e9c48eedf6f482fa439ccf335631481>:0 
UnityEngine.Debug:ExtractStackTraceNoAlloc (byte*,int,string)
UnityEngine.StackTraceUtility:ExtractStackTrace ()
UnityEngine.DebugLogHandler:Internal_Log (UnityEngine.LogType,UnityEngine.LogOption,string,UnityEngine.Object)
UnityEngine.DebugLogHandler:LogFormat (UnityEngine.LogType,UnityEngine.Object,string,object[])
UnityEngine.Logger:Log (UnityEngine.LogType,object)
UnityEngine.Debug:LogError (object)
UnityEditor.EditorAssemblies:ProcessInitializeOnLoadMethodAttributes ()

Mono: successfully reloaded assembly
- Finished resetting the current domain, in  3.273 seconds
Domain Reload Profiling: 21923ms
	BeginReloadAssembly (283ms)
		ExecutionOrderSort (0ms)
		DisableScriptedObjects (11ms)
		BackupInstance (0ms)
		ReleaseScriptingObjects (0ms)
		CreateAndSetChildDomain (47ms)
	RebuildCommonClasses (61ms)
	RebuildNativeTypeToScriptingClass (18ms)
	initialDomainReloadingComplete (70ms)
	LoadAllAssembliesAndSetupDomain (18218ms)
		LoadAssemblies (16686ms)
		RebuildTransferFunctionScriptingTraits (0ms)
		AnalyzeDomain (1704ms)
			TypeCache.Refresh (1526ms)
				TypeCache.ScanAssembly (1402ms)
			BuildScriptInfoCaches (154ms)
			ResolveRequiredComponents (21ms)
	FinalizeReload (3273ms)
		ReleaseScriptCaches (0ms)
		RebuildScriptCaches (0ms)
		SetupLoadedEditorAssemblies (2596ms)
			LogAssemblyErrors (0ms)
			InitializePlatformSupportModulesInManaged (4ms)
			SetLoadedEditorAssemblies (8ms)
			BeforeProcessingInitializeOnLoad (216ms)
			ProcessInitializeOnLoadAttributes (1642ms)
			ProcessInitializeOnLoadMethodAttributes (716ms)
			AfterProcessingInitializeOnLoad (11ms)
			EditorAssembliesLoaded (1ms)
		ExecutionOrderSort2 (0ms)
		AwakeInstancesAfterBackupRestoration (13ms)
Launched and connected shader compiler UnityShaderCompiler.exe after 0.04 seconds
Refreshing native plugins compatible for Editor in 2.76 ms, found 4 plugins.
Preloading 0 native plugins for Editor in 0.00 ms.
Unloading 218 Unused Serialized files (Serialized files now loaded: 0)
Unloading 8652 unused Assets / (5.3 MB). Loaded Objects now: 9327.
Memory consumption went from 189.3 MB to 184.0 MB.
Total: 23.727400 ms (FindLiveObjects: 1.810400 ms CreateObjectMapping: 1.508500 ms MarkObjects: 14.051100 ms  DeleteObjects: 6.352200 ms)

========================================================================
Received Import Request.
  Time since last request: 2026992.852371 seconds.
  path: Assets/Models/soldier/rigged_soldier.fbx
  artifactKey: Guid(2ffb7321fcb349b4ca741d22ebde406c) Importer(815301076,1909f56bfc062723c751e8b465ee728b)
Start importing Assets/Models/soldier/rigged_soldier.fbx using Guid(2ffb7321fcb349b4ca741d22ebde406c) Importer(815301076,1909f56bfc062723c751e8b465ee728b) (PreviewImporter)
=================================================================
	Native Crash Reporting
=================================================================
Got a UNKNOWN while executing native code. This usually indicates
a fatal error in the mono runtime or one of the native libraries 
used by your application.
=================================================================

=================================================================
	Managed Stacktrace:
=================================================================
	  at <unknown> <0xffffffff>
	  at System.Object:__icall_wrapper_ves_icall_array_new_specific <0x0006d>
	  at System.Array:Resize <0x0009a>
	  at UnityEngine.InputSystem.Utilities.ArrayHelpers:Append <0x000b2>
	  at UnityEngine.InputSystem.InputActionSetupExtensions:AddBindingInternal <0x00182>
	  at UnityEngine.InputSystem.InputActionSetupExtensions:AddBinding <0x001aa>
	  at UnityEngine.InputSystem.InputActionSetupExtensions:AddBinding <0x001c2>
	  at CompositeSyntax:With <0x0009a>
	  at UnityEngine.Rendering.DebugManager:RegisterInputs <0x0099a>
	  at UnityEngine.Rendering.DebugManager:.ctor <0x003aa>
	  at <>c:<.cctor>b__95_0 <0x0003a>
	  at System.Lazy`1:ViaFactory <0x0008c>
	  at System.Lazy`1:ExecutionAndPublication <0x000f2>
	  at System.Lazy`1:CreateValue <0x00112>
	  at System.Lazy`1:get_Value <0x0002a>
	  at UnityEngine.Rendering.DebugManager:get_instance <0x0002a>
	  at UnityEngine.Rendering.Universal.UniversalRenderPipeline:.ctor <0x00632>
	  at UnityEngine.Rendering.Universal.UniversalRenderPipelineAsset:CreatePipeline <0x0015a>
	  at UnityEngine.Rendering.RenderPipelineAsset:InternalCreatePipeline <0x0005b>
	  at UnityEngine.Rendering.RenderPipelineManager:TryPrepareRenderPipeline <0x0008a>
	  at UnityEngine.Rendering.RenderPipelineManager:DoRenderLoop_Internal <0x0006a>
	  at <Module>:runtime_invoke_void_object_intptr_object_AtomicSafetyHandle <0x000c7>
	  at <unknown> <0xffffffff>
	  at UnityEngine.Camera:Render_Injected <0x00069>
	  at UnityEngine.Camera:Render <0x0009a>
	  at UnityEditor.PreviewRenderUtility:Render <0x0044a>
	  at UnityEditor.GameObjectInspector:DoRenderPreview <0x01a2a>
	  at UnityEditor.GameObjectInspector:RenderStaticPreview <0x0019a>
	  at UnityEditor.AssetPreviewUpdater:CreatePreview <0x0016c>
	  at UnityEditor.AssetPreviewUpdater:CreatePreviewForAsset <0x00042>
	  at <Module>:runtime_invoke_object_object_object_object <0x0008f>
=================================================================
 -> (artifact id: '0ada213c31a30ce4eab8620e472e23c4') in 1.3176562 seconds
Number of updated asset objects reloaded before import = 0Number of asset objects unloaded after import = 301

========================================================================
Received Import Request.
  Time since last request: 4.284946 seconds.
  path: Assets/Cutscenes/395684__columbia23__ambient-wind-2-white-noise.wav
  artifactKey: Guid(e726de4b84b4f1a4281adbc0f103a520) Importer(815301076,1909f56bfc062723c751e8b465ee728b)
Start importing Assets/Cutscenes/395684__columbia23__ambient-wind-2-white-noise.wav using Guid(e726de4b84b4f1a4281adbc0f103a520) Importer(815301076,1909f56bfc062723c751e8b465ee728b) (PreviewImporter) -> (artifact id: '98ed3b4eb504af799dffeb777f35954c') in 0.0599471 seconds
Number of updated asset objects reloaded before import = 0Number of asset objects unloaded after import = 2

========================================================================
Received Import Request.
  Time since last request: 251.200628 seconds.
  path: Assets/Cutscenes/700539__artninja__custom_iron_man_mcu_inspired_metal_hits_final_08252023_02.mp3
  artifactKey: Guid(7a23add0b3604d348a3375597519e674) Importer(815301076,1909f56bfc062723c751e8b465ee728b)
Start importing Assets/Cutscenes/700539__artninja__custom_iron_man_mcu_inspired_metal_hits_final_08252023_02.mp3 using Guid(7a23add0b3604d348a3375597519e674) Importer(815301076,1909f56bfc062723c751e8b465ee728b) (PreviewImporter) -> (artifact id: '9a5aabb759e0afc57e77e53be12eec97') in 0.0222104 seconds
Number of updated asset objects reloaded before import = 0Number of asset objects unloaded after import = 2

========================================================================
Received Import Request.
  Time since last request: 952.492834 seconds.
  path: Assets/Cutscenes/CutsceneAnimator.controller
  artifactKey: Guid(de5ddcfca3cbbf246b0561e818643726) Importer(815301076,1909f56bfc062723c751e8b465ee728b)
Start importing Assets/Cutscenes/CutsceneAnimator.controller using Guid(de5ddcfca3cbbf246b0561e818643726) Importer(815301076,1909f56bfc062723c751e8b465ee728b) (PreviewImporter) -> (artifact id: 'c61bc999152820507bd9a811ec87d2b3') in 0.0032642 seconds
Number of updated asset objects reloaded before import = 0Number of asset objects unloaded after import = 1

========================================================================
Received Import Request.
  Time since last request: 1351.872429 seconds.
  path: Assets/Models/soldier/rigged_soldier.fbx
  artifactKey: Guid(2ffb7321fcb349b4ca741d22ebde406c) Importer(815301076,1909f56bfc062723c751e8b465ee728b)
Start importing Assets/Models/soldier/rigged_soldier.fbx using Guid(2ffb7321fcb349b4ca741d22ebde406c) Importer(815301076,1909f56bfc062723c751e8b465ee728b) (PreviewImporter) -> (artifact id: '075460f4e9f65382961442a332dcdc8b') in 0.6314816 seconds
Number of updated asset objects reloaded before import = 0Number of asset objects unloaded after import = 302

========================================================================
Received Import Request.
  Time since last request: 37.713011 seconds.
  path: Assets/Models/soldier/rigged_soldier.fbx
  artifactKey: Guid(2ffb7321fcb349b4ca741d22ebde406c) Importer(815301076,1909f56bfc062723c751e8b465ee728b)
Start importing Assets/Models/soldier/rigged_soldier.fbx using Guid(2ffb7321fcb349b4ca741d22ebde406c) Importer(815301076,1909f56bfc062723c751e8b465ee728b) (PreviewImporter) -> (artifact id: '39914aea65b393138fdb4491a73b8254') in 0.4174039 seconds
Number of updated asset objects reloaded before import = 0Number of asset objects unloaded after import = 302

========================================================================
Received Import Request.
  Time since last request: 326.760104 seconds.
  path: Assets/Models/soldier/player_character.prefab
  artifactKey: Guid(b33783ce9e7c47c4fae1233489b48fa4) Importer(815301076,1909f56bfc062723c751e8b465ee728b)
Start importing Assets/Models/soldier/player_character.prefab using Guid(b33783ce9e7c47c4fae1233489b48fa4) Importer(815301076,1909f56bfc062723c751e8b465ee728b) (PreviewImporter) -> (artifact id: '07e69d9a1097d988daae5be0281c5a92') in 0.0865172 seconds
Number of updated asset objects reloaded before import = 0Number of asset objects unloaded after import = 545

========================================================================
Received Import Request.
  Time since last request: 13.583927 seconds.
  path: Assets/Cutscenes/539713__goten151__mus-152-ulysses-gonzalez-marching-with-armor_mixdown.wav
  artifactKey: Guid(a4a75435c15c48b46bd05a4ddd961211) Importer(815301076,1909f56bfc062723c751e8b465ee728b)
Start importing Assets/Cutscenes/539713__goten151__mus-152-ulysses-gonzalez-marching-with-armor_mixdown.wav using Guid(a4a75435c15c48b46bd05a4ddd961211) Importer(815301076,1909f56bfc062723c751e8b465ee728b) (PreviewImporter) -> (artifact id: 'bcf34e5ce38213eeca9eb5f3599c459b') in 0.0240849 seconds
Number of updated asset objects reloaded before import = 0Number of asset objects unloaded after import = 2

========================================================================
Received Prepare
Refreshing native plugins compatible for Editor in 3.45 ms, found 4 plugins.
Preloading 0 native plugins for Editor in 0.00 ms.
Unloading 18 Unused Serialized files (Serialized files now loaded: 0)
Unloading 19 unused Assets / (2.1 MB). Loaded Objects now: 9484.
Memory consumption went from 173.8 MB to 171.7 MB.
Total: 196.701700 ms (FindLiveObjects: 2.517700 ms CreateObjectMapping: 1.529900 ms MarkObjects: 191.264900 ms  DeleteObjects: 1.385400 ms)

Prepare: number of updated asset objects reloaded= 0
========================================================================
Received Import Request.
  Time since last request: 2176.807237 seconds.
  path: Assets/Models/intro/Intro.playable
  artifactKey: Guid(70a66d312a563e541835d14d0fe420db) Importer(815301076,1909f56bfc062723c751e8b465ee728b)
Start importing Assets/Models/intro/Intro.playable using Guid(70a66d312a563e541835d14d0fe420db) Importer(815301076,1909f56bfc062723c751e8b465ee728b) (PreviewImporter) -> (artifact id: '08f8b471c37b92ac6550d861eeaf8e67') in 0.0634839 seconds
Number of updated asset objects reloaded before import = 0Number of asset objects unloaded after import = 77

========================================================================
Received Import Request.
  Time since last request: 9.619149 seconds.
  path: Assets/Models/intro/Intro.playable
  artifactKey: Guid(70a66d312a563e541835d14d0fe420db) Importer(815301076,1909f56bfc062723c751e8b465ee728b)
Start importing Assets/Models/intro/Intro.playable using Guid(70a66d312a563e541835d14d0fe420db) Importer(815301076,1909f56bfc062723c751e8b465ee728b) (PreviewImporter) -> (artifact id: 'c38ba4f6e71c8f1e5702f5c384fe17ba') in 0.0160805 seconds
Number of updated asset objects reloaded before import = 0Number of asset objects unloaded after import = 77

========================================================================
Received Import Request.
  Time since last request: 1076.494875 seconds.
  path: Assets/Models/intro/Intro.playable
  artifactKey: Guid(70a66d312a563e541835d14d0fe420db) Importer(815301076,1909f56bfc062723c751e8b465ee728b)
Start importing Assets/Models/intro/Intro.playable using Guid(70a66d312a563e541835d14d0fe420db) Importer(815301076,1909f56bfc062723c751e8b465ee728b) (PreviewImporter) -> (artifact id: 'ef068003c6e42bf0dcfce157e8a3657d') in 0.0157091 seconds
Number of updated asset objects reloaded before import = 0Number of asset objects unloaded after import = 80

========================================================================
Received Import Request.
  Time since last request: 240.009313 seconds.
  path: Assets/Models/intro/Intro.playable
  artifactKey: Guid(70a66d312a563e541835d14d0fe420db) Importer(815301076,1909f56bfc062723c751e8b465ee728b)
Start importing Assets/Models/intro/Intro.playable using Guid(70a66d312a563e541835d14d0fe420db) Importer(815301076,1909f56bfc062723c751e8b465ee728b) (PreviewImporter) -> (artifact id: '55634ad16c667cda8d2639d7b53aa1be') in 0.0144731 seconds
Number of updated asset objects reloaded before import = 0Number of asset objects unloaded after import = 80

========================================================================
Received Import Request.
  Time since last request: 117.604138 seconds.
  path: Assets/Models/intro/Intro.playable
  artifactKey: Guid(70a66d312a563e541835d14d0fe420db) Importer(815301076,1909f56bfc062723c751e8b465ee728b)
Start importing Assets/Models/intro/Intro.playable using Guid(70a66d312a563e541835d14d0fe420db) Importer(815301076,1909f56bfc062723c751e8b465ee728b) (PreviewImporter) -> (artifact id: 'c26fcc1fd3b4e3b9023cdda51b199157') in 0.0153051 seconds
Number of updated asset objects reloaded before import = 0Number of asset objects unloaded after import = 80

========================================================================
Received Import Request.
  Time since last request: 800.697869 seconds.
  path: Assets/Models/soldier/rigged_soldier.fbx
  artifactKey: Guid(2ffb7321fcb349b4ca741d22ebde406c) Importer(815301076,1909f56bfc062723c751e8b465ee728b)
Start importing Assets/Models/soldier/rigged_soldier.fbx using Guid(2ffb7321fcb349b4ca741d22ebde406c) Importer(815301076,1909f56bfc062723c751e8b465ee728b) (PreviewImporter) -> (artifact id: '5c28cf7f09eeb808d302dd3183b3b979') in 0.4736543 seconds
Number of updated asset objects reloaded before import = 0Number of asset objects unloaded after import = 302

========================================================================
Received Import Request.
  Time since last request: 0.308868 seconds.
  path: Assets/Models/soldier/player_character.prefab
  artifactKey: Guid(b33783ce9e7c47c4fae1233489b48fa4) Importer(815301076,1909f56bfc062723c751e8b465ee728b)
Start importing Assets/Models/soldier/player_character.prefab using Guid(b33783ce9e7c47c4fae1233489b48fa4) Importer(815301076,1909f56bfc062723c751e8b465ee728b) (PreviewImporter) -> (artifact id: '381f4da82c5d65d007477dbdccc8db5c') in 0.0506249 seconds
Number of updated asset objects reloaded before import = 0Number of asset objects unloaded after import = 549

========================================================================
Received Import Request.
  Time since last request: 18.466489 seconds.
  path: Assets/Models/soldier/rigged_soldier.fbx
  artifactKey: Guid(2ffb7321fcb349b4ca741d22ebde406c) Importer(815301076,1909f56bfc062723c751e8b465ee728b)
Start importing Assets/Models/soldier/rigged_soldier.fbx using Guid(2ffb7321fcb349b4ca741d22ebde406c) Importer(815301076,1909f56bfc062723c751e8b465ee728b) (PreviewImporter) -> (artifact id: '1fd353bcd492ce08fd03a9a2774b895b') in 0.4365573 seconds
Number of updated asset objects reloaded before import = 0Number of asset objects unloaded after import = 303

========================================================================
Received Import Request.
  Time since last request: 80.668921 seconds.
  path: Assets/Models/soldier/rigged_soldier.fbx
  artifactKey: Guid(2ffb7321fcb349b4ca741d22ebde406c) Importer(815301076,1909f56bfc062723c751e8b465ee728b)
Start importing Assets/Models/soldier/rigged_soldier.fbx using Guid(2ffb7321fcb349b4ca741d22ebde406c) Importer(815301076,1909f56bfc062723c751e8b465ee728b) (PreviewImporter) -> (artifact id: '42bed46614d5eb1f4312de5e3409a675') in 0.4045855 seconds
Number of updated asset objects reloaded before import = 0Number of asset objects unloaded after import = 303

========================================================================
Received Import Request.
  Time since last request: 82.340919 seconds.
  path: Assets/New Terrain.asset
  artifactKey: Guid(0f751c3e848fd9948a88011f80505332) Importer(815301076,1909f56bfc062723c751e8b465ee728b)
Start importing Assets/New Terrain.asset using Guid(0f751c3e848fd9948a88011f80505332) Importer(815301076,1909f56bfc062723c751e8b465ee728b) (PreviewImporter) -> (artifact id: 'eb7aa8c05827205de6c1386a51bf9757') in 0.0875347 seconds
Number of updated asset objects reloaded before import = 0Number of asset objects unloaded after import = 3

========================================================================
Received Import Request.
  Time since last request: 3.719584 seconds.
  path: Assets/Cutscenes/Mature
  artifactKey: Guid(f27b286d4a065fd4c8123eb870b109b1) Importer(815301076,1909f56bfc062723c751e8b465ee728b)
Start importing Assets/Cutscenes/Mature using Guid(f27b286d4a065fd4c8123eb870b109b1) Importer(815301076,1909f56bfc062723c751e8b465ee728b) (PreviewImporter) -> (artifact id: '91c71688b1372bd5e6a0cdef4c9618ce') in 0.0009228 seconds
Number of updated asset objects reloaded before import = 0Number of asset objects unloaded after import = 0

========================================================================
Received Import Request.
  Time since last request: 0.143559 seconds.
  path: Assets/Cutscenes/Mature/1 ThreeHundredThousandYears-Mature.mp3
  artifactKey: Guid(17ef4cc428890574da946027ebdd55bc) Importer(815301076,1909f56bfc062723c751e8b465ee728b)
Start importing Assets/Cutscenes/Mature/1 ThreeHundredThousandYears-Mature.mp3 using Guid(17ef4cc428890574da946027ebdd55bc) Importer(815301076,1909f56bfc062723c751e8b465ee728b) (PreviewImporter) -> (artifact id: '478b19615aa677f7cdf6b3fd5378a1f3') in 0.0269397 seconds
Number of updated asset objects reloaded before import = 0Number of asset objects unloaded after import = 2

========================================================================
Received Import Request.
  Time since last request: 0.000047 seconds.
  path: Assets/Cutscenes/Mature/5.1 YouShallKnowNoRest-Mature.mp3
  artifactKey: Guid(79fbfbbfdef03b64da5f63bb7b3c2ad0) Importer(815301076,1909f56bfc062723c751e8b465ee728b)
Start importing Assets/Cutscenes/Mature/5.1 YouShallKnowNoRest-Mature.mp3 using Guid(79fbfbbfdef03b64da5f63bb7b3c2ad0) Importer(815301076,1909f56bfc062723c751e8b465ee728b) (PreviewImporter) -> (artifact id: 'eeb007d0e8285a165f642d95be88a9ba') in 0.0210833 seconds
Number of updated asset objects reloaded before import = 0Number of asset objects unloaded after import = 2

========================================================================
Received Import Request.
  Time since last request: 0.000077 seconds.
  path: Assets/Cutscenes/Mature/3.2 FightingOverLands-Mature.mp3
  artifactKey: Guid(318cd0fa951717b408a3028d71d044db) Importer(815301076,1909f56bfc062723c751e8b465ee728b)
Start importing Assets/Cutscenes/Mature/3.2 FightingOverLands-Mature.mp3 using Guid(318cd0fa951717b408a3028d71d044db) Importer(815301076,1909f56bfc062723c751e8b465ee728b) (PreviewImporter) -> (artifact id: '0bdc6373dec604666fd7e38f5d6924a4') in 0.0187915 seconds
Number of updated asset objects reloaded before import = 0Number of asset objects unloaded after import = 2

Editor requested this worker to shutdown with reason: Scaling down because of idle timeout
AssetImportWorker is now disconnected from the server
Process exiting
Exiting without the bug reporter. Application will terminate with return code 0