
=== Thu Dec 23 00:52:23 2021

Packages were changed.
Update Mode: mergeDefaultDependencies

The following packages were added:
  com.unity.collab-proxy@1.5.7
  com.unity.ide.rider@2.0.7
  com.unity.ide.visualstudio@2.0.8
  com.unity.ide.vscode@1.2.3
  com.unity.modules.ai@1.0.0
  com.unity.modules.androidjni@1.0.0
  com.unity.modules.animation@1.0.0
  com.unity.modules.assetbundle@1.0.0
  com.unity.modules.audio@1.0.0
  com.unity.modules.cloth@1.0.0
  com.unity.modules.director@1.0.0
  com.unity.modules.imageconversion@1.0.0
  com.unity.modules.imgui@1.0.0
  com.unity.modules.jsonserialize@1.0.0
  com.unity.modules.particlesystem@1.0.0
  com.unity.modules.physics@1.0.0
  com.unity.modules.physics2d@1.0.0
  com.unity.modules.screencapture@1.0.0
  com.unity.modules.terrain@1.0.0
  com.unity.modules.terrainphysics@1.0.0
  com.unity.modules.tilemap@1.0.0
  com.unity.modules.ui@1.0.0
  com.unity.modules.uielements@1.0.0
  com.unity.modules.umbra@1.0.0
  com.unity.modules.unityanalytics@1.0.0
  com.unity.modules.unitywebrequest@1.0.0
  com.unity.modules.unitywebrequestassetbundle@1.0.0
  com.unity.modules.unitywebrequestaudio@1.0.0
  com.unity.modules.unitywebrequesttexture@1.0.0
  com.unity.modules.unitywebrequestwww@1.0.0
  com.unity.modules.vehicles@1.0.0
  com.unity.modules.video@1.0.0
  com.unity.modules.vr@1.0.0
  com.unity.modules.wind@1.0.0
  com.unity.modules.xr@1.0.0
  com.unity.test-framework@1.1.24
  com.unity.textmeshpro@3.0.6
  com.unity.timeline@1.4.8
  com.unity.ugui@1.0.0

=== Sun Dec  1 18:09:20 2024

Packages were changed.
Update Mode: updateDependencies

The following packages were added:
  com.unity.ai.navigation@1.1.5
The following packages were updated:
  com.unity.collab-proxy from version 1.5.7 to 2.3.1
  com.unity.ide.rider from version 2.0.7 to 3.0.28
  com.unity.ide.visualstudio from version 2.0.8 to 2.0.22
  com.unity.ide.vscode from version 1.2.3 to 1.2.5
  com.unity.render-pipelines.universal from version 10.5.1 to 14.0.11
  com.unity.test-framework from version 1.1.24 to 1.1.33
  com.unity.timeline from version 1.4.8 to 1.7.6

=== Sun Dec  1 18:56:11 2024

Packages were changed.
Update Mode: updateDependencies

The following packages were updated:
  com.unity.burst from version 1.8.4 to 1.8.13
  com.unity.cinemachine from version 2.9.5 to 2.10.0
  com.unity.ide.rider from version 3.0.21 to 3.0.28
  com.unity.ide.visualstudio from version 2.0.18 to 2.0.22
  com.unity.inputsystem from version 1.5.1 to 1.7.0
  com.unity.render-pipelines.core from version 14.0.7 to 14.0.11
  com.unity.render-pipelines.universal from version 14.0.7 to 14.0.11
  com.unity.shadergraph from version 14.0.7 to 14.0.11
  com.unity.timeline from version 1.7.4 to 1.7.6
  com.unity.visualscripting from version 1.8.0 to 1.9.4

=== Sun Dec  1 18:56:11 2024

Packages were changed.
Update Mode: mergeDefaultDependencies

The following packages were added:
  com.unity.burst@1.8.13
  com.unity.cinemachine@2.10.0
  com.unity.ext.nunit@1.0.6
  com.unity.inputsystem@1.7.0
  com.unity.mathematics@1.2.6
  com.unity.render-pipelines.core@14.0.11
  com.unity.searcher@4.9.2
  com.unity.shadergraph@14.0.11
  com.unity.visualscripting@1.9.4
  com.unity.modules.subsystems@1.0.0
The following packages were updated:
  com.unity.collab-proxy from version 2.3.1 to 2.5.1

=== Sun Dec  1 19:00:49 2024

Packages were changed.
Update Mode: updateDependencies

The following packages were updated:
  com.unity.burst from version 1.8.4 to 1.8.13
  com.unity.cinemachine from version 2.9.5 to 2.10.0
  com.unity.ide.rider from version 3.0.21 to 3.0.28
  com.unity.ide.visualstudio from version 2.0.18 to 2.0.22
  com.unity.inputsystem from version 1.5.1 to 1.7.0
  com.unity.render-pipelines.core from version 14.0.7 to 14.0.11
  com.unity.render-pipelines.universal from version 14.0.7 to 14.0.11
  com.unity.shadergraph from version 14.0.7 to 14.0.11
  com.unity.timeline from version 1.7.4 to 1.7.6
  com.unity.visualscripting from version 1.8.0 to 1.9.4

=== Sun Dec  1 19:01:36 2024

Packages were changed.
Update Mode: updateDependencies

The following packages were updated:
  com.unity.burst from version 1.8.4 to 1.8.13
  com.unity.cinemachine from version 2.9.5 to 2.10.0
  com.unity.ide.rider from version 3.0.21 to 3.0.28
  com.unity.ide.visualstudio from version 2.0.18 to 2.0.22
  com.unity.inputsystem from version 1.5.1 to 1.7.0
  com.unity.render-pipelines.core from version 14.0.7 to 14.0.11
  com.unity.render-pipelines.universal from version 14.0.7 to 14.0.11
  com.unity.shadergraph from version 14.0.7 to 14.0.11
  com.unity.timeline from version 1.7.4 to 1.7.6
  com.unity.visualscripting from version 1.8.0 to 1.9.4

=== Sun Dec  1 19:33:30 2024

Packages were changed.
Update Mode: updateDependencies

The following packages were updated:
  com.unity.burst from version 1.8.4 to 1.8.13
  com.unity.cinemachine from version 2.9.5 to 2.10.0
  com.unity.ide.rider from version 3.0.21 to 3.0.28
  com.unity.ide.visualstudio from version 2.0.18 to 2.0.22
  com.unity.inputsystem from version 1.5.1 to 1.7.0
  com.unity.render-pipelines.core from version 14.0.7 to 14.0.11
  com.unity.render-pipelines.universal from version 14.0.7 to 14.0.11
  com.unity.shadergraph from version 14.0.7 to 14.0.11
  com.unity.timeline from version 1.7.4 to 1.7.6
  com.unity.visualscripting from version 1.8.0 to 1.9.4

=== Sun Dec  1 19:33:36 2024

Packages were changed.
Update Mode: updateDependencies

The following packages were updated:
  com.unity.burst from version 1.8.4 to 1.8.13
  com.unity.cinemachine from version 2.9.5 to 2.10.0
  com.unity.ide.rider from version 3.0.21 to 3.0.28
  com.unity.ide.visualstudio from version 2.0.18 to 2.0.22
  com.unity.inputsystem from version 1.5.1 to 1.7.0
  com.unity.render-pipelines.core from version 14.0.7 to 14.0.11
  com.unity.render-pipelines.universal from version 14.0.7 to 14.0.11
  com.unity.shadergraph from version 14.0.7 to 14.0.11
  com.unity.timeline from version 1.7.4 to 1.7.6
  com.unity.visualscripting from version 1.8.0 to 1.9.4

=== Wed Dec 11 19:46:50 2024

Packages were changed.
Update Mode: updateDependencies

The following packages were added:
  com.unity.modules.accessibility@1.0.0
  com.unity.multiplayer.center@1.0.0
The following packages were updated:
  com.unity.ai.navigation from version 1.1.5 to 2.0.5
  com.unity.burst from version 1.8.13 to 1.8.18
  com.unity.cinemachine from version 2.10.0 to 2.10.3
  com.unity.collab-proxy from version 2.5.1 to 2.5.2
  com.unity.ext.nunit from version 1.0.6 to 2.0.5
  com.unity.ide.rider from version 3.0.28 to 3.0.31
  com.unity.inputsystem from version 1.7.0 to 1.11.2
  com.unity.mathematics from version 1.2.6 to 1.3.2
  com.unity.render-pipelines.core from version 14.0.11 to 17.0.3
  com.unity.render-pipelines.universal from version 14.0.11 to 17.0.3
  com.unity.shadergraph from version 14.0.11 to 17.0.3
  com.unity.test-framework from version 1.1.33 to 1.4.5
  com.unity.timeline from version 1.7.6 to 1.8.7
  com.unity.ugui from version 1.0.0 to 2.0.0
  com.unity.visualscripting from version 1.9.4 to 1.9.5
The following packages were removed:
  com.unity.textmeshpro@3.0.6
